#
# A fatal error has been detected by the Java Runtime Environment:
#
#  EXCEPTION_IN_PAGE_ERROR (0xc0000006) at pc=0x00000000041c5ff7, pid=7884, tid=8084
#
# JRE version: Java(TM) SE Runtime Environment (8.0_60-b27) (build 1.8.0_60-b27)
# Java VM: Java HotSpot(TM) 64-Bit Server VM (25.60-b23 mixed mode windows-amd64 compressed oops)
# Problematic frame:
# J 7107 C2 org.apache.lucene.store.MMapDirectory$MMapIndexInput.readByte()B (98 bytes) @ 0x00000000041c5ff7 [0x00000000041c5fa0+0x57]
#
# Failed to write core dump. Minidumps are not enabled by default on client versions of Windows
#
# If you would like to submit a bug report, please visit:
#   http://bugreport.java.com/bugreport/crash.jsp
#

---------------  T H R E A D  ---------------

Current thread (0x000000001af36000):  JavaThread "EventAdmin Async Event Dispatcher Thread" daemon [_thread_in_Java, id=8084, stack(0x0000000028750000,0x0000000028850000)]

siginfo: ExceptionCode=0xc0000006, ExceptionInformation=0x0000000000000000 0x000000002bad248c 0x00000000c0000098 

Registers:
RAX=0x000000002831f978, RBX=0x000000002831f978, RCX=0x00000000c9c62fa8, RDX=0x00000000c9c62fa8
RSP=0x000000002884df10, RBP=0x00000000011edfcb, RSI=0x00000000c9c63858, RDI=0x0000000000000000
R8 =0x00000000c9c63008, R9 =0x000000000088248c, R10=0x000000000088248c, R11=0x000000002b250000
R12=0x0000000000000000, R13=0x000000002884df58, R14=0x000000002b12f670, R15=0x000000001af36000
RIP=0x00000000041c5ff7, EFLAGS=0x0000000000010283

Top of Stack: (sp=0x000000002884df10)
0x000000002884df10:   000000002884df10 000000002b12b05e
0x000000002884df20:   000000002884df70 000000002b12d5b0
0x000000002884df30:   000000002b130738 000000002b12b098
0x000000002884df40:   000000002884dfa0 00000000031e74c0
0x000000002884df50:   00000000031e74c0 00000000c9c62fa8
0x000000002884df60:   000000002884df60 000000002831e421
0x000000002884df70:   000000002884dfc0 00000000283997c0
0x000000002884df80:   000000002b12f670 000000002831e4e8
0x000000002884df90:   000000002884df58 000000002884dfc0
0x000000002884dfa0:   000000002884e008 00000000031e7730
0x000000002884dfb0:   0000000000000000 0000000000000000
0x000000002884dfc0:   00000000c9c62fa8 000000002884dfc8
0x000000002884dfd0:   0000000028458c4e 000000002884e040
0x000000002884dfe0:   0000000028459250 000000002b132908
0x000000002884dff0:   0000000028458d68 000000002884dfc0
0x000000002884e000:   000000002884e030 000000002884e088 

Instructions: (pc=0x00000000041c5ff7)
0x00000000041c5fd7:   41 81 fa 72 71 10 20 75 2f 4d 8b c3 45 8b 48 18
0x00000000041c5fe7:   41 8b 68 1c 44 3b cd 7d 31 4d 8b 58 10 4d 63 d1
0x00000000041c5ff7:   43 0f be 04 13 41 ff c1 45 89 48 18 48 83 c4 30
0x00000000041c6007:   5d 85 05 f2 9f be fe c3 ba de ff ff ff 48 8b e9 


Register to memory mapping:

RAX={method} {0x000000002831f980} 'readByte' '()B' in 'org/apache/lucene/store/MMapDirectory$MMapIndexInput'
RBX={method} {0x000000002831f980} 'readByte' '()B' in 'org/apache/lucene/store/MMapDirectory$MMapIndexInput'
RCX=0x00000000c9c62fa8 is an oop
org.apache.lucene.store.MMapDirectory$MMapIndexInput 
 - klass: 'org/apache/lucene/store/MMapDirectory$MMapIndexInput'
RDX=0x00000000c9c62fa8 is an oop
org.apache.lucene.store.MMapDirectory$MMapIndexInput 
 - klass: 'org/apache/lucene/store/MMapDirectory$MMapIndexInput'
RSP=0x000000002884df10 is pointing into the stack for thread: 0x000000001af36000
RBP=0x00000000011edfcb is an unknown value
RSI=0x00000000c9c63858 is an oop
org.apache.lucene.index.Term 
 - klass: 'org/apache/lucene/index/Term'
RDI=0x0000000000000000 is an unknown value
R8 =0x00000000c9c63008 is an oop
java.nio.DirectByteBufferR 
 - klass: 'java/nio/DirectByteBufferR'
R9 =0x000000000088248c is an unknown value
R10=0x000000000088248c is an unknown value
R11=0x000000002b250000 is an unknown value
R12=0x0000000000000000 is an unknown value
R13=0x000000002884df58 is pointing into the stack for thread: 0x000000001af36000
R14=0x000000002b12f670 is pointing into metadata
R15=0x000000001af36000 is a thread


Stack: [0x0000000028750000,0x0000000028850000],  sp=0x000000002884df10,  free space=1015k
Native frames: (J=compiled Java code, j=interpreted, Vv=VM code, C=native code)
C  0x00000000041c5ff7


---------------  P R O C E S S  ---------------

Java Threads: ( => current thread )
  0x000000001bda3800 JavaThread "Worker-19" [_thread_blocked, id=9992, stack(0x000000002f310000,0x000000002f410000)]
  0x000000001bda2800 JavaThread "Worker-18" [_thread_blocked, id=7960, stack(0x000000002f210000,0x000000002f310000)]
  0x000000001af3d000 JavaThread "Worker-17" [_thread_blocked, id=7224, stack(0x000000002f110000,0x000000002f210000)]
  0x000000001af34800 JavaThread "Worker-16" [_thread_blocked, id=9440, stack(0x000000002f010000,0x000000002f110000)]
  0x000000001bd9e000 JavaThread "Provisioning Event Dispatcher" daemon [_thread_blocked, id=7500, stack(0x000000002eb10000,0x000000002ec10000)]
  0x000000001af3a000 JavaThread "Worker-12" [_thread_blocked, id=9876, stack(0x000000002dff0000,0x000000002e0f0000)]
  0x000000001af39000 JavaThread "Worker-11" [_thread_blocked, id=8692, stack(0x000000002def0000,0x000000002dff0000)]
  0x000000001af30000 JavaThread "Worker-10" [_thread_blocked, id=4428, stack(0x000000002ddf0000,0x000000002def0000)]
  0x000000001af31000 JavaThread "[ThreadPool Manager] - Idle Thread" daemon [_thread_blocked, id=748, stack(0x000000002d1a0000,0x000000002d2a0000)]
  0x000000001af34000 JavaThread "Thread-5" [_thread_blocked, id=5844, stack(0x000000002c950000,0x000000002ca50000)]
=>0x000000001af36000 JavaThread "EventAdmin Async Event Dispatcher Thread" daemon [_thread_in_Java, id=8084, stack(0x0000000028750000,0x0000000028850000)]
  0x000000001b244000 JavaThread "Bundle File Closer" daemon [_thread_blocked, id=4488, stack(0x0000000026b80000,0x0000000026c80000)]
  0x000000001b243800 JavaThread "Worker-3" [_thread_blocked, id=4756, stack(0x0000000025ff0000,0x00000000260f0000)]
  0x000000001b242000 JavaThread "Worker-2" [_thread_blocked, id=2336, stack(0x0000000025d30000,0x0000000025e30000)]
  0x000000001b242800 JavaThread "Java indexing" daemon [_thread_blocked, id=6116, stack(0x0000000025c30000,0x0000000025d30000)]
  0x000000001b2bb000 JavaThread "EMF Reference Cleaner" daemon [_thread_blocked, id=8468, stack(0x000000001cbe0000,0x000000001cce0000)]
  0x000000001b3c1800 JavaThread "Worker-JM" [_thread_blocked, id=9720, stack(0x000000001cae0000,0x000000001cbe0000)]
  0x000000001b2cb000 JavaThread "[Timer] - Main Queue Handler" daemon [_thread_blocked, id=724, stack(0x000000001c440000,0x000000001c540000)]
  0x000000001a3c9800 JavaThread "Start Level: Equinox Container: 209565f5-0c13-0017-129b-a094d06a5189" daemon [_thread_blocked, id=4440, stack(0x000000001c030000,0x000000001c130000)]
  0x000000001a264800 JavaThread "Framework Event Dispatcher: org.eclipse.osgi.internal.framework.EquinoxEventPublisher@214894fc" daemon [_thread_blocked, id=4056, stack(0x000000001bf30000,0x000000001c030000)]
  0x0000000019f2b800 JavaThread "Active Thread: Equinox Container: 209565f5-0c13-0017-129b-a094d06a5189" [_thread_blocked, id=10156, stack(0x000000001be30000,0x000000001bf30000)]
  0x0000000018e6a000 JavaThread "Service Thread" daemon [_thread_blocked, id=320, stack(0x0000000019a40000,0x0000000019b40000)]
  0x0000000018deb800 JavaThread "C1 CompilerThread2" daemon [_thread_blocked, id=8904, stack(0x0000000019940000,0x0000000019a40000)]
  0x0000000018d9a000 JavaThread "C2 CompilerThread1" daemon [_thread_blocked, id=5064, stack(0x0000000019840000,0x0000000019940000)]
  0x0000000018d97800 JavaThread "C2 CompilerThread0" daemon [_thread_blocked, id=3512, stack(0x0000000019740000,0x0000000019840000)]
  0x0000000018de3000 JavaThread "Attach Listener" daemon [_thread_blocked, id=8732, stack(0x0000000019640000,0x0000000019740000)]
  0x0000000018d92800 JavaThread "Signal Dispatcher" daemon [_thread_blocked, id=1628, stack(0x0000000019540000,0x0000000019640000)]
  0x0000000018dde800 JavaThread "Surrogate Locker Thread (Concurrent GC)" daemon [_thread_blocked, id=7776, stack(0x0000000019440000,0x0000000019540000)]
  0x00000000180fe000 JavaThread "Finalizer" daemon [_thread_blocked, id=8616, stack(0x0000000019230000,0x0000000019330000)]
  0x0000000018d73000 JavaThread "Reference Handler" daemon [_thread_blocked, id=5648, stack(0x0000000019130000,0x0000000019230000)]
  0x00000000030e1000 JavaThread "main" [_thread_in_native, id=7160, stack(0x0000000002f40000,0x0000000003040000)]

Other Threads:
  0x00000000180fd000 VMThread [stack: 0x0000000019030000,0x0000000019130000] [id=9108]
  0x0000000018e7b800 WatcherThread [stack: 0x0000000019b40000,0x0000000019c40000] [id=5248]

VM state:not at safepoint (normal execution)

VM Mutex/Monitor currently owned by a thread: None

Heap:
 garbage-first heap   total 262144K, used 166912K [0x00000000c0000000, 0x00000000c0100800, 0x0000000100000000)
  region size 1024K, 100 young (102400K), 2 survivors (2048K)
 Metaspace       used 91157K, capacity 99136K, committed 99356K, reserved 1134592K
  class space    used 11079K, capacity 13593K, committed 13596K, reserved 1048576K

Heap Regions: (Y=young(eden), SU=young(survivor), HS=humongous(starts), HC=humongous(continues), CS=collection set, F=free, TS=gc time stamp, PTAMS=previous top-at-mark-start, NTAMS=next top-at-mark-start)
AC   0  O    TS     0 PTAMS 0x00000000c0100000 NTAMS 0x00000000c0100000 space 1024K, 100% used [0x00000000c0000000, 0x00000000c0100000)
AC   0  O    TS     0 PTAMS 0x00000000c0200000 NTAMS 0x00000000c0200000 space 1024K, 100% used [0x00000000c0100000, 0x00000000c0200000)
AC   0  O    TS     0 PTAMS 0x00000000c0300000 NTAMS 0x00000000c0300000 space 1024K, 100% used [0x00000000c0200000, 0x00000000c0300000)
AC   0  O    TS     0 PTAMS 0x00000000c0400000 NTAMS 0x00000000c0400000 space 1024K, 100% used [0x00000000c0300000, 0x00000000c0400000)
AC   0  O    TS     0 PTAMS 0x00000000c0500000 NTAMS 0x00000000c0500000 space 1024K, 100% used [0x00000000c0400000, 0x00000000c0500000)
AC   0  O    TS     0 PTAMS 0x00000000c0600000 NTAMS 0x00000000c0600000 space 1024K, 100% used [0x00000000c0500000, 0x00000000c0600000)
AC   0  O    TS     0 PTAMS 0x00000000c0700000 NTAMS 0x00000000c0700000 space 1024K, 100% used [0x00000000c0600000, 0x00000000c0700000)
AC   0  O    TS     0 PTAMS 0x00000000c0800000 NTAMS 0x00000000c0800000 space 1024K, 100% used [0x00000000c0700000, 0x00000000c0800000)
AC   0  O    TS     0 PTAMS 0x00000000c0900000 NTAMS 0x00000000c0900000 space 1024K, 100% used [0x00000000c0800000, 0x00000000c0900000)
AC   0  O    TS     0 PTAMS 0x00000000c0a00000 NTAMS 0x00000000c0a00000 space 1024K, 100% used [0x00000000c0900000, 0x00000000c0a00000)
AC   0  O    TS     0 PTAMS 0x00000000c0b00000 NTAMS 0x00000000c0b00000 space 1024K, 100% used [0x00000000c0a00000, 0x00000000c0b00000)
AC   0  O    TS     0 PTAMS 0x00000000c0c00000 NTAMS 0x00000000c0c00000 space 1024K, 100% used [0x00000000c0b00000, 0x00000000c0c00000)
AC   0  O    TS     0 PTAMS 0x00000000c0d00000 NTAMS 0x00000000c0d00000 space 1024K, 100% used [0x00000000c0c00000, 0x00000000c0d00000)
AC   0  O    TS     0 PTAMS 0x00000000c0e00000 NTAMS 0x00000000c0e00000 space 1024K, 100% used [0x00000000c0d00000, 0x00000000c0e00000)
AC   0  O    TS     0 PTAMS 0x00000000c0f00000 NTAMS 0x00000000c0f00000 space 1024K, 100% used [0x00000000c0e00000, 0x00000000c0f00000)
AC   0  O    TS     0 PTAMS 0x00000000c1000000 NTAMS 0x00000000c1000000 space 1024K, 100% used [0x00000000c0f00000, 0x00000000c1000000)
AC   0  F    TS     0 PTAMS 0x00000000c1000000 NTAMS 0x00000000c1000000 space 1024K,   0% used [0x00000000c1000000, 0x00000000c1100000)
AC   0  F    TS     0 PTAMS 0x00000000c1100000 NTAMS 0x00000000c1100000 space 1024K,   0% used [0x00000000c1100000, 0x00000000c1200000)
AC   0  F    TS     0 PTAMS 0x00000000c1200000 NTAMS 0x00000000c1200000 space 1024K,   0% used [0x00000000c1200000, 0x00000000c1300000)
AC   0  F    TS     0 PTAMS 0x00000000c1300000 NTAMS 0x00000000c1300000 space 1024K,   0% used [0x00000000c1300000, 0x00000000c1400000)
AC   0  F    TS     0 PTAMS 0x00000000c1400000 NTAMS 0x00000000c1400000 space 1024K,   0% used [0x00000000c1400000, 0x00000000c1500000)
AC   0  O    TS     0 PTAMS 0x00000000c1600000 NTAMS 0x00000000c1600000 space 1024K, 100% used [0x00000000c1500000, 0x00000000c1600000)
AC   0  F    TS     0 PTAMS 0x00000000c1600000 NTAMS 0x00000000c1600000 space 1024K,   0% used [0x00000000c1600000, 0x00000000c1700000)
AC   0  F    TS     0 PTAMS 0x00000000c1700000 NTAMS 0x00000000c1700000 space 1024K,   0% used [0x00000000c1700000, 0x00000000c1800000)
AC   0  O    TS     0 PTAMS 0x00000000c1900000 NTAMS 0x00000000c1900000 space 1024K, 100% used [0x00000000c1800000, 0x00000000c1900000)
AC   0  F    TS     0 PTAMS 0x00000000c1900000 NTAMS 0x00000000c1900000 space 1024K,   0% used [0x00000000c1900000, 0x00000000c1a00000)
AC   0  F    TS     0 PTAMS 0x00000000c1a00000 NTAMS 0x00000000c1a00000 space 1024K,   0% used [0x00000000c1a00000, 0x00000000c1b00000)
AC   0  F    TS     0 PTAMS 0x00000000c1b00000 NTAMS 0x00000000c1b00000 space 1024K,   0% used [0x00000000c1b00000, 0x00000000c1c00000)
AC   0  F    TS     0 PTAMS 0x00000000c1c00000 NTAMS 0x00000000c1c00000 space 1024K,   0% used [0x00000000c1c00000, 0x00000000c1d00000)
AC   0  F    TS     0 PTAMS 0x00000000c1d00000 NTAMS 0x00000000c1d00000 space 1024K,   0% used [0x00000000c1d00000, 0x00000000c1e00000)
AC   0  F    TS     0 PTAMS 0x00000000c1e00000 NTAMS 0x00000000c1e00000 space 1024K,   0% used [0x00000000c1e00000, 0x00000000c1f00000)
AC   0  F    TS     0 PTAMS 0x00000000c1f00000 NTAMS 0x00000000c1f00000 space 1024K,   0% used [0x00000000c1f00000, 0x00000000c2000000)
AC   0  F    TS     0 PTAMS 0x00000000c2000000 NTAMS 0x00000000c2000000 space 1024K,   0% used [0x00000000c2000000, 0x00000000c2100000)
AC   0  O    TS     0 PTAMS 0x00000000c2200000 NTAMS 0x00000000c2200000 space 1024K, 100% used [0x00000000c2100000, 0x00000000c2200000)
AC   0  O    TS     0 PTAMS 0x00000000c2300000 NTAMS 0x00000000c2300000 space 1024K, 100% used [0x00000000c2200000, 0x00000000c2300000)
AC   0  O    TS     0 PTAMS 0x00000000c2400000 NTAMS 0x00000000c2400000 space 1024K, 100% used [0x00000000c2300000, 0x00000000c2400000)
AC   0  O    TS     0 PTAMS 0x00000000c2500000 NTAMS 0x00000000c2500000 space 1024K, 100% used [0x00000000c2400000, 0x00000000c2500000)
AC   0  O    TS     0 PTAMS 0x00000000c2600000 NTAMS 0x00000000c2600000 space 1024K, 100% used [0x00000000c2500000, 0x00000000c2600000)
AC   0  O    TS     0 PTAMS 0x00000000c2700000 NTAMS 0x00000000c2700000 space 1024K, 100% used [0x00000000c2600000, 0x00000000c2700000)
AC   0  O    TS     0 PTAMS 0x00000000c2800000 NTAMS 0x00000000c2800000 space 1024K, 100% used [0x00000000c2700000, 0x00000000c2800000)
AC   0  O    TS     0 PTAMS 0x00000000c2900000 NTAMS 0x00000000c2900000 space 1024K, 100% used [0x00000000c2800000, 0x00000000c2900000)
AC   0  O    TS     0 PTAMS 0x00000000c2a00000 NTAMS 0x00000000c2a00000 space 1024K, 100% used [0x00000000c2900000, 0x00000000c2a00000)
AC   0  O    TS     0 PTAMS 0x00000000c2b00000 NTAMS 0x00000000c2b00000 space 1024K, 100% used [0x00000000c2a00000, 0x00000000c2b00000)
AC   0  O    TS     0 PTAMS 0x00000000c2c00000 NTAMS 0x00000000c2c00000 space 1024K, 100% used [0x00000000c2b00000, 0x00000000c2c00000)
AC   0  O    TS     0 PTAMS 0x00000000c2d00000 NTAMS 0x00000000c2d00000 space 1024K, 100% used [0x00000000c2c00000, 0x00000000c2d00000)
AC   0  O    TS     0 PTAMS 0x00000000c2e00000 NTAMS 0x00000000c2e00000 space 1024K, 100% used [0x00000000c2d00000, 0x00000000c2e00000)
AC   0  O    TS     0 PTAMS 0x00000000c2f00000 NTAMS 0x00000000c2f00000 space 1024K, 100% used [0x00000000c2e00000, 0x00000000c2f00000)
AC   0  O    TS     0 PTAMS 0x00000000c3000000 NTAMS 0x00000000c3000000 space 1024K, 100% used [0x00000000c2f00000, 0x00000000c3000000)
AC   0  O    TS     0 PTAMS 0x00000000c3100000 NTAMS 0x00000000c3100000 space 1024K, 100% used [0x00000000c3000000, 0x00000000c3100000)
AC   0  O    TS     0 PTAMS 0x00000000c3200000 NTAMS 0x00000000c3200000 space 1024K, 100% used [0x00000000c3100000, 0x00000000c3200000)
AC   0  O    TS     0 PTAMS 0x00000000c3300000 NTAMS 0x00000000c3300000 space 1024K, 100% used [0x00000000c3200000, 0x00000000c3300000)
AC   0  O    TS     0 PTAMS 0x00000000c3400000 NTAMS 0x00000000c3400000 space 1024K, 100% used [0x00000000c3300000, 0x00000000c3400000)
AC   0  F    TS     0 PTAMS 0x00000000c3400000 NTAMS 0x00000000c3400000 space 1024K,   0% used [0x00000000c3400000, 0x00000000c3500000)
AC   0  F    TS     0 PTAMS 0x00000000c3500000 NTAMS 0x00000000c3500000 space 1024K,   0% used [0x00000000c3500000, 0x00000000c3600000)
AC   0  F    TS     0 PTAMS 0x00000000c3600000 NTAMS 0x00000000c3600000 space 1024K,   0% used [0x00000000c3600000, 0x00000000c3700000)
AC   0 HS    TS     0 PTAMS 0x00000000c3780010 NTAMS 0x00000000c3780010 space 1024K,  50% used [0x00000000c3700000, 0x00000000c3800000)
AC   0  F    TS     0 PTAMS 0x00000000c3800000 NTAMS 0x00000000c3800000 space 1024K,   0% used [0x00000000c3800000, 0x00000000c3900000)
AC   0  F    TS     0 PTAMS 0x00000000c3900000 NTAMS 0x00000000c3900000 space 1024K,   0% used [0x00000000c3900000, 0x00000000c3a00000)
AC   0  F    TS     0 PTAMS 0x00000000c3a00000 NTAMS 0x00000000c3a00000 space 1024K,   0% used [0x00000000c3a00000, 0x00000000c3b00000)
AC   0  F    TS     0 PTAMS 0x00000000c3b00000 NTAMS 0x00000000c3b00000 space 1024K,   0% used [0x00000000c3b00000, 0x00000000c3c00000)
AC   0  F    TS     0 PTAMS 0x00000000c3c00000 NTAMS 0x00000000c3c00000 space 1024K,   0% used [0x00000000c3c00000, 0x00000000c3d00000)
AC   0  F    TS     0 PTAMS 0x00000000c3d00000 NTAMS 0x00000000c3d00000 space 1024K,   0% used [0x00000000c3d00000, 0x00000000c3e00000)
AC   0  O    TS     0 PTAMS 0x00000000c3f00000 NTAMS 0x00000000c3f00000 space 1024K, 100% used [0x00000000c3e00000, 0x00000000c3f00000)
AC   0  O    TS     0 PTAMS 0x00000000c4000000 NTAMS 0x00000000c4000000 space 1024K, 100% used [0x00000000c3f00000, 0x00000000c4000000)
AC   0  O    TS     0 PTAMS 0x00000000c4100000 NTAMS 0x00000000c4100000 space 1024K, 100% used [0x00000000c4000000, 0x00000000c4100000)
AC   0  O    TS     0 PTAMS 0x00000000c4200000 NTAMS 0x00000000c4200000 space 1024K, 100% used [0x00000000c4100000, 0x00000000c4200000)
AC   0  O    TS     0 PTAMS 0x00000000c4300000 NTAMS 0x00000000c4300000 space 1024K, 100% used [0x00000000c4200000, 0x00000000c4300000)
AC   0  O    TS     0 PTAMS 0x00000000c4400000 NTAMS 0x00000000c4400000 space 1024K, 100% used [0x00000000c4300000, 0x00000000c4400000)
AC   0  O    TS     0 PTAMS 0x00000000c4500000 NTAMS 0x00000000c4500000 space 1024K, 100% used [0x00000000c4400000, 0x00000000c4500000)
AC   0  O    TS     0 PTAMS 0x00000000c4600000 NTAMS 0x00000000c4600000 space 1024K, 100% used [0x00000000c4500000, 0x00000000c4600000)
AC   0  O    TS     0 PTAMS 0x00000000c4700000 NTAMS 0x00000000c4700000 space 1024K, 100% used [0x00000000c4600000, 0x00000000c4700000)
AC   0  O    TS     0 PTAMS 0x00000000c4800000 NTAMS 0x00000000c4800000 space 1024K, 100% used [0x00000000c4700000, 0x00000000c4800000)
AC   0  O    TS     0 PTAMS 0x00000000c4900000 NTAMS 0x00000000c4900000 space 1024K, 100% used [0x00000000c4800000, 0x00000000c4900000)
AC   0  O    TS     0 PTAMS 0x00000000c4a00000 NTAMS 0x00000000c4a00000 space 1024K, 100% used [0x00000000c4900000, 0x00000000c4a00000)
AC   0  O    TS     0 PTAMS 0x00000000c4b00000 NTAMS 0x00000000c4b00000 space 1024K, 100% used [0x00000000c4a00000, 0x00000000c4b00000)
AC   0  O    TS     0 PTAMS 0x00000000c4c00000 NTAMS 0x00000000c4c00000 space 1024K, 100% used [0x00000000c4b00000, 0x00000000c4c00000)
AC   0  O    TS     0 PTAMS 0x00000000c4d00000 NTAMS 0x00000000c4d00000 space 1024K, 100% used [0x00000000c4c00000, 0x00000000c4d00000)
AC   0  O    TS     0 PTAMS 0x00000000c4e00000 NTAMS 0x00000000c4e00000 space 1024K, 100% used [0x00000000c4d00000, 0x00000000c4e00000)
AC   0  O    TS     0 PTAMS 0x00000000c4f00000 NTAMS 0x00000000c4f00000 space 1024K, 100% used [0x00000000c4e00000, 0x00000000c4f00000)
AC   0  O    TS     0 PTAMS 0x00000000c5000000 NTAMS 0x00000000c5000000 space 1024K, 100% used [0x00000000c4f00000, 0x00000000c5000000)
AC   0  O    TS     0 PTAMS 0x00000000c5100000 NTAMS 0x00000000c5100000 space 1024K, 100% used [0x00000000c5000000, 0x00000000c5100000)
AC   0  O    TS     0 PTAMS 0x00000000c5200000 NTAMS 0x00000000c5200000 space 1024K, 100% used [0x00000000c5100000, 0x00000000c5200000)
AC   0  O    TS     0 PTAMS 0x00000000c5300000 NTAMS 0x00000000c5300000 space 1024K, 100% used [0x00000000c5200000, 0x00000000c5300000)
AC   0  O    TS     0 PTAMS 0x00000000c5400000 NTAMS 0x00000000c5400000 space 1024K, 100% used [0x00000000c5300000, 0x00000000c5400000)
AC   0  O    TS     0 PTAMS 0x00000000c5500000 NTAMS 0x00000000c5500000 space 1024K, 100% used [0x00000000c5400000, 0x00000000c5500000)
AC   0  O    TS     0 PTAMS 0x00000000c5600000 NTAMS 0x00000000c5600000 space 1024K, 100% used [0x00000000c5500000, 0x00000000c5600000)
AC   0  O    TS     0 PTAMS 0x00000000c5700000 NTAMS 0x00000000c5700000 space 1024K, 100% used [0x00000000c5600000, 0x00000000c5700000)
AC   0  O    TS     0 PTAMS 0x00000000c5800000 NTAMS 0x00000000c5800000 space 1024K, 100% used [0x00000000c5700000, 0x00000000c5800000)
AC   0  O    TS     0 PTAMS 0x00000000c5880008 NTAMS 0x00000000c5880008 space 1024K,  50% used [0x00000000c5800000, 0x00000000c5900000)
AC   0  F    TS     0 PTAMS 0x00000000c5900000 NTAMS 0x00000000c5900000 space 1024K,   0% used [0x00000000c5900000, 0x00000000c5a00000)
AC   0  F    TS     0 PTAMS 0x00000000c5a00000 NTAMS 0x00000000c5a00000 space 1024K,   0% used [0x00000000c5a00000, 0x00000000c5b00000)
AC   0  F    TS     0 PTAMS 0x00000000c5b00000 NTAMS 0x00000000c5b00000 space 1024K,   0% used [0x00000000c5b00000, 0x00000000c5c00000)
AC   0  F    TS     0 PTAMS 0x00000000c5c00000 NTAMS 0x00000000c5c00000 space 1024K,   0% used [0x00000000c5c00000, 0x00000000c5d00000)
AC   0  F    TS     0 PTAMS 0x00000000c5d00000 NTAMS 0x00000000c5d00000 space 1024K,   0% used [0x00000000c5d00000, 0x00000000c5e00000)
AC   0  F    TS     0 PTAMS 0x00000000c5e00000 NTAMS 0x00000000c5e00000 space 1024K,   0% used [0x00000000c5e00000, 0x00000000c5f00000)
AC   0  F    TS     0 PTAMS 0x00000000c5f00000 NTAMS 0x00000000c5f00000 space 1024K,   0% used [0x00000000c5f00000, 0x00000000c6000000)
AC   0  F    TS     0 PTAMS 0x00000000c6000000 NTAMS 0x00000000c6000000 space 1024K,   0% used [0x00000000c6000000, 0x00000000c6100000)
AC   0  F    TS     0 PTAMS 0x00000000c6100000 NTAMS 0x00000000c6100000 space 1024K,   0% used [0x00000000c6100000, 0x00000000c6200000)
AC   0  F    TS     0 PTAMS 0x00000000c6200000 NTAMS 0x00000000c6200000 space 1024K,   0% used [0x00000000c6200000, 0x00000000c6300000)
AC   0  F    TS     0 PTAMS 0x00000000c6300000 NTAMS 0x00000000c6300000 space 1024K,   0% used [0x00000000c6300000, 0x00000000c6400000)
AC   0  F    TS     0 PTAMS 0x00000000c6400000 NTAMS 0x00000000c6400000 space 1024K,   0% used [0x00000000c6400000, 0x00000000c6500000)
AC   0  F    TS     0 PTAMS 0x00000000c6500000 NTAMS 0x00000000c6500000 space 1024K,   0% used [0x00000000c6500000, 0x00000000c6600000)
AC   0  F    TS     0 PTAMS 0x00000000c6600000 NTAMS 0x00000000c6600000 space 1024K,   0% used [0x00000000c6600000, 0x00000000c6700000)
AC   0  F    TS     0 PTAMS 0x00000000c6700000 NTAMS 0x00000000c6700000 space 1024K,   0% used [0x00000000c6700000, 0x00000000c6800000)
AC   0  F    TS     0 PTAMS 0x00000000c6800000 NTAMS 0x00000000c6800000 space 1024K,   0% used [0x00000000c6800000, 0x00000000c6900000)
AC   0  F    TS     0 PTAMS 0x00000000c6900000 NTAMS 0x00000000c6900000 space 1024K,   0% used [0x00000000c6900000, 0x00000000c6a00000)
AC   0  F    TS     0 PTAMS 0x00000000c6a00000 NTAMS 0x00000000c6a00000 space 1024K,   0% used [0x00000000c6a00000, 0x00000000c6b00000)
AC   0  F    TS     0 PTAMS 0x00000000c6b00000 NTAMS 0x00000000c6b00000 space 1024K,   0% used [0x00000000c6b00000, 0x00000000c6c00000)
AC   0  F    TS     0 PTAMS 0x00000000c6c00000 NTAMS 0x00000000c6c00000 space 1024K,   0% used [0x00000000c6c00000, 0x00000000c6d00000)
AC   0  F    TS     0 PTAMS 0x00000000c6d00000 NTAMS 0x00000000c6d00000 space 1024K,   0% used [0x00000000c6d00000, 0x00000000c6e00000)
AC   0  F    TS     0 PTAMS 0x00000000c6e00000 NTAMS 0x00000000c6e00000 space 1024K,   0% used [0x00000000c6e00000, 0x00000000c6f00000)
AC   0  F    TS     0 PTAMS 0x00000000c6f00000 NTAMS 0x00000000c6f00000 space 1024K,   0% used [0x00000000c6f00000, 0x00000000c7000000)
AC   0  F    TS     0 PTAMS 0x00000000c7000000 NTAMS 0x00000000c7000000 space 1024K,   0% used [0x00000000c7000000, 0x00000000c7100000)
AC   0  F    TS     0 PTAMS 0x00000000c7100000 NTAMS 0x00000000c7100000 space 1024K,   0% used [0x00000000c7100000, 0x00000000c7200000)
AC   0  F    TS     0 PTAMS 0x00000000c7200000 NTAMS 0x00000000c7200000 space 1024K,   0% used [0x00000000c7200000, 0x00000000c7300000)
AC   0  F    TS     0 PTAMS 0x00000000c7300000 NTAMS 0x00000000c7300000 space 1024K,   0% used [0x00000000c7300000, 0x00000000c7400000)
AC   0  F    TS     0 PTAMS 0x00000000c7400000 NTAMS 0x00000000c7400000 space 1024K,   0% used [0x00000000c7400000, 0x00000000c7500000)
AC   0  F    TS     0 PTAMS 0x00000000c7500000 NTAMS 0x00000000c7500000 space 1024K,   0% used [0x00000000c7500000, 0x00000000c7600000)
AC   0  F    TS     0 PTAMS 0x00000000c7600000 NTAMS 0x00000000c7600000 space 1024K,   0% used [0x00000000c7600000, 0x00000000c7700000)
AC   0  F    TS     0 PTAMS 0x00000000c7700000 NTAMS 0x00000000c7700000 space 1024K,   0% used [0x00000000c7700000, 0x00000000c7800000)
AC   0  F    TS     0 PTAMS 0x00000000c7800000 NTAMS 0x00000000c7800000 space 1024K,   0% used [0x00000000c7800000, 0x00000000c7900000)
AC   0  F    TS     0 PTAMS 0x00000000c7900000 NTAMS 0x00000000c7900000 space 1024K,   0% used [0x00000000c7900000, 0x00000000c7a00000)
AC   0  F    TS     0 PTAMS 0x00000000c7a00000 NTAMS 0x00000000c7a00000 space 1024K,   0% used [0x00000000c7a00000, 0x00000000c7b00000)
AC   0  F    TS     0 PTAMS 0x00000000c7b00000 NTAMS 0x00000000c7b00000 space 1024K,   0% used [0x00000000c7b00000, 0x00000000c7c00000)
AC   0  F    TS     0 PTAMS 0x00000000c7c00000 NTAMS 0x00000000c7c00000 space 1024K,   0% used [0x00000000c7c00000, 0x00000000c7d00000)
AC   0  F    TS     0 PTAMS 0x00000000c7d00000 NTAMS 0x00000000c7d00000 space 1024K,   0% used [0x00000000c7d00000, 0x00000000c7e00000)
AC   0  F    TS     0 PTAMS 0x00000000c7e00000 NTAMS 0x00000000c7e00000 space 1024K,   0% used [0x00000000c7e00000, 0x00000000c7f00000)
AC   0  F    TS     0 PTAMS 0x00000000c7f00000 NTAMS 0x00000000c7f00000 space 1024K,   0% used [0x00000000c7f00000, 0x00000000c8000000)
AC   0  F    TS     0 PTAMS 0x00000000c8000000 NTAMS 0x00000000c8000000 space 1024K,   0% used [0x00000000c8000000, 0x00000000c8100000)
AC   0  F    TS     0 PTAMS 0x00000000c8100000 NTAMS 0x00000000c8100000 space 1024K,   0% used [0x00000000c8100000, 0x00000000c8200000)
AC   0  F    TS     0 PTAMS 0x00000000c8200000 NTAMS 0x00000000c8200000 space 1024K,   0% used [0x00000000c8200000, 0x00000000c8300000)
AC   0  F    TS     0 PTAMS 0x00000000c8300000 NTAMS 0x00000000c8300000 space 1024K,   0% used [0x00000000c8300000, 0x00000000c8400000)
AC   0  F    TS     0 PTAMS 0x00000000c8400000 NTAMS 0x00000000c8400000 space 1024K,   0% used [0x00000000c8400000, 0x00000000c8500000)
AC   0  F    TS     0 PTAMS 0x00000000c8500000 NTAMS 0x00000000c8500000 space 1024K,   0% used [0x00000000c8500000, 0x00000000c8600000)
AC   0  F    TS     0 PTAMS 0x00000000c8600000 NTAMS 0x00000000c8600000 space 1024K,   0% used [0x00000000c8600000, 0x00000000c8700000)
AC   0  F    TS     0 PTAMS 0x00000000c8700000 NTAMS 0x00000000c8700000 space 1024K,   0% used [0x00000000c8700000, 0x00000000c8800000)
AC   0  F    TS     0 PTAMS 0x00000000c8800000 NTAMS 0x00000000c8800000 space 1024K,   0% used [0x00000000c8800000, 0x00000000c8900000)
AC   0  F    TS     0 PTAMS 0x00000000c8900000 NTAMS 0x00000000c8900000 space 1024K,   0% used [0x00000000c8900000, 0x00000000c8a00000)
AC   0  F    TS     0 PTAMS 0x00000000c8a00000 NTAMS 0x00000000c8a00000 space 1024K,   0% used [0x00000000c8a00000, 0x00000000c8b00000)
AC   0  F    TS     0 PTAMS 0x00000000c8b00000 NTAMS 0x00000000c8b00000 space 1024K,   0% used [0x00000000c8b00000, 0x00000000c8c00000)
AC   0  F    TS     0 PTAMS 0x00000000c8c00000 NTAMS 0x00000000c8c00000 space 1024K,   0% used [0x00000000c8c00000, 0x00000000c8d00000)
AC   0  F    TS     0 PTAMS 0x00000000c8d00000 NTAMS 0x00000000c8d00000 space 1024K,   0% used [0x00000000c8d00000, 0x00000000c8e00000)
AC   0  F    TS     0 PTAMS 0x00000000c8e00000 NTAMS 0x00000000c8e00000 space 1024K,   0% used [0x00000000c8e00000, 0x00000000c8f00000)
AC   0  F    TS     0 PTAMS 0x00000000c8f00000 NTAMS 0x00000000c8f00000 space 1024K,   0% used [0x00000000c8f00000, 0x00000000c9000000)
AC   0  F    TS     0 PTAMS 0x00000000c9000000 NTAMS 0x00000000c9000000 space 1024K,   0% used [0x00000000c9000000, 0x00000000c9100000)
AC   0  F    TS     0 PTAMS 0x00000000c9100000 NTAMS 0x00000000c9100000 space 1024K,   0% used [0x00000000c9100000, 0x00000000c9200000)
AC   0  F    TS     0 PTAMS 0x00000000c9200000 NTAMS 0x00000000c9200000 space 1024K,   0% used [0x00000000c9200000, 0x00000000c9300000)
AC   0  F    TS     0 PTAMS 0x00000000c9300000 NTAMS 0x00000000c9300000 space 1024K,   0% used [0x00000000c9300000, 0x00000000c9400000)
AC   0  F    TS     0 PTAMS 0x00000000c9400000 NTAMS 0x00000000c9400000 space 1024K,   0% used [0x00000000c9400000, 0x00000000c9500000)
AC   0  F    TS     0 PTAMS 0x00000000c9500000 NTAMS 0x00000000c9500000 space 1024K,   0% used [0x00000000c9500000, 0x00000000c9600000)
AC   0  F    TS     0 PTAMS 0x00000000c9600000 NTAMS 0x00000000c9600000 space 1024K,   0% used [0x00000000c9600000, 0x00000000c9700000)
AC   0  F    TS     0 PTAMS 0x00000000c9700000 NTAMS 0x00000000c9700000 space 1024K,   0% used [0x00000000c9700000, 0x00000000c9800000)
AC   0  F    TS     0 PTAMS 0x00000000c9800000 NTAMS 0x00000000c9800000 space 1024K,   0% used [0x00000000c9800000, 0x00000000c9900000)
AC   0  F    TS     0 PTAMS 0x00000000c9900000 NTAMS 0x00000000c9900000 space 1024K,   0% used [0x00000000c9900000, 0x00000000c9a00000)
AC   0  F    TS     0 PTAMS 0x00000000c9a00000 NTAMS 0x00000000c9a00000 space 1024K,   0% used [0x00000000c9a00000, 0x00000000c9b00000)
AC   0  F    TS     0 PTAMS 0x00000000c9b00000 NTAMS 0x00000000c9b00000 space 1024K,   0% used [0x00000000c9b00000, 0x00000000c9c00000)
AC   0  E    TS     0 PTAMS 0x00000000c9c00000 NTAMS 0x00000000c9c00000 space 1024K,  44% used [0x00000000c9c00000, 0x00000000c9d00000)
AC   0  E CS TS     0 PTAMS 0x00000000c9d00000 NTAMS 0x00000000c9d00000 space 1024K, 100% used [0x00000000c9d00000, 0x00000000c9e00000)
AC   0  E CS TS     0 PTAMS 0x00000000c9e00000 NTAMS 0x00000000c9e00000 space 1024K, 100% used [0x00000000c9e00000, 0x00000000c9f00000)
AC   0  E CS TS     0 PTAMS 0x00000000c9f00000 NTAMS 0x00000000c9f00000 space 1024K, 100% used [0x00000000c9f00000, 0x00000000ca000000)
AC   0  E CS TS     0 PTAMS 0x00000000ca000000 NTAMS 0x00000000ca000000 space 1024K, 100% used [0x00000000ca000000, 0x00000000ca100000)
AC   0  E CS TS     0 PTAMS 0x00000000ca100000 NTAMS 0x00000000ca100000 space 1024K, 100% used [0x00000000ca100000, 0x00000000ca200000)
AC   0  E CS TS     0 PTAMS 0x00000000ca200000 NTAMS 0x00000000ca200000 space 1024K, 100% used [0x00000000ca200000, 0x00000000ca300000)
AC   0  E CS TS     0 PTAMS 0x00000000ca300000 NTAMS 0x00000000ca300000 space 1024K, 100% used [0x00000000ca300000, 0x00000000ca400000)
AC   0  E CS TS     0 PTAMS 0x00000000ca400000 NTAMS 0x00000000ca400000 space 1024K, 100% used [0x00000000ca400000, 0x00000000ca500000)
AC   0  E CS TS     0 PTAMS 0x00000000ca500000 NTAMS 0x00000000ca500000 space 1024K, 100% used [0x00000000ca500000, 0x00000000ca600000)
AC   0  E CS TS     0 PTAMS 0x00000000ca600000 NTAMS 0x00000000ca600000 space 1024K, 100% used [0x00000000ca600000, 0x00000000ca700000)
AC   0  E CS TS     0 PTAMS 0x00000000ca700000 NTAMS 0x00000000ca700000 space 1024K, 100% used [0x00000000ca700000, 0x00000000ca800000)
AC   0  E CS TS     0 PTAMS 0x00000000ca800000 NTAMS 0x00000000ca800000 space 1024K, 100% used [0x00000000ca800000, 0x00000000ca900000)
AC   0  E CS TS     0 PTAMS 0x00000000ca900000 NTAMS 0x00000000ca900000 space 1024K, 100% used [0x00000000ca900000, 0x00000000caa00000)
AC   0  E CS TS     0 PTAMS 0x00000000caa00000 NTAMS 0x00000000caa00000 space 1024K, 100% used [0x00000000caa00000, 0x00000000cab00000)
AC   0  E CS TS     0 PTAMS 0x00000000cab00000 NTAMS 0x00000000cab00000 space 1024K, 100% used [0x00000000cab00000, 0x00000000cac00000)
AC   0  E CS TS     0 PTAMS 0x00000000cac00000 NTAMS 0x00000000cac00000 space 1024K, 100% used [0x00000000cac00000, 0x00000000cad00000)
AC   0  E CS TS     0 PTAMS 0x00000000cad00000 NTAMS 0x00000000cad00000 space 1024K, 100% used [0x00000000cad00000, 0x00000000cae00000)
AC   0  E CS TS     0 PTAMS 0x00000000cae00000 NTAMS 0x00000000cae00000 space 1024K, 100% used [0x00000000cae00000, 0x00000000caf00000)
AC   0  E CS TS     0 PTAMS 0x00000000caf00000 NTAMS 0x00000000caf00000 space 1024K, 100% used [0x00000000caf00000, 0x00000000cb000000)
AC   0  E CS TS     0 PTAMS 0x00000000cb000000 NTAMS 0x00000000cb000000 space 1024K, 100% used [0x00000000cb000000, 0x00000000cb100000)
AC   0  E CS TS     0 PTAMS 0x00000000cb100000 NTAMS 0x00000000cb100000 space 1024K, 100% used [0x00000000cb100000, 0x00000000cb200000)
AC   0  E CS TS     0 PTAMS 0x00000000cb200000 NTAMS 0x00000000cb200000 space 1024K, 100% used [0x00000000cb200000, 0x00000000cb300000)
AC   0  E CS TS     0 PTAMS 0x00000000cb300000 NTAMS 0x00000000cb300000 space 1024K, 100% used [0x00000000cb300000, 0x00000000cb400000)
AC   0  E CS TS     0 PTAMS 0x00000000cb400000 NTAMS 0x00000000cb400000 space 1024K, 100% used [0x00000000cb400000, 0x00000000cb500000)
AC   0  E CS TS     0 PTAMS 0x00000000cb500000 NTAMS 0x00000000cb500000 space 1024K, 100% used [0x00000000cb500000, 0x00000000cb600000)
AC   0  E CS TS     0 PTAMS 0x00000000cb600000 NTAMS 0x00000000cb600000 space 1024K, 100% used [0x00000000cb600000, 0x00000000cb700000)
AC   0  E CS TS     0 PTAMS 0x00000000cb700000 NTAMS 0x00000000cb700000 space 1024K, 100% used [0x00000000cb700000, 0x00000000cb800000)
AC   0  E CS TS     0 PTAMS 0x00000000cb800000 NTAMS 0x00000000cb800000 space 1024K, 100% used [0x00000000cb800000, 0x00000000cb900000)
AC   0  E CS TS     0 PTAMS 0x00000000cb900000 NTAMS 0x00000000cb900000 space 1024K, 100% used [0x00000000cb900000, 0x00000000cba00000)
AC   0  E CS TS     0 PTAMS 0x00000000cba00000 NTAMS 0x00000000cba00000 space 1024K, 100% used [0x00000000cba00000, 0x00000000cbb00000)
AC   0  E CS TS     0 PTAMS 0x00000000cbb00000 NTAMS 0x00000000cbb00000 space 1024K, 100% used [0x00000000cbb00000, 0x00000000cbc00000)
AC   0  E CS TS     0 PTAMS 0x00000000cbc00000 NTAMS 0x00000000cbc00000 space 1024K, 100% used [0x00000000cbc00000, 0x00000000cbd00000)
AC   0  E CS TS     0 PTAMS 0x00000000cbd00000 NTAMS 0x00000000cbd00000 space 1024K, 100% used [0x00000000cbd00000, 0x00000000cbe00000)
AC   0  E CS TS     0 PTAMS 0x00000000cbe00000 NTAMS 0x00000000cbe00000 space 1024K, 100% used [0x00000000cbe00000, 0x00000000cbf00000)
AC   0  E CS TS     0 PTAMS 0x00000000cbf00000 NTAMS 0x00000000cbf00000 space 1024K, 100% used [0x00000000cbf00000, 0x00000000cc000000)
AC   0  E CS TS     0 PTAMS 0x00000000cc000000 NTAMS 0x00000000cc000000 space 1024K, 100% used [0x00000000cc000000, 0x00000000cc100000)
AC   0  E CS TS     0 PTAMS 0x00000000cc100000 NTAMS 0x00000000cc100000 space 1024K, 100% used [0x00000000cc100000, 0x00000000cc200000)
AC   0  E CS TS     0 PTAMS 0x00000000cc200000 NTAMS 0x00000000cc200000 space 1024K, 100% used [0x00000000cc200000, 0x00000000cc300000)
AC   0  E CS TS     0 PTAMS 0x00000000cc300000 NTAMS 0x00000000cc300000 space 1024K, 100% used [0x00000000cc300000, 0x00000000cc400000)
AC   0  E CS TS     0 PTAMS 0x00000000cc400000 NTAMS 0x00000000cc400000 space 1024K, 100% used [0x00000000cc400000, 0x00000000cc500000)
AC   0  E CS TS     0 PTAMS 0x00000000cc500000 NTAMS 0x00000000cc500000 space 1024K, 100% used [0x00000000cc500000, 0x00000000cc600000)
AC   0  E CS TS     0 PTAMS 0x00000000cc600000 NTAMS 0x00000000cc600000 space 1024K, 100% used [0x00000000cc600000, 0x00000000cc700000)
AC   0  E CS TS     0 PTAMS 0x00000000cc700000 NTAMS 0x00000000cc700000 space 1024K, 100% used [0x00000000cc700000, 0x00000000cc800000)
AC   0  E CS TS     0 PTAMS 0x00000000cc800000 NTAMS 0x00000000cc800000 space 1024K, 100% used [0x00000000cc800000, 0x00000000cc900000)
AC   0  E CS TS     0 PTAMS 0x00000000cc900000 NTAMS 0x00000000cc900000 space 1024K, 100% used [0x00000000cc900000, 0x00000000cca00000)
AC   0  E CS TS     0 PTAMS 0x00000000cca00000 NTAMS 0x00000000cca00000 space 1024K, 100% used [0x00000000cca00000, 0x00000000ccb00000)
AC   0  E CS TS     0 PTAMS 0x00000000ccb00000 NTAMS 0x00000000ccb00000 space 1024K, 100% used [0x00000000ccb00000, 0x00000000ccc00000)
AC   0  E CS TS     0 PTAMS 0x00000000ccc00000 NTAMS 0x00000000ccc00000 space 1024K, 100% used [0x00000000ccc00000, 0x00000000ccd00000)
AC   0  E CS TS     0 PTAMS 0x00000000ccd00000 NTAMS 0x00000000ccd00000 space 1024K, 100% used [0x00000000ccd00000, 0x00000000cce00000)
AC   0  E CS TS     0 PTAMS 0x00000000cce00000 NTAMS 0x00000000cce00000 space 1024K, 100% used [0x00000000cce00000, 0x00000000ccf00000)
AC   0  E CS TS     0 PTAMS 0x00000000ccf00000 NTAMS 0x00000000ccf00000 space 1024K, 100% used [0x00000000ccf00000, 0x00000000cd000000)
AC   0  E CS TS     0 PTAMS 0x00000000cd000000 NTAMS 0x00000000cd000000 space 1024K, 100% used [0x00000000cd000000, 0x00000000cd100000)
AC   0  E CS TS     0 PTAMS 0x00000000cd100000 NTAMS 0x00000000cd100000 space 1024K, 100% used [0x00000000cd100000, 0x00000000cd200000)
AC   0  E CS TS     0 PTAMS 0x00000000cd200000 NTAMS 0x00000000cd200000 space 1024K, 100% used [0x00000000cd200000, 0x00000000cd300000)
AC   0  E CS TS     0 PTAMS 0x00000000cd300000 NTAMS 0x00000000cd300000 space 1024K, 100% used [0x00000000cd300000, 0x00000000cd400000)
AC   0  E CS TS     0 PTAMS 0x00000000cd400000 NTAMS 0x00000000cd400000 space 1024K, 100% used [0x00000000cd400000, 0x00000000cd500000)
AC   0  E CS TS     0 PTAMS 0x00000000cd500000 NTAMS 0x00000000cd500000 space 1024K, 100% used [0x00000000cd500000, 0x00000000cd600000)
AC   0  E CS TS     0 PTAMS 0x00000000cd600000 NTAMS 0x00000000cd600000 space 1024K, 100% used [0x00000000cd600000, 0x00000000cd700000)
AC   0  E CS TS     0 PTAMS 0x00000000cd700000 NTAMS 0x00000000cd700000 space 1024K, 100% used [0x00000000cd700000, 0x00000000cd800000)
AC   0  E CS TS     0 PTAMS 0x00000000cd800000 NTAMS 0x00000000cd800000 space 1024K, 100% used [0x00000000cd800000, 0x00000000cd900000)
AC   0  E CS TS     0 PTAMS 0x00000000cd900000 NTAMS 0x00000000cd900000 space 1024K, 100% used [0x00000000cd900000, 0x00000000cda00000)
AC   0  E CS TS     0 PTAMS 0x00000000cda00000 NTAMS 0x00000000cda00000 space 1024K, 100% used [0x00000000cda00000, 0x00000000cdb00000)
AC   0  E CS TS     0 PTAMS 0x00000000cdb00000 NTAMS 0x00000000cdb00000 space 1024K, 100% used [0x00000000cdb00000, 0x00000000cdc00000)
AC   0  E CS TS     0 PTAMS 0x00000000cdc00000 NTAMS 0x00000000cdc00000 space 1024K, 100% used [0x00000000cdc00000, 0x00000000cdd00000)
AC   0  E CS TS     0 PTAMS 0x00000000cdd00000 NTAMS 0x00000000cdd00000 space 1024K, 100% used [0x00000000cdd00000, 0x00000000cde00000)
AC   0  E CS TS     0 PTAMS 0x00000000cde00000 NTAMS 0x00000000cde00000 space 1024K, 100% used [0x00000000cde00000, 0x00000000cdf00000)
AC   0  E CS TS     0 PTAMS 0x00000000cdf00000 NTAMS 0x00000000cdf00000 space 1024K, 100% used [0x00000000cdf00000, 0x00000000ce000000)
AC   0  E CS TS     0 PTAMS 0x00000000ce000000 NTAMS 0x00000000ce000000 space 1024K, 100% used [0x00000000ce000000, 0x00000000ce100000)
AC   0  E CS TS     0 PTAMS 0x00000000ce100000 NTAMS 0x00000000ce100000 space 1024K, 100% used [0x00000000ce100000, 0x00000000ce200000)
AC   0  E CS TS     0 PTAMS 0x00000000ce200000 NTAMS 0x00000000ce200000 space 1024K, 100% used [0x00000000ce200000, 0x00000000ce300000)
AC   0  E CS TS     0 PTAMS 0x00000000ce300000 NTAMS 0x00000000ce300000 space 1024K, 100% used [0x00000000ce300000, 0x00000000ce400000)
AC   0  E CS TS     0 PTAMS 0x00000000ce400000 NTAMS 0x00000000ce400000 space 1024K, 100% used [0x00000000ce400000, 0x00000000ce500000)
AC   0  E CS TS     0 PTAMS 0x00000000ce500000 NTAMS 0x00000000ce500000 space 1024K, 100% used [0x00000000ce500000, 0x00000000ce600000)
AC   0  E CS TS     0 PTAMS 0x00000000ce600000 NTAMS 0x00000000ce600000 space 1024K, 100% used [0x00000000ce600000, 0x00000000ce700000)
AC   0  E CS TS     0 PTAMS 0x00000000ce700000 NTAMS 0x00000000ce700000 space 1024K, 100% used [0x00000000ce700000, 0x00000000ce800000)
AC   0  E CS TS     0 PTAMS 0x00000000ce800000 NTAMS 0x00000000ce800000 space 1024K, 100% used [0x00000000ce800000, 0x00000000ce900000)
AC   0  E CS TS     0 PTAMS 0x00000000ce900000 NTAMS 0x00000000ce900000 space 1024K, 100% used [0x00000000ce900000, 0x00000000cea00000)
AC   0  E CS TS     0 PTAMS 0x00000000cea00000 NTAMS 0x00000000cea00000 space 1024K, 100% used [0x00000000cea00000, 0x00000000ceb00000)
AC   0  E CS TS     0 PTAMS 0x00000000ceb00000 NTAMS 0x00000000ceb00000 space 1024K, 100% used [0x00000000ceb00000, 0x00000000cec00000)
AC   0  E CS TS     0 PTAMS 0x00000000cec00000 NTAMS 0x00000000cec00000 space 1024K, 100% used [0x00000000cec00000, 0x00000000ced00000)
AC   0  E CS TS     0 PTAMS 0x00000000ced00000 NTAMS 0x00000000ced00000 space 1024K, 100% used [0x00000000ced00000, 0x00000000cee00000)
AC   0  E CS TS     0 PTAMS 0x00000000cee00000 NTAMS 0x00000000cee00000 space 1024K, 100% used [0x00000000cee00000, 0x00000000cef00000)
AC   0  E CS TS     0 PTAMS 0x00000000cef00000 NTAMS 0x00000000cef00000 space 1024K, 100% used [0x00000000cef00000, 0x00000000cf000000)
AC   0  E CS TS     0 PTAMS 0x00000000cf000000 NTAMS 0x00000000cf000000 space 1024K, 100% used [0x00000000cf000000, 0x00000000cf100000)
AC   0  E CS TS     0 PTAMS 0x00000000cf100000 NTAMS 0x00000000cf100000 space 1024K, 100% used [0x00000000cf100000, 0x00000000cf200000)
AC   0  E CS TS     0 PTAMS 0x00000000cf200000 NTAMS 0x00000000cf200000 space 1024K, 100% used [0x00000000cf200000, 0x00000000cf300000)
AC   0  S CS TS     0 PTAMS 0x00000000cf300000 NTAMS 0x00000000cf300000 space 1024K,  99% used [0x00000000cf300000, 0x00000000cf400000)
AC   0  S CS TS     0 PTAMS 0x00000000cf400000 NTAMS 0x00000000cf400000 space 1024K, 100% used [0x00000000cf400000, 0x00000000cf500000)
AC   0  E CS TS     0 PTAMS 0x00000000cf500000 NTAMS 0x00000000cf500000 space 1024K, 100% used [0x00000000cf500000, 0x00000000cf600000)
AC   0  E CS TS     0 PTAMS 0x00000000cf600000 NTAMS 0x00000000cf600000 space 1024K, 100% used [0x00000000cf600000, 0x00000000cf700000)
AC   0  E CS TS     0 PTAMS 0x00000000cf700000 NTAMS 0x00000000cf700000 space 1024K, 100% used [0x00000000cf700000, 0x00000000cf800000)
AC   0  E CS TS     0 PTAMS 0x00000000cf800000 NTAMS 0x00000000cf800000 space 1024K, 100% used [0x00000000cf800000, 0x00000000cf900000)
AC   0  E CS TS     0 PTAMS 0x00000000cf900000 NTAMS 0x00000000cf900000 space 1024K, 100% used [0x00000000cf900000, 0x00000000cfa00000)
AC   0  E CS TS     0 PTAMS 0x00000000cfa00000 NTAMS 0x00000000cfa00000 space 1024K, 100% used [0x00000000cfa00000, 0x00000000cfb00000)
AC   0  E CS TS     0 PTAMS 0x00000000cfb00000 NTAMS 0x00000000cfb00000 space 1024K, 100% used [0x00000000cfb00000, 0x00000000cfc00000)
AC   0  E CS TS     0 PTAMS 0x00000000cfc00000 NTAMS 0x00000000cfc00000 space 1024K, 100% used [0x00000000cfc00000, 0x00000000cfd00000)
AC   0  E CS TS     0 PTAMS 0x00000000cfd00000 NTAMS 0x00000000cfd00000 space 1024K, 100% used [0x00000000cfd00000, 0x00000000cfe00000)
AC   0  E CS TS     0 PTAMS 0x00000000cfe00000 NTAMS 0x00000000cfe00000 space 1024K, 100% used [0x00000000cfe00000, 0x00000000cff00000)
AC   0  E CS TS     0 PTAMS 0x00000000cff00000 NTAMS 0x00000000cff00000 space 1024K, 100% used [0x00000000cff00000, 0x00000000d0000000)

Card table byte_map: [0x00000000136e0000,0x00000000138e0000] byte_map_base: 0x00000000130e0000

Marking Bits (Prev, Next): (CMBitMap*) 0x0000000003117038, (CMBitMap*) 0x0000000003117090
 Prev Bits: [0x0000000013ae0000, 0x0000000014ae0000)
 Next Bits: [0x0000000014ae0000, 0x0000000015ae0000)

Polling page: 0x0000000002db0000

CodeCache: size=245760Kb used=34107Kb max_used=34145Kb free=211652Kb
 bounds [0x00000000031e0000, 0x0000000005370000, 0x00000000121e0000]
 total_blobs=10111 nmethods=9182 adapters=837
 compilation: enabled

Compilation events (10 events):
Event: 44682.414 Thread 0x0000000018deb800 nmethod 11310 0x000000000533d190 code [0x000000000533d2e0, 0x000000000533d4b0]
Event: 44682.424 Thread 0x0000000018deb800 11311   !   3       java.lang.Class::desiredAssertionStatus (54 bytes)
Event: 44682.427 Thread 0x0000000018deb800 nmethod 11311 0x0000000005360a50 code [0x0000000005360c80, 0x0000000005361c58]
Event: 44682.429 Thread 0x0000000018d9a000 11313       4       java.util.regex.Pattern$CharProperty::match (56 bytes)
Event: 44682.430 Thread 0x0000000018deb800 11314       1       java.lang.Long::rotateLeft (9 bytes)
Event: 44682.430 Thread 0x0000000018deb800 nmethod 11314 0x000000000534f8d0 code [0x000000000534fa20, 0x000000000534fb30]
Event: 44682.430 Thread 0x0000000018d97800 11315       4       java.nio.Bits::makeLong (77 bytes)
Event: 44682.431 Thread 0x0000000018d97800 nmethod 11315 0x0000000004794f90 code [0x00000000047950c0, 0x0000000004795158]
Event: 44682.431 Thread 0x0000000018deb800 11317       3       com.google.common.hash.Murmur3_128HashFunction$Murmur3_128Hasher::mixK2 (21 bytes)
Event: 44682.432 Thread 0x0000000018deb800 nmethod 11317 0x00000000035520d0 code [0x0000000003552220, 0x00000000035523f0]

GC Heap History (10 events):
Event: 20.969 GC heap before
{Heap before GC invocations=8 (full 0):
 garbage-first heap   total 262144K, used 171519K [0x00000000c0000000, 0x00000000c0100800, 0x0000000100000000)
  region size 1024K, 153 young (156672K), 10 survivors (10240K)
 Metaspace       used 49884K, capacity 54318K, committed 54684K, reserved 1097728K
  class space    used 5770K, capacity 7200K, committed 7324K, reserved 1048576K
Event: 21.039 GC heap after
Heap after GC invocations=9 (full 0):
 garbage-first heap   total 262144K, used 54097K [0x00000000c0000000, 0x00000000c0100800, 0x0000000100000000)
  region size 1024K, 20 young (20480K), 20 survivors (20480K)
 Metaspace       used 49884K, capacity 54318K, committed 54684K, reserved 1097728K
  class space    used 5770K, capacity 7200K, committed 7324K, reserved 1048576K
}
Event: 31.077 GC heap before
{Heap before GC invocations=10 (full 0):
 garbage-first heap   total 262144K, used 190289K [0x00000000c0000000, 0x00000000c0100800, 0x0000000100000000)
  region size 1024K, 153 young (156672K), 20 survivors (20480K)
 Metaspace       used 67391K, capacity 74028K, committed 74140K, reserved 1114112K
  class space    used 8002K, capacity 10108K, committed 10140K, reserved 1048576K
Event: 31.151 GC heap after
Heap after GC invocations=11 (full 0):
 garbage-first heap   total 262144K, used 76288K [0x00000000c0000000, 0x00000000c0100800, 0x0000000100000000)
  region size 1024K, 20 young (20480K), 20 survivors (20480K)
 Metaspace       used 67391K, capacity 74028K, committed 74140K, reserved 1114112K
  class space    used 8002K, capacity 10108K, committed 10140K, reserved 1048576K
}
Event: 35.256 GC heap before
{Heap before GC invocations=11 (full 0):
 garbage-first heap   total 262144K, used 212992K [0x00000000c0000000, 0x00000000c0100800, 0x0000000100000000)
  region size 1024K, 153 young (156672K), 20 survivors (20480K)
 Metaspace       used 79760K, capacity 87178K, committed 87452K, reserved 1124352K
  class space    used 9687K, capacity 11931K, committed 11932K, reserved 1048576K
Event: 35.306 GC heap after
Heap after GC invocations=12 (full 0):
 garbage-first heap   total 262144K, used 83968K [0x00000000c0000000, 0x00000000c0100800, 0x0000000100000000)
  region size 1024K, 20 young (20480K), 20 survivors (20480K)
 Metaspace       used 79760K, capacity 87178K, committed 87452K, reserved 1124352K
  class space    used 9687K, capacity 11931K, committed 11932K, reserved 1048576K
}
Event: 159.101 GC heap before
{Heap before GC invocations=12 (full 0):
 garbage-first heap   total 262144K, used 214016K [0x00000000c0000000, 0x00000000c0100800, 0x0000000100000000)
  region size 1024K, 147 young (150528K), 20 survivors (20480K)
 Metaspace       used 84412K, capacity 91944K, committed 91996K, reserved 1128448K
  class space    used 10257K, capacity 12560K, committed 12572K, reserved 1048576K
Event: 159.202 GC heap after
Heap after GC invocations=13 (full 0):
 garbage-first heap   total 262144K, used 92672K [0x00000000c0000000, 0x00000000c0100800, 0x0000000100000000)
  region size 1024K, 19 young (19456K), 19 survivors (19456K)
 Metaspace       used 84412K, capacity 91944K, committed 91996K, reserved 1128448K
  class space    used 10257K, capacity 12560K, committed 12572K, reserved 1048576K
}
Event: 308.388 GC heap before
{Heap before GC invocations=13 (full 0):
 garbage-first heap   total 262144K, used 102912K [0x00000000c0000000, 0x00000000c0100800, 0x0000000100000000)
  region size 1024K, 30 young (30720K), 19 survivors (19456K)
 Metaspace       used 84442K, capacity 91944K, committed 91996K, reserved 1128448K
  class space    used 10257K, capacity 12560K, committed 12572K, reserved 1048576K
Event: 308.434 GC heap after
Heap after GC invocations=14 (full 0):
 garbage-first heap   total 262144K, used 92160K [0x00000000c0000000, 0x00000000c0100800, 0x0000000100000000)
  region size 1024K, 2 young (2048K), 2 survivors (2048K)
 Metaspace       used 84442K, capacity 91944K, committed 91996K, reserved 1128448K
  class space    used 10257K, capacity 12560K, committed 12572K, reserved 1048576K
}

Deoptimization events (10 events):
Event: 44682.312 Thread 0x000000001af3a000 Uncommon trap: reason=bimorphic action=maybe_recompile pc=0x0000000003a59044 method=org.eclipse.core.internal.dtree.DeltaDataTree.getChildNodes(Lorg/eclipse/core/runtime/IPath;)[Lorg/eclipse/core/internal/dtree/AbstractDataTreeNode; @ 68
Event: 44682.314 Thread 0x000000001af3a000 Uncommon trap: reason=bimorphic action=maybe_recompile pc=0x00000000046eb284 method=org.eclipse.core.internal.dtree.DeltaDataTree.getChildNodes(Lorg/eclipse/core/runtime/IPath;)[Lorg/eclipse/core/internal/dtree/AbstractDataTreeNode; @ 68
Event: 44682.377 Thread 0x000000001af3a000 Uncommon trap: reason=class_check action=maybe_recompile pc=0x0000000003ebc110 method=org.eclipse.core.internal.resources.Workspace.getResourceInfo(Lorg/eclipse/core/runtime/IPath;ZZ)Lorg/eclipse/core/internal/resources/ResourceInfo; @ 60
Event: 44682.432 Thread 0x000000001af36000 Uncommon trap: reason=class_check action=maybe_recompile pc=0x00000000038d46b8 method=org.apache.lucene.store.DataInput.readVInt()I @ 1
Event: 44682.432 Thread 0x000000001af36000 Uncommon trap: reason=class_check action=maybe_recompile pc=0x00000000038d46b8 method=org.apache.lucene.store.DataInput.readVInt()I @ 1
Event: 44682.432 Thread 0x000000001af36000 Uncommon trap: reason=class_check action=maybe_recompile pc=0x00000000038d46b8 method=org.apache.lucene.store.DataInput.readVInt()I @ 1
Event: 44682.432 Thread 0x000000001af36000 Uncommon trap: reason=class_check action=maybe_recompile pc=0x00000000038d46b8 method=org.apache.lucene.store.DataInput.readVInt()I @ 1
Event: 44682.432 Thread 0x000000001af36000 Uncommon trap: reason=class_check action=maybe_recompile pc=0x00000000038d4008 method=org.apache.lucene.store.DataInput.readVLong()J @ 1
Event: 44682.432 Thread 0x000000001af36000 Uncommon trap: reason=class_check action=maybe_recompile pc=0x00000000038d4008 method=org.apache.lucene.store.DataInput.readVLong()J @ 1
Event: 44682.432 Thread 0x000000001af36000 Uncommon trap: reason=class_check action=maybe_recompile pc=0x00000000038d4008 method=org.apache.lucene.store.DataInput.readVLong()J @ 1

Internal exceptions (10 events):
Event: 44669.766 Thread 0x000000001b242000 Exception <a 'java/io/FileNotFoundException'> (0x00000000cba9ce40) thrown at [C:\re\workspace\8-2-build-windows-amd64-cygwin\jdk8u60\4407\hotspot\src\share\vm\prims\jni.cpp, line 709]
Event: 44669.766 Thread 0x000000001b242000 Exception <a 'java/io/FileNotFoundException'> (0x00000000cba9e4d0) thrown at [C:\re\workspace\8-2-build-windows-amd64-cygwin\jdk8u60\4407\hotspot\src\share\vm\prims\jni.cpp, line 709]
Event: 44669.769 Thread 0x000000001b242000 Exception <a 'java/io/FileNotFoundException'> (0x00000000cbabeb60) thrown at [C:\re\workspace\8-2-build-windows-amd64-cygwin\jdk8u60\4407\hotspot\src\share\vm\prims\jni.cpp, line 709]
Event: 44669.950 Thread 0x000000001b242000 Exception <a 'java/io/FileNotFoundException'> (0x00000000cbac2740) thrown at [C:\re\workspace\8-2-build-windows-amd64-cygwin\jdk8u60\4407\hotspot\src\share\vm\prims\jni.cpp, line 709]
Event: 44670.058 Thread 0x000000001b243800 Exception <a 'java/io/FileNotFoundException'> (0x00000000cbbb08c8) thrown at [C:\re\workspace\8-2-build-windows-amd64-cygwin\jdk8u60\4407\hotspot\src\share\vm\prims\jni.cpp, line 709]
Event: 44670.088 Thread 0x000000001bda2800 Exception <a 'java/io/FileNotFoundException'> (0x00000000cb50b368) thrown at [C:\re\workspace\8-2-build-windows-amd64-cygwin\jdk8u60\4407\hotspot\src\share\vm\prims\jni.cpp, line 709]
Event: 44670.426 Thread 0x00000000030e1000 Implicit null exception at 0x0000000003c35adc to 0x0000000003c36629
Event: 44680.884 Thread 0x00000000030e1000 Exception <a 'java/io/FileNotFoundException'> (0x00000000caad8348) thrown at [C:\re\workspace\8-2-build-windows-amd64-cygwin\jdk8u60\4407\hotspot\src\share\vm\prims\jni.cpp, line 709]
Event: 44681.137 Thread 0x000000001bda2800 Exception <a 'java/io/FileNotFoundException'> (0x00000000ca70d4b0) thrown at [C:\re\workspace\8-2-build-windows-amd64-cygwin\jdk8u60\4407\hotspot\src\share\vm\prims\jni.cpp, line 709]
Event: 44682.327 Thread 0x000000001af3a000 Exception <a 'java/io/FileNotFoundException'> (0x00000000c9d51c48) thrown at [C:\re\workspace\8-2-build-windows-amd64-cygwin\jdk8u60\4407\hotspot\src\share\vm\prims\jni.cpp, line 709]

Events (10 events):
Event: 44682.432 Thread 0x000000001af36000 DEOPT UNPACKING pc=0x000000000322582a sp=0x000000002884df38 mode 2
Event: 44682.432 Thread 0x000000001af36000 Uncommon trap: trap_request=0xffffffde fr.pc=0x00000000038d4008
Event: 44682.432 Thread 0x000000001af36000 DEOPT PACKING pc=0x00000000038d4008 sp=0x000000002884e000
Event: 44682.432 Thread 0x000000001af36000 DEOPT UNPACKING pc=0x000000000322582a sp=0x000000002884dfb0 mode 2
Event: 44682.432 Thread 0x000000001af36000 Uncommon trap: trap_request=0xffffffde fr.pc=0x00000000038d4008
Event: 44682.432 Thread 0x000000001af36000 DEOPT PACKING pc=0x00000000038d4008 sp=0x000000002884e000
Event: 44682.432 Thread 0x000000001af36000 DEOPT UNPACKING pc=0x000000000322582a sp=0x000000002884dfb0 mode 2
Event: 44682.432 Thread 0x000000001af36000 Uncommon trap: trap_request=0xffffffde fr.pc=0x00000000038d4008
Event: 44682.432 Thread 0x000000001af36000 DEOPT PACKING pc=0x00000000038d4008 sp=0x000000002884e000
Event: 44682.432 Thread 0x000000001af36000 DEOPT UNPACKING pc=0x000000000322582a sp=0x000000002884dfb0 mode 2


Dynamic libraries:
0x00007ff7b3bb0000 - 0x00007ff7b3be7000 	C:\ProgramData\Oracle\Java\javapath\javaw.exe
0x00007ffe9e810000 - 0x00007ffe9e9e1000 	C:\WINDOWS\SYSTEM32\ntdll.dll
0x00007ffe9dc50000 - 0x00007ffe9dcfb000 	C:\WINDOWS\System32\KERNEL32.DLL
0x00007ffe9bac0000 - 0x00007ffe9bcdd000 	C:\WINDOWS\System32\KERNELBASE.dll
0x00007ffe9d7a0000 - 0x00007ffe9d842000 	C:\WINDOWS\System32\ADVAPI32.dll
0x00007ffe9e030000 - 0x00007ffe9e0ce000 	C:\WINDOWS\System32\msvcrt.dll
0x00007ffe9de00000 - 0x00007ffe9de59000 	C:\WINDOWS\System32\sechost.dll
0x00007ffe9db20000 - 0x00007ffe9dc41000 	C:\WINDOWS\System32\RPCRT4.dll
0x00007ffe9e600000 - 0x00007ffe9e765000 	C:\WINDOWS\System32\USER32.dll
0x00007ffe9bd80000 - 0x00007ffe9bd9e000 	C:\WINDOWS\System32\win32u.dll
0x00007ffe9d2d0000 - 0x00007ffe9d304000 	C:\WINDOWS\System32\GDI32.dll
0x00007ffe9aed0000 - 0x00007ffe9b052000 	C:\WINDOWS\System32\gdi32full.dll
0x00007ffe8fde0000 - 0x00007ffe9005a000 	C:\WINDOWS\WinSxS\amd64_microsoft.windows.common-controls_6595b64144ccf1df_6.0.14393.953_none_42151e83c686086b\COMCTL32.dll
0x00007ffe9d850000 - 0x00007ffe9db18000 	C:\WINDOWS\System32\combase.dll
0x00007ffe9b060000 - 0x00007ffe9b155000 	C:\WINDOWS\System32\ucrtbase.dll
0x00007ffe9b270000 - 0x00007ffe9b2da000 	C:\WINDOWS\System32\bcryptPrimitives.dll
0x00007ffe9e0d0000 - 0x00007ffe9e0fe000 	C:\WINDOWS\System32\IMM32.DLL
0x0000000067380000 - 0x0000000067452000 	C:\Program Files\Java\jre1.8.0_60\bin\msvcr100.dll
0x00000000668b0000 - 0x0000000067139000 	C:\Program Files\Java\jre1.8.0_60\bin\server\jvm.dll
0x00007ffe9e160000 - 0x00007ffe9e168000 	C:\WINDOWS\System32\PSAPI.DLL
0x00007ffe990d0000 - 0x00007ffe990f3000 	C:\WINDOWS\SYSTEM32\WINMM.dll
0x00007ffe92150000 - 0x00007ffe92159000 	C:\WINDOWS\SYSTEM32\WSOCK32.dll
0x00007ffe8f120000 - 0x00007ffe8f12a000 	C:\WINDOWS\SYSTEM32\VERSION.dll
0x00007ffe9e250000 - 0x00007ffe9e2ba000 	C:\WINDOWS\System32\WS2_32.dll
0x00007ffe99070000 - 0x00007ffe9909b000 	C:\WINDOWS\SYSTEM32\WINMMBASE.dll
0x00007ffe9b2e0000 - 0x00007ffe9b322000 	C:\WINDOWS\System32\cfgmgr32.dll
0x0000000067370000 - 0x000000006737f000 	C:\Program Files\Java\jre1.8.0_60\bin\verify.dll
0x0000000067340000 - 0x0000000067369000 	C:\Program Files\Java\jre1.8.0_60\bin\java.dll
0x0000000067320000 - 0x0000000067336000 	C:\Program Files\Java\jre1.8.0_60\bin\zip.dll
0x00007ffe9bda0000 - 0x00007ffe9d2a9000 	C:\WINDOWS\System32\SHELL32.dll
0x00007ffe9b3e0000 - 0x00007ffe9baba000 	C:\WINDOWS\System32\windows.storage.dll
0x00007ffe9acb0000 - 0x00007ffe9acfc000 	C:\WINDOWS\System32\powrprof.dll
0x00007ffe9d740000 - 0x00007ffe9d792000 	C:\WINDOWS\System32\shlwapi.dll
0x00007ffe9aca0000 - 0x00007ffe9acaf000 	C:\WINDOWS\System32\kernel.appcore.dll
0x00007ffe9b330000 - 0x00007ffe9b3d9000 	C:\WINDOWS\System32\shcore.dll
0x00007ffe9ac80000 - 0x00007ffe9ac94000 	C:\WINDOWS\System32\profapi.dll
0x00007ffe9a6e0000 - 0x00007ffe9a6f7000 	C:\WINDOWS\SYSTEM32\CRYPTSP.dll
0x00007ffe9a140000 - 0x00007ffe9a173000 	C:\WINDOWS\system32\rsaenh.dll
0x00007ffe9abb0000 - 0x00007ffe9abdb000 	C:\WINDOWS\SYSTEM32\bcrypt.dll
0x00007ffe9a3c0000 - 0x00007ffe9a3df000 	C:\WINDOWS\SYSTEM32\USERENV.dll
0x00007ffe9a700000 - 0x00007ffe9a70b000 	C:\WINDOWS\SYSTEM32\CRYPTBASE.dll
0x0000000067300000 - 0x000000006731a000 	C:\Program Files\Java\jre1.8.0_60\bin\net.dll
0x00007ffe9a540000 - 0x00007ffe9a59c000 	C:\WINDOWS\system32\mswsock.dll
0x00007ffe9a2c0000 - 0x00007ffe9a2f8000 	C:\WINDOWS\SYSTEM32\IPHLPAPI.DLL
0x00007ffe9d2c0000 - 0x00007ffe9d2c8000 	C:\WINDOWS\System32\NSI.dll
0x00007ffe92e20000 - 0x00007ffe92e36000 	C:\WINDOWS\SYSTEM32\dhcpcsvc6.DLL
0x00007ffe92f90000 - 0x00007ffe92faa000 	C:\WINDOWS\SYSTEM32\dhcpcsvc.DLL
0x00000000672e0000 - 0x00000000672f1000 	C:\Program Files\Java\jre1.8.0_60\bin\nio.dll
0x0000000072000000 - 0x0000000072012000 	C:\Users\Benjamin\Eclipse_Neon\eclipse\plugins\org.eclipse.equinox.launcher.win32.win32.x86_64_1.1.400.v20160518-1444\eclipse_1617.dll
0x00007ffe993d0000 - 0x00007ffe99465000 	C:\WINDOWS\system32\uxtheme.dll
0x00007ffe9ded0000 - 0x00007ffe9e02a000 	C:\WINDOWS\System32\MSCTF.dll
0x00007ffe9e170000 - 0x00007ffe9e22f000 	C:\WINDOWS\System32\OLEAUT32.dll
0x00007ffe9bce0000 - 0x00007ffe9bd7c000 	C:\WINDOWS\System32\msvcp_win.dll
0x00007ffe90e20000 - 0x00007ffe90eb8000 	C:\Program Files\Common Files\microsoft shared\ink\tiptsf.dll
0x00007ffe9e770000 - 0x00007ffe9e80f000 	C:\WINDOWS\System32\clbcatq.dll
0x00007ffe96760000 - 0x00007ffe9690a000 	C:\Windows\System32\uiautomationcore.dll
0x00007ffe9ab10000 - 0x00007ffe9aba8000 	C:\WINDOWS\SYSTEM32\sxs.dll
0x00007ffe91180000 - 0x00007ffe911e5000 	C:\Windows\System32\OLEACC.dll
0x00007ffe890a0000 - 0x00007ffe890b6000 	C:\WINDOWS\system32\napinsp.dll
0x00007ffe85a40000 - 0x00007ffe85a5a000 	C:\WINDOWS\system32\pnrpnsp.dll
0x00007ffe98380000 - 0x00007ffe98398000 	C:\WINDOWS\system32\NLAapi.dll
0x00007ffe9a300000 - 0x00007ffe9a3a1000 	C:\WINDOWS\SYSTEM32\DNSAPI.dll
0x00007ffe85a30000 - 0x00007ffe85a3e000 	C:\WINDOWS\System32\winrnr.dll
0x00007ffe85a10000 - 0x00007ffe85a25000 	C:\WINDOWS\System32\wshbth.dll
0x00007ffe87da0000 - 0x00007ffe87daa000 	C:\Windows\System32\rasadhlp.dll
0x00007ffe8fc30000 - 0x00007ffe8fc9a000 	C:\WINDOWS\System32\fwpuclnt.dll
0x00007ffe9e320000 - 0x00007ffe9e457000 	C:\WINDOWS\System32\ole32.dll
0x000000001c340000 - 0x000000001c3e7000 	C:\Users\Benjamin\Eclipse_Neon\eclipse\configuration\org.eclipse.osgi\391\0\.cp\swt-win32-4623.dll
0x00007ffe9dd00000 - 0x00007ffe9ddfa000 	C:\WINDOWS\System32\comdlg32.dll
0x00007ffe9ad00000 - 0x00007ffe9aec9000 	C:\WINDOWS\System32\CRYPT32.dll
0x00007ffe9ac70000 - 0x00007ffe9ac80000 	C:\WINDOWS\System32\MSASN1.dll
0x00007ffe84590000 - 0x00007ffe8485a000 	C:\WINDOWS\SYSTEM32\WININET.dll
0x00007ffe94760000 - 0x00007ffe947e6000 	C:\WINDOWS\SYSTEM32\WINSPOOL.DRV
0x00007ffe91e30000 - 0x00007ffe91e49000 	C:\WINDOWS\SYSTEM32\USP10.dll
0x00007ffe99040000 - 0x00007ffe99066000 	C:\WINDOWS\system32\dwmapi.dll
0x00007ffe98b00000 - 0x00007ffe98c85000 	C:\WINDOWS\SYSTEM32\propsys.dll
0x00007ffe932e0000 - 0x00007ffe932f0000 	C:\WINDOWS\SYSTEM32\LINKINFO.dll
0x000000001d0c0000 - 0x000000001d0de000 	C:\Users\Benjamin\Eclipse_Neon\eclipse\configuration\org.eclipse.osgi\391\0\.cp\swt-gdip-win32-4623.dll
0x00007ffe88390000 - 0x00007ffe8852a000 	C:\WINDOWS\WinSxS\amd64_microsoft.windows.gdiplus_6595b64144ccf1df_1.1.14393.953_none_7300116921188239\gdiplus.dll
0x00007ffe98190000 - 0x00007ffe98338000 	C:\WINDOWS\SYSTEM32\WindowsCodecs.dll
0x00007ffe84470000 - 0x00007ffe844af000 	C:\WINDOWS\system32\mlang.dll
0x00007ffe90b10000 - 0x00007ffe90db2000 	C:\WINDOWS\SYSTEM32\iertutil.dll
0x0000000180000000 - 0x0000000180012000 	C:\Users\Benjamin\Eclipse_Neon\eclipse\configuration\org.eclipse.osgi\81\0\.cp\os\win32\x86_64\localfile_1_0_0.dll
0x000000001e0f0000 - 0x000000001e0ff000 	C:\Users\Benjamin\Eclipse_Neon\eclipse\configuration\org.eclipse.osgi\86\0\.cp\os\win32\x86_64\win32refresh.dll
0x00007ffe91630000 - 0x00007ffe91641000 	C:\Users\Benjamin\Eclipse_Neon\eclipse\configuration\org.eclipse.osgi\84\0\.cp\jWinHttp-1.0.0.dll
0x00007ffe96640000 - 0x00007ffe9670d000 	C:\WINDOWS\SYSTEM32\WINHTTP.dll
0x00007ffe8d5a0000 - 0x00007ffe8d5e9000 	C:\WINDOWS\system32\dataexchange.dll
0x00007ffe989a0000 - 0x00007ffe98af1000 	C:\WINDOWS\system32\dcomp.dll
0x00007ffe969b0000 - 0x00007ffe96c66000 	C:\WINDOWS\system32\d3d11.dll
0x00007ffe99bf0000 - 0x00007ffe99c8f000 	C:\WINDOWS\system32\dxgi.dll
0x00007ffe996a0000 - 0x00007ffe997bc000 	C:\WINDOWS\system32\twinapi.appcore.dll
0x00007ffe922f0000 - 0x00007ffe922f7000 	C:\WINDOWS\SYSTEM32\msimg32.dll
0x0000000066880000 - 0x00000000668a4000 	C:\Program Files\Java\jre1.8.0_60\bin\sunec.dll
0x00007ffe81e80000 - 0x00007ffe82304000 	C:\WINDOWS\system32\explorerframe.dll
0x00007ffe919d0000 - 0x00007ffe91c39000 	C:\WINDOWS\SYSTEM32\DWrite.dll
0x00007ffe9a010000 - 0x00007ffe9a042000 	C:\WINDOWS\SYSTEM32\ntmarta.dll
0x00007ffe991f0000 - 0x00007ffe9926a000 	C:\WINDOWS\SYSTEM32\apphelp.dll
0x00007ffe83380000 - 0x00007ffe833c8000 	C:\Program Files (x86)\Dropbox\Client\DropboxExt64.14.0.dll
0x00000000672c0000 - 0x00000000672d3000 	C:\Program Files (x86)\FileZilla FTP Client\fzshellext_64.dll
0x00007ffe844b0000 - 0x00007ffe84582000 	C:\WINDOWS\system32\ntshrui.dll
0x00007ffe9a940000 - 0x00007ffe9a96c000 	C:\WINDOWS\system32\SspiCli.dll
0x00007ffe84060000 - 0x00007ffe84086000 	C:\WINDOWS\system32\srvcli.dll
0x00007ffe86380000 - 0x00007ffe86392000 	C:\WINDOWS\SYSTEM32\cscapi.dll
0x00007ffe9a3b0000 - 0x00007ffe9a3bd000 	C:\WINDOWS\system32\netutils.dll
0x00007ffe9de60000 - 0x00007ffe9dece000 	C:\WINDOWS\System32\coml2.dll
0x00007ffe7d0e0000 - 0x00007ffe7d1aa000 	C:\WINDOWS\system32\Windows.Storage.Search.dll
0x00007ffe88f40000 - 0x00007ffe88f82000 	C:\WINDOWS\SYSTEM32\edputil.dll
0x00007ffe8fdc0000 - 0x00007ffe8fddb000 	C:\WINDOWS\SYSTEM32\MPR.dll
0x00007ffe91ee0000 - 0x00007ffe91ef6000 	C:\WINDOWS\System32\ntlanman.dll
0x00007ffe945c0000 - 0x00007ffe945cb000 	C:\WINDOWS\System32\drprov.dll
0x00007ffe9a780000 - 0x00007ffe9a7d6000 	C:\WINDOWS\System32\WINSTA.dll
0x00007ffe91750000 - 0x00007ffe91770000 	C:\WINDOWS\System32\davclnt.dll
0x00007ffe91ea0000 - 0x00007ffe91eac000 	C:\WINDOWS\System32\DAVHLPR.dll
0x00007ffe93270000 - 0x00007ffe93286000 	C:\WINDOWS\System32\wkscli.dll
0x00007ffe91410000 - 0x00007ffe9146e000 	C:\WINDOWS\system32\Ninput.dll
0x00007ffe971e0000 - 0x00007ffe97372000 	C:\WINDOWS\SYSTEM32\dbghelp.dll

VM Arguments:
jvm_args: -Dosgi.requiredJavaVersion=1.8 -XX:+UseG1GC -XX:+UseStringDeduplication -Dosgi.requiredJavaVersion=1.8 -Xms256m -Xmx1024m 
java_command: C:\Users\Benjamin\Eclipse_Neon\eclipse\\plugins/org.eclipse.equinox.launcher_1.3.200.v20160318-1642.jar -os win32 -ws win32 -arch x86_64 -showsplash C:\Users\Benjamin\Eclipse_Neon\eclipse\\plugins\org.eclipse.platform_4.6.0.v20160606-1100\splash.bmp -launcher C:\Users\Benjamin\Eclipse_Neon\eclipse\eclipse.exe -name Eclipse --launcher.library C:\Users\Benjamin\Eclipse_Neon\eclipse\\plugins/org.eclipse.equinox.launcher.win32.win32.x86_64_1.1.400.v20160518-1444\eclipse_1617.dll -startup C:\Users\Benjamin\Eclipse_Neon\eclipse\\plugins/org.eclipse.equinox.launcher_1.3.200.v20160318-1642.jar --launcher.appendVmargs -exitdata 25e8_d8 -product org.eclipse.epp.package.java.product -vm C:\ProgramData\Oracle\Java\javapath\javaw.exe -vmargs -Dosgi.requiredJavaVersion=1.8 -XX:+UseG1GC -XX:+UseStringDeduplication -Dosgi.requiredJavaVersion=1.8 -Xms256m -Xmx1024m -jar C:\Users\Benjamin\Eclipse_Neon\eclipse\\plugins/org.eclipse.equinox.launcher_1.3.200.v20160318-1642.jar
java_class_path (initial): C:\Users\Benjamin\Eclipse_Neon\eclipse\\plugins/org.eclipse.equinox.launcher_1.3.200.v20160318-1642.jar
Launcher Type: SUN_STANDARD

Environment Variables:
PATH=C:\ProgramData\Oracle\Java\javapath;C:\WINDOWS\system32;C:\WINDOWS;C:\WINDOWS\System32\Wbem;C:\WINDOWS\System32\WindowsPowerShell\v1.0\;C:\Program Files (x86)\Windows Live\Shared;C:\Program Files (x86)\Skype\Phone\;C:\Program Files\Microsoft SQL Server\120\Tools\Binn\;C:\Program Files\Microsoft SQL Server\130\Tools\Binn\;C:\Program Files (x86)\Windows Kits\10\Windows Performance Toolkit\;C:\Users\Benjamin\AppData\Local\Microsoft\WindowsApps;C:\SFML\bin;
USERNAME=Benjamin
OS=Windows_NT
PROCESSOR_IDENTIFIER=Intel64 Family 6 Model 69 Stepping 1, GenuineIntel



---------------  S Y S T E M  ---------------

OS: Windows 10.0 , 64 bit Build 14393 (10.0.14393.0)

CPU:total 4 (2 cores per cpu, 2 threads per core) family 6 model 69 stepping 1, cmov, cx8, fxsr, mmx, sse, sse2, sse3, ssse3, sse4.1, sse4.2, popcnt, avx, avx2, aes, clmul, erms, lzcnt, ht, tsc, tscinvbit, bmi1, bmi2

Memory: 4k page, physical 4097096k(949648k free), swap 6497772k(1653272k free)

vm_info: Java HotSpot(TM) 64-Bit Server VM (25.60-b23) for windows-amd64 JRE (1.8.0_60-b27), built on Aug  4 2015 11:06:27 by "java_re" with MS VC++ 10.0 (VS2010)

time: Tue Mar 28 07:11:25 2017
elapsed time: 44682 seconds (0d 12h 24m 42s)

