#
# A fatal error has been detected by the Java Runtime Environment:
#
#  EXCEPTION_IN_PAGE_ERROR (0xc0000006) at pc=0x00000000025dabdf, pid=13016, tid=3744
#
# JRE version: Java(TM) SE Runtime Environment (8.0_60-b27) (build 1.8.0_60-b27)
# Java VM: Java HotSpot(TM) 64-Bit Server VM (25.60-b23 mixed mode windows-amd64 compressed oops)
# Problematic frame:
# J 11915 C2 org.apache.lucene.store.DataInput.readVInt()I (132 bytes) @ 0x00000000025dabdf [0x00000000025dab60+0x7f]
#
# Failed to write core dump. Minidumps are not enabled by default on client versions of Windows
#
# If you would like to submit a bug report, please visit:
#   http://bugreport.java.com/bugreport/crash.jsp
#

---------------  T H R E A D  ---------------

Current thread (0x00000000192e9000):  JavaThread "EventAdmin Async Event Dispatcher Thread" daemon [_thread_in_Java, id=3744, stack(0x0000000024de0000,0x0000000024ee0000)]

siginfo: ExceptionCode=0xc0000006, ExceptionInformation=0x0000000000000000 0x00000000343864cc 0x00000000c000026e 

Registers:
RAX=0x00000001009daa80, RBX=0x0000000029784388, RCX=0x0000000000000020, RDX=0x00000000cd990ab8
RSP=0x0000000024edde10, RBP=0x0000000000df866e, RSI=0x00000001009daa80, RDI=0x0000000029784a98
R8 =0x0000000000d264cd, R9 =0x0000000000d264cc, R10=0x0000000033660000, R11=0x0000000000d264cc
R12=0x0000000000000000, R13=0x000000000399ea04, R14=0x0000000024eddf50, R15=0x00000000192e9000
RIP=0x00000000025dabdf, EFLAGS=0x0000000000010203

Top of Stack: (sp=0x0000000024edde10)
0x0000000024edde10:   000000002013b550 00000000cd990ab8
0x0000000024edde20:   0000000000000000 0000000002581639
0x0000000024edde30:   00000000176e88c0 000000000000000a
0x0000000024edde40:   0000000000000024 0000000051f7a200
0x0000000024edde50:   0000000024ede110 00000000039a149c
0x0000000024edde60:   000000000000000a 00000000cd990cc0
0x0000000024edde70:   000000007ffffffc 00000000cd9910e0
0x0000000024edde80:   000000001d3b2680 0000000051ef5766
0x0000000024edde90:   0000000024edec08 00000000c01a9b88
0x0000000024eddea0:   00000000cd990c50 0000000029766be0
0x0000000024eddeb0:   0000000024eddf30 0000000002487ced
0x0000000024eddec0:   0000000002487ced 000000000000000a
0x0000000024edded0:   0000000000000000 00000000cd9910e0
0x0000000024eddee0:   0000000000000000 00000000cd990cc0
0x0000000024eddef0:   0000000024eddef0 00000000cd990ab8
0x0000000024eddf00:   00000000cd990b80 00000000c0ed3a88 

Instructions: (pc=0x00000000025dabdf)
0x00000000025dabbf:   4b 18 41 8b 6b 1c 44 3b cd 0f 8d 3b 01 00 00 4d
0x00000000025dabcf:   8b 53 10 45 8b c1 41 ff c0 45 89 43 18 4d 63 d9
0x00000000025dabdf:   43 0f be 04 1a 8b e8 83 e5 7f f7 c0 80 00 00 00
0x00000000025dabef:   75 25 8b c5 48 83 c4 40 5d 85 05 02 54 bf ff c3 


Register to memory mapping:

RAX=0x00000001009daa80 is pointing into metadata
RBX=0x0000000029784388 is pointing into metadata
RCX=0x0000000000000020 is an unknown value
RDX=0x00000000cd990ab8 is pointing into object: 0x00000000cd96d6d0

[error occurred during error reporting (printing register info), id 0xc0000005]

Stack: [0x0000000024de0000,0x0000000024ee0000],  sp=0x0000000024edde10,  free space=1015k
Native frames: (J=compiled Java code, j=interpreted, Vv=VM code, C=native code)
C  0x00000000025dabdf


---------------  P R O C E S S  ---------------

Java Threads: ( => current thread )
  0x000000001cf8c800 JavaThread "Worker-22" [_thread_blocked, id=8120, stack(0x0000000039360000,0x0000000039460000)]
  0x0000000029968800 JavaThread "Worker-21" [_thread_blocked, id=3028, stack(0x0000000038f60000,0x0000000039060000)]
  0x0000000029967000 JavaThread "Worker-20" [_thread_blocked, id=12636, stack(0x0000000038e60000,0x0000000038f60000)]
  0x0000000029961000 JavaThread "Worker-19" [_thread_blocked, id=10728, stack(0x0000000038d60000,0x0000000038e60000)]
  0x000000002995f800 JavaThread "Worker-16" [_thread_blocked, id=9616, stack(0x0000000038960000,0x0000000038a60000)]
  0x000000001cf92800 JavaThread "Keep-Alive-SocketCleaner" daemon [_thread_blocked, id=10352, stack(0x0000000034b60000,0x0000000034c60000)]
  0x000000001cf93800 JavaThread "Timer-0" daemon [_thread_blocked, id=6388, stack(0x0000000033560000,0x0000000033660000)]
  0x000000001cf8c000 JavaThread "Recommenders-Timeout-Manager" [_thread_blocked, id=8744, stack(0x000000002e4f0000,0x000000002e5f0000)]
  0x000000001cf8a800 JavaThread "com.google.inject.internal.util.$Finalizer" daemon [_thread_blocked, id=3628, stack(0x000000002e7f0000,0x000000002e8f0000)]
  0x000000001cf87800 JavaThread "Provisioning Event Dispatcher" daemon [_thread_blocked, id=9592, stack(0x000000002e0f0000,0x000000002e1f0000)]
  0x00000000209b5800 JavaThread "Thread-6" [_thread_blocked, id=9944, stack(0x000000002c320000,0x000000002c420000)]
  0x00000000209b8800 JavaThread "Worker-6" [_thread_blocked, id=9188, stack(0x00000000280a0000,0x00000000281a0000)]
  0x00000000192ea800 JavaThread "[ThreadPool Manager] - Idle Thread" daemon [_thread_blocked, id=10416, stack(0x00000000268e0000,0x00000000269e0000)]
=>0x00000000192e9000 JavaThread "EventAdmin Async Event Dispatcher Thread" daemon [_thread_in_Java, id=3744, stack(0x0000000024de0000,0x0000000024ee0000)]
  0x00000000192ed800 JavaThread "Bundle File Closer" daemon [_thread_blocked, id=6552, stack(0x0000000023220000,0x0000000023320000)]
  0x00000000192ec000 JavaThread "Java indexing" daemon [_thread_blocked, id=4476, stack(0x0000000021c20000,0x0000000021d20000)]
  0x000000001a802800 JavaThread "EMF Reference Cleaner" daemon [_thread_blocked, id=6540, stack(0x000000001bf50000,0x000000001c050000)]
  0x000000001a8d5800 JavaThread "Worker-JM" [_thread_blocked, id=8260, stack(0x000000001be50000,0x000000001bf50000)]
  0x000000001a7fa800 JavaThread "[Timer] - Main Queue Handler" daemon [_thread_blocked, id=9332, stack(0x000000001b7c0000,0x000000001b8c0000)]
  0x000000001a4fa000 JavaThread "Start Level: Equinox Container: 2062d5c9-19cd-0016-1527-bdfd79dba5db" daemon [_thread_blocked, id=3240, stack(0x000000001b3c0000,0x000000001b4c0000)]
  0x000000001a53d800 JavaThread "Framework Event Dispatcher: org.eclipse.osgi.internal.framework.EquinoxEventPublisher@214894fc" daemon [_thread_blocked, id=5296, stack(0x000000001b2c0000,0x000000001b3c0000)]
  0x000000001a5e2800 JavaThread "Active Thread: Equinox Container: 2062d5c9-19cd-0016-1527-bdfd79dba5db" [_thread_blocked, id=4400, stack(0x000000001b1c0000,0x000000001b2c0000)]
  0x00000000180fb000 JavaThread "Service Thread" daemon [_thread_blocked, id=392, stack(0x0000000018ce0000,0x0000000018de0000)]
  0x000000001808d800 JavaThread "C1 CompilerThread2" daemon [_thread_blocked, id=7456, stack(0x0000000018be0000,0x0000000018ce0000)]
  0x0000000018085000 JavaThread "C2 CompilerThread1" daemon [_thread_blocked, id=13048, stack(0x0000000018ae0000,0x0000000018be0000)]
  0x000000001803b800 JavaThread "C2 CompilerThread0" daemon [_thread_blocked, id=3748, stack(0x00000000189e0000,0x0000000018ae0000)]
  0x0000000018038800 JavaThread "Attach Listener" daemon [_thread_blocked, id=9836, stack(0x00000000188e0000,0x00000000189e0000)]
  0x0000000018036800 JavaThread "Signal Dispatcher" daemon [_thread_blocked, id=13132, stack(0x00000000187e0000,0x00000000188e0000)]
  0x0000000018082800 JavaThread "Surrogate Locker Thread (Concurrent GC)" daemon [_thread_blocked, id=1904, stack(0x00000000186e0000,0x00000000187e0000)]
  0x000000001801e000 JavaThread "Finalizer" daemon [_thread_blocked, id=2792, stack(0x00000000184d0000,0x00000000185d0000)]
  0x0000000018015800 JavaThread "Reference Handler" daemon [_thread_blocked, id=12724, stack(0x00000000183d0000,0x00000000184d0000)]
  0x0000000002381000 JavaThread "main" [_thread_in_native, id=5360, stack(0x0000000002280000,0x0000000002380000)]

Other Threads:
  0x00000000173ac000 VMThread [stack: 0x00000000182d0000,0x00000000183d0000] [id=11928]
  0x000000001810c800 WatcherThread [stack: 0x0000000018de0000,0x0000000018ee0000] [id=5788]

VM state:not at safepoint (normal execution)

VM Mutex/Monitor currently owned by a thread: None

Heap:
 garbage-first heap   total 262144K, used 157091K [0x00000000c0000000, 0x00000000c0100800, 0x0000000100000000)
  region size 1024K, 44 young (45056K), 5 survivors (5120K)
 Metaspace       used 110822K, capacity 120336K, committed 120564K, reserved 1155072K
  class space    used 12968K, capacity 15847K, committed 15868K, reserved 1048576K

Heap Regions: (Y=young(eden), SU=young(survivor), HS=humongous(starts), HC=humongous(continues), CS=collection set, F=free, TS=gc time stamp, PTAMS=previous top-at-mark-start, NTAMS=next top-at-mark-start)
AC   0  O    TS     0 PTAMS 0x00000000c0100000 NTAMS 0x00000000c0100000 space 1024K, 100% used [0x00000000c0000000, 0x00000000c0100000)
AC   0  O    TS     0 PTAMS 0x00000000c0200000 NTAMS 0x00000000c0200000 space 1024K, 100% used [0x00000000c0100000, 0x00000000c0200000)
AC   0  O    TS     0 PTAMS 0x00000000c0300000 NTAMS 0x00000000c0300000 space 1024K, 100% used [0x00000000c0200000, 0x00000000c0300000)
AC   0  O    TS     0 PTAMS 0x00000000c0400000 NTAMS 0x00000000c0400000 space 1024K, 100% used [0x00000000c0300000, 0x00000000c0400000)
AC   0  O    TS     0 PTAMS 0x00000000c0500000 NTAMS 0x00000000c0500000 space 1024K, 100% used [0x00000000c0400000, 0x00000000c0500000)
AC   0  O    TS     0 PTAMS 0x00000000c0600000 NTAMS 0x00000000c0600000 space 1024K, 100% used [0x00000000c0500000, 0x00000000c0600000)
AC   0  O    TS     5 PTAMS 0x00000000c0600000 NTAMS 0x00000000c0600000 space 1024K, 100% used [0x00000000c0600000, 0x00000000c0700000)
AC   0  O    TS     5 PTAMS 0x00000000c0700000 NTAMS 0x00000000c0700000 space 1024K, 100% used [0x00000000c0700000, 0x00000000c0800000)
AC   0  O    TS     0 PTAMS 0x00000000c0900000 NTAMS 0x00000000c0900000 space 1024K, 100% used [0x00000000c0800000, 0x00000000c0900000)
AC   0  O    TS     0 PTAMS 0x00000000c0a00000 NTAMS 0x00000000c0a00000 space 1024K, 100% used [0x00000000c0900000, 0x00000000c0a00000)
AC   0  O    TS     0 PTAMS 0x00000000c0b00000 NTAMS 0x00000000c0b00000 space 1024K, 100% used [0x00000000c0a00000, 0x00000000c0b00000)
AC   0  O    TS     0 PTAMS 0x00000000c0c00000 NTAMS 0x00000000c0c00000 space 1024K, 100% used [0x00000000c0b00000, 0x00000000c0c00000)
AC   0  O    TS     5 PTAMS 0x00000000c0c00000 NTAMS 0x00000000c0c00000 space 1024K, 100% used [0x00000000c0c00000, 0x00000000c0d00000)
AC   0  O    TS     0 PTAMS 0x00000000c0e00000 NTAMS 0x00000000c0e00000 space 1024K, 100% used [0x00000000c0d00000, 0x00000000c0e00000)
AC   0  O    TS     3 PTAMS 0x00000000c0e00000 NTAMS 0x00000000c0e00000 space 1024K, 100% used [0x00000000c0e00000, 0x00000000c0f00000)
AC   0  O    TS     3 PTAMS 0x00000000c0f00000 NTAMS 0x00000000c0f00000 space 1024K, 100% used [0x00000000c0f00000, 0x00000000c1000000)
AC   0  O    TS     3 PTAMS 0x00000000c1000000 NTAMS 0x00000000c1000000 space 1024K, 100% used [0x00000000c1000000, 0x00000000c1100000)
AC   0  O    TS     3 PTAMS 0x00000000c1100000 NTAMS 0x00000000c1100000 space 1024K, 100% used [0x00000000c1100000, 0x00000000c1200000)
AC   0  O    TS     5 PTAMS 0x00000000c1200000 NTAMS 0x00000000c1200000 space 1024K, 100% used [0x00000000c1200000, 0x00000000c1300000)
AC   0  O    TS     5 PTAMS 0x00000000c1300000 NTAMS 0x00000000c1300000 space 1024K, 100% used [0x00000000c1300000, 0x00000000c1400000)
AC   0  O    TS     0 PTAMS 0x00000000c1500000 NTAMS 0x00000000c1500000 space 1024K, 100% used [0x00000000c1400000, 0x00000000c1500000)
AC   0  O    TS     0 PTAMS 0x00000000c1600000 NTAMS 0x00000000c1600000 space 1024K, 100% used [0x00000000c1500000, 0x00000000c1600000)
AC   0  O    TS     0 PTAMS 0x00000000c1700000 NTAMS 0x00000000c1700000 space 1024K, 100% used [0x00000000c1600000, 0x00000000c1700000)
AC   0  O    TS    17 PTAMS 0x00000000c1700000 NTAMS 0x00000000c1700000 space 1024K, 100% used [0x00000000c1700000, 0x00000000c1800000)
AC   0  O    TS    17 PTAMS 0x00000000c1800000 NTAMS 0x00000000c1800000 space 1024K, 100% used [0x00000000c1800000, 0x00000000c1900000)
AC   0  O    TS     5 PTAMS 0x00000000c1900000 NTAMS 0x00000000c1900000 space 1024K, 100% used [0x00000000c1900000, 0x00000000c1a00000)
AC   0  O    TS    31 PTAMS 0x00000000c1a00000 NTAMS 0x00000000c1a00000 space 1024K, 100% used [0x00000000c1a00000, 0x00000000c1b00000)
AC   0  O    TS    31 PTAMS 0x00000000c1b00000 NTAMS 0x00000000c1b00000 space 1024K, 100% used [0x00000000c1b00000, 0x00000000c1c00000)
AC   0  O    TS    31 PTAMS 0x00000000c1c00000 NTAMS 0x00000000c1c00000 space 1024K, 100% used [0x00000000c1c00000, 0x00000000c1d00000)
AC   0  O    TS    33 PTAMS 0x00000000c1d00000 NTAMS 0x00000000c1d00000 space 1024K, 100% used [0x00000000c1d00000, 0x00000000c1e00000)
AC   0  O    TS     0 PTAMS 0x00000000c1f00000 NTAMS 0x00000000c1f00000 space 1024K, 100% used [0x00000000c1e00000, 0x00000000c1f00000)
AC   0  O    TS     0 PTAMS 0x00000000c2000000 NTAMS 0x00000000c2000000 space 1024K, 100% used [0x00000000c1f00000, 0x00000000c2000000)
AC   0  O    TS     0 PTAMS 0x00000000c2100000 NTAMS 0x00000000c2100000 space 1024K, 100% used [0x00000000c2000000, 0x00000000c2100000)
AC   0  O    TS     0 PTAMS 0x00000000c2200000 NTAMS 0x00000000c2200000 space 1024K, 100% used [0x00000000c2100000, 0x00000000c2200000)
AC   0  O    TS     0 PTAMS 0x00000000c2300000 NTAMS 0x00000000c2300000 space 1024K, 100% used [0x00000000c2200000, 0x00000000c2300000)
AC   0  O    TS    33 PTAMS 0x00000000c2300000 NTAMS 0x00000000c2300000 space 1024K, 100% used [0x00000000c2300000, 0x00000000c2400000)
AC   0  O    TS    33 PTAMS 0x00000000c2400000 NTAMS 0x00000000c2400000 space 1024K, 100% used [0x00000000c2400000, 0x00000000c2500000)
AC   0  O    TS    33 PTAMS 0x00000000c2500000 NTAMS 0x00000000c2500000 space 1024K, 100% used [0x00000000c2500000, 0x00000000c2600000)
AC   0  O    TS    33 PTAMS 0x00000000c2600000 NTAMS 0x00000000c2600000 space 1024K, 100% used [0x00000000c2600000, 0x00000000c2700000)
AC   0  O    TS    33 PTAMS 0x00000000c2700000 NTAMS 0x00000000c2700000 space 1024K, 100% used [0x00000000c2700000, 0x00000000c2800000)
AC   0  O    TS    33 PTAMS 0x00000000c2800000 NTAMS 0x00000000c2800000 space 1024K, 100% used [0x00000000c2800000, 0x00000000c2900000)
AC   0  O    TS     0 PTAMS 0x00000000c2a00000 NTAMS 0x00000000c2a00000 space 1024K, 100% used [0x00000000c2900000, 0x00000000c2a00000)
AC   0  O    TS     0 PTAMS 0x00000000c2b00000 NTAMS 0x00000000c2b00000 space 1024K, 100% used [0x00000000c2a00000, 0x00000000c2b00000)
AC   0  O    TS     0 PTAMS 0x00000000c2c00000 NTAMS 0x00000000c2c00000 space 1024K, 100% used [0x00000000c2b00000, 0x00000000c2c00000)
AC   0  O    TS     0 PTAMS 0x00000000c2d00000 NTAMS 0x00000000c2d00000 space 1024K, 100% used [0x00000000c2c00000, 0x00000000c2d00000)
AC   0  O    TS     0 PTAMS 0x00000000c2e00000 NTAMS 0x00000000c2e00000 space 1024K, 100% used [0x00000000c2d00000, 0x00000000c2e00000)
AC   0  O    TS     0 PTAMS 0x00000000c2f00000 NTAMS 0x00000000c2f00000 space 1024K, 100% used [0x00000000c2e00000, 0x00000000c2f00000)
AC   0  O    TS     0 PTAMS 0x00000000c3000000 NTAMS 0x00000000c3000000 space 1024K, 100% used [0x00000000c2f00000, 0x00000000c3000000)
AC   0  O    TS     0 PTAMS 0x00000000c3100000 NTAMS 0x00000000c3100000 space 1024K, 100% used [0x00000000c3000000, 0x00000000c3100000)
AC   0  O    TS     0 PTAMS 0x00000000c3200000 NTAMS 0x00000000c3200000 space 1024K, 100% used [0x00000000c3100000, 0x00000000c3200000)
AC   0  O    TS     0 PTAMS 0x00000000c3300000 NTAMS 0x00000000c3300000 space 1024K, 100% used [0x00000000c3200000, 0x00000000c3300000)
AC   0  O    TS     0 PTAMS 0x00000000c3400000 NTAMS 0x00000000c3400000 space 1024K, 100% used [0x00000000c3300000, 0x00000000c3400000)
AC   0  O    TS     0 PTAMS 0x00000000c3500000 NTAMS 0x00000000c3500000 space 1024K, 100% used [0x00000000c3400000, 0x00000000c3500000)
AC   0  O    TS     0 PTAMS 0x00000000c3600000 NTAMS 0x00000000c3600000 space 1024K, 100% used [0x00000000c3500000, 0x00000000c3600000)
AC   0  O    TS     0 PTAMS 0x00000000c3700000 NTAMS 0x00000000c3700000 space 1024K, 100% used [0x00000000c3600000, 0x00000000c3700000)
AC   0  O    TS     0 PTAMS 0x00000000c3800000 NTAMS 0x00000000c3800000 space 1024K, 100% used [0x00000000c3700000, 0x00000000c3800000)
AC   0  O    TS     0 PTAMS 0x00000000c3900000 NTAMS 0x00000000c3900000 space 1024K, 100% used [0x00000000c3800000, 0x00000000c3900000)
AC   0  O    TS     0 PTAMS 0x00000000c3a00000 NTAMS 0x00000000c3a00000 space 1024K, 100% used [0x00000000c3900000, 0x00000000c3a00000)
AC   0  O    TS     0 PTAMS 0x00000000c3b00000 NTAMS 0x00000000c3b00000 space 1024K, 100% used [0x00000000c3a00000, 0x00000000c3b00000)
AC   0  O    TS    33 PTAMS 0x00000000c3b00000 NTAMS 0x00000000c3b00000 space 1024K, 100% used [0x00000000c3b00000, 0x00000000c3c00000)
AC   0  O    TS    33 PTAMS 0x00000000c3c00000 NTAMS 0x00000000c3c00000 space 1024K, 100% used [0x00000000c3c00000, 0x00000000c3d00000)
AC   0 HS    TS     0 PTAMS 0x00000000c3d80010 NTAMS 0x00000000c3d80010 space 1024K,  50% used [0x00000000c3d00000, 0x00000000c3e00000)
AC   0  O    TS    33 PTAMS 0x00000000c3e00000 NTAMS 0x00000000c3e00000 space 1024K, 100% used [0x00000000c3e00000, 0x00000000c3f00000)
AC   0  O    TS    33 PTAMS 0x00000000c3f00000 NTAMS 0x00000000c3f00000 space 1024K, 100% used [0x00000000c3f00000, 0x00000000c4000000)
AC   0  O    TS    33 PTAMS 0x00000000c4000000 NTAMS 0x00000000c4000000 space 1024K, 100% used [0x00000000c4000000, 0x00000000c4100000)
AC   0  O    TS    33 PTAMS 0x00000000c4100000 NTAMS 0x00000000c4100000 space 1024K, 100% used [0x00000000c4100000, 0x00000000c4200000)
AC   0  O    TS     0 PTAMS 0x00000000c4300000 NTAMS 0x00000000c4300000 space 1024K, 100% used [0x00000000c4200000, 0x00000000c4300000)
AC   0  O    TS     0 PTAMS 0x00000000c4400000 NTAMS 0x00000000c4400000 space 1024K, 100% used [0x00000000c4300000, 0x00000000c4400000)
AC   0  O    TS     0 PTAMS 0x00000000c4500000 NTAMS 0x00000000c4500000 space 1024K, 100% used [0x00000000c4400000, 0x00000000c4500000)
AC   0  O    TS     0 PTAMS 0x00000000c4600000 NTAMS 0x00000000c4600000 space 1024K, 100% used [0x00000000c4500000, 0x00000000c4600000)
AC   0  O    TS     0 PTAMS 0x00000000c4700000 NTAMS 0x00000000c4700000 space 1024K, 100% used [0x00000000c4600000, 0x00000000c4700000)
AC   0  O    TS     0 PTAMS 0x00000000c4800000 NTAMS 0x00000000c4800000 space 1024K, 100% used [0x00000000c4700000, 0x00000000c4800000)
AC   0  O    TS     0 PTAMS 0x00000000c4900000 NTAMS 0x00000000c4900000 space 1024K, 100% used [0x00000000c4800000, 0x00000000c4900000)
AC   0  O    TS     0 PTAMS 0x00000000c4a00000 NTAMS 0x00000000c4a00000 space 1024K, 100% used [0x00000000c4900000, 0x00000000c4a00000)
AC   0  O    TS     0 PTAMS 0x00000000c4b00000 NTAMS 0x00000000c4b00000 space 1024K, 100% used [0x00000000c4a00000, 0x00000000c4b00000)
AC   0  O    TS     0 PTAMS 0x00000000c4c00000 NTAMS 0x00000000c4c00000 space 1024K, 100% used [0x00000000c4b00000, 0x00000000c4c00000)
AC   0  O    TS     0 PTAMS 0x00000000c4d00000 NTAMS 0x00000000c4d00000 space 1024K, 100% used [0x00000000c4c00000, 0x00000000c4d00000)
AC   0  O    TS    33 PTAMS 0x00000000c4d00000 NTAMS 0x00000000c4d00000 space 1024K, 100% used [0x00000000c4d00000, 0x00000000c4e00000)
AC   0  O    TS     0 PTAMS 0x00000000c4f00000 NTAMS 0x00000000c4f00000 space 1024K, 100% used [0x00000000c4e00000, 0x00000000c4f00000)
AC   0  O    TS     0 PTAMS 0x00000000c5000000 NTAMS 0x00000000c5000000 space 1024K, 100% used [0x00000000c4f00000, 0x00000000c5000000)
AC   0  O    TS     0 PTAMS 0x00000000c5100000 NTAMS 0x00000000c5100000 space 1024K, 100% used [0x00000000c5000000, 0x00000000c5100000)
AC   0  O    TS     0 PTAMS 0x00000000c5200000 NTAMS 0x00000000c5200000 space 1024K, 100% used [0x00000000c5100000, 0x00000000c5200000)
AC   0  O    TS    33 PTAMS 0x00000000c5200000 NTAMS 0x00000000c5200000 space 1024K, 100% used [0x00000000c5200000, 0x00000000c5300000)
AC   0  O    TS    33 PTAMS 0x00000000c5300000 NTAMS 0x00000000c5300000 space 1024K, 100% used [0x00000000c5300000, 0x00000000c5400000)
AC   0  O    TS    33 PTAMS 0x00000000c5400000 NTAMS 0x00000000c5400000 space 1024K, 100% used [0x00000000c5400000, 0x00000000c5500000)
AC   0  O    TS    35 PTAMS 0x00000000c5500000 NTAMS 0x00000000c5500000 space 1024K, 100% used [0x00000000c5500000, 0x00000000c5600000)
AC   0  O    TS     0 PTAMS 0x00000000c5700000 NTAMS 0x00000000c5700000 space 1024K, 100% used [0x00000000c5600000, 0x00000000c5700000)
AC   0  O    TS     0 PTAMS 0x00000000c5800000 NTAMS 0x00000000c5800000 space 1024K, 100% used [0x00000000c5700000, 0x00000000c5800000)
AC   0  O    TS    35 PTAMS 0x00000000c5800000 NTAMS 0x00000000c5800000 space 1024K, 100% used [0x00000000c5800000, 0x00000000c5900000)
AC   0  O    TS    35 PTAMS 0x00000000c5900000 NTAMS 0x00000000c5900000 space 1024K, 100% used [0x00000000c5900000, 0x00000000c5a00000)
AC   0  O    TS    35 PTAMS 0x00000000c5a00000 NTAMS 0x00000000c5a00000 space 1024K, 100% used [0x00000000c5a00000, 0x00000000c5b00000)
AC   0  O    TS     0 PTAMS 0x00000000c5c00000 NTAMS 0x00000000c5c00000 space 1024K, 100% used [0x00000000c5b00000, 0x00000000c5c00000)
AC   0  O    TS    35 PTAMS 0x00000000c5c00000 NTAMS 0x00000000c5c00000 space 1024K, 100% used [0x00000000c5c00000, 0x00000000c5d00000)
AC   0  O    TS     0 PTAMS 0x00000000c5e00000 NTAMS 0x00000000c5e00000 space 1024K, 100% used [0x00000000c5d00000, 0x00000000c5e00000)
AC   0  O    TS    35 PTAMS 0x00000000c5e00000 NTAMS 0x00000000c5e00000 space 1024K, 100% used [0x00000000c5e00000, 0x00000000c5f00000)
AC   0  O    TS    35 PTAMS 0x00000000c5f00000 NTAMS 0x00000000c5f00000 space 1024K, 100% used [0x00000000c5f00000, 0x00000000c6000000)
AC   0  O    TS    35 PTAMS 0x00000000c6000000 NTAMS 0x00000000c6000000 space 1024K, 100% used [0x00000000c6000000, 0x00000000c6100000)
AC   0  O    TS    41 PTAMS 0x00000000c6100000 NTAMS 0x00000000c6100000 space 1024K,  50% used [0x00000000c6100000, 0x00000000c6200000)
AC   0  F    TS    31 PTAMS 0x00000000c6200000 NTAMS 0x00000000c6200000 space 1024K,   0% used [0x00000000c6200000, 0x00000000c6300000)
AC   0  F    TS    31 PTAMS 0x00000000c6300000 NTAMS 0x00000000c6300000 space 1024K,   0% used [0x00000000c6300000, 0x00000000c6400000)
AC   0  F    TS    31 PTAMS 0x00000000c6400000 NTAMS 0x00000000c6400000 space 1024K,   0% used [0x00000000c6400000, 0x00000000c6500000)
AC   0  O    TS     0 PTAMS 0x00000000c6600000 NTAMS 0x00000000c6600000 space 1024K, 100% used [0x00000000c6500000, 0x00000000c6600000)
AC   0  O    TS     0 PTAMS 0x00000000c6700000 NTAMS 0x00000000c6700000 space 1024K, 100% used [0x00000000c6600000, 0x00000000c6700000)
AC   0  O    TS     0 PTAMS 0x00000000c6800000 NTAMS 0x00000000c6800000 space 1024K, 100% used [0x00000000c6700000, 0x00000000c6800000)
AC   0  O    TS     0 PTAMS 0x00000000c6900000 NTAMS 0x00000000c6900000 space 1024K, 100% used [0x00000000c6800000, 0x00000000c6900000)
AC   0  O    TS     0 PTAMS 0x00000000c6a00000 NTAMS 0x00000000c6a00000 space 1024K, 100% used [0x00000000c6900000, 0x00000000c6a00000)
AC   0  O    TS     0 PTAMS 0x00000000c6b00000 NTAMS 0x00000000c6b00000 space 1024K, 100% used [0x00000000c6a00000, 0x00000000c6b00000)
AC   0  F    TS    31 PTAMS 0x00000000c6b00000 NTAMS 0x00000000c6b00000 space 1024K,   0% used [0x00000000c6b00000, 0x00000000c6c00000)
AC   0  O    TS     0 PTAMS 0x00000000c6d00000 NTAMS 0x00000000c6d00000 space 1024K, 100% used [0x00000000c6c00000, 0x00000000c6d00000)
AC   0  O    TS     0 PTAMS 0x00000000c6e00000 NTAMS 0x00000000c6e00000 space 1024K, 100% used [0x00000000c6d00000, 0x00000000c6e00000)
AC   0  F    TS    31 PTAMS 0x00000000c6e00000 NTAMS 0x00000000c6e00000 space 1024K,   0% used [0x00000000c6e00000, 0x00000000c6f00000)
AC   0  F    TS    31 PTAMS 0x00000000c6f00000 NTAMS 0x00000000c6f00000 space 1024K,   0% used [0x00000000c6f00000, 0x00000000c7000000)
AC   0  O    TS     0 PTAMS 0x00000000c7100000 NTAMS 0x00000000c7100000 space 1024K, 100% used [0x00000000c7000000, 0x00000000c7100000)
AC   0  F    TS    31 PTAMS 0x00000000c7100000 NTAMS 0x00000000c7100000 space 1024K,   0% used [0x00000000c7100000, 0x00000000c7200000)
AC   0  O    TS     0 PTAMS 0x00000000c7300000 NTAMS 0x00000000c7300000 space 1024K, 100% used [0x00000000c7200000, 0x00000000c7300000)
AC   0  O    TS     0 PTAMS 0x00000000c7400000 NTAMS 0x00000000c7400000 space 1024K, 100% used [0x00000000c7300000, 0x00000000c7400000)
AC   0  O    TS     3 PTAMS 0x00000000c7460800 NTAMS 0x00000000c7460800 space 1024K, 100% used [0x00000000c7400000, 0x00000000c7500000)
AC   0  F    TS    31 PTAMS 0x00000000c7500000 NTAMS 0x00000000c7500000 space 1024K,   0% used [0x00000000c7500000, 0x00000000c7600000)
AC   0  F    TS    31 PTAMS 0x00000000c7600000 NTAMS 0x00000000c7600000 space 1024K,   0% used [0x00000000c7600000, 0x00000000c7700000)
AC   0  O    TS    33 PTAMS 0x00000000c7700000 NTAMS 0x00000000c7700000 space 1024K, 100% used [0x00000000c7700000, 0x00000000c7800000)
AC   0  O    TS    35 PTAMS 0x00000000c7800000 NTAMS 0x00000000c7800000 space 1024K, 100% used [0x00000000c7800000, 0x00000000c7900000)
AC   0  F    TS    29 PTAMS 0x00000000c7900000 NTAMS 0x00000000c7900000 space 1024K,   0% used [0x00000000c7900000, 0x00000000c7a00000)
AC   0  F    TS    29 PTAMS 0x00000000c7a00000 NTAMS 0x00000000c7a00000 space 1024K,   0% used [0x00000000c7a00000, 0x00000000c7b00000)
AC   0  F    TS    29 PTAMS 0x00000000c7b00000 NTAMS 0x00000000c7b00000 space 1024K,   0% used [0x00000000c7b00000, 0x00000000c7c00000)
AC   0  F    TS    29 PTAMS 0x00000000c7c00000 NTAMS 0x00000000c7c00000 space 1024K,   0% used [0x00000000c7c00000, 0x00000000c7d00000)
AC   0  F    TS    29 PTAMS 0x00000000c7d00000 NTAMS 0x00000000c7d00000 space 1024K,   0% used [0x00000000c7d00000, 0x00000000c7e00000)
AC   0  F    TS    29 PTAMS 0x00000000c7e00000 NTAMS 0x00000000c7e00000 space 1024K,   0% used [0x00000000c7e00000, 0x00000000c7f00000)
AC   0  F    TS    29 PTAMS 0x00000000c7f00000 NTAMS 0x00000000c7f00000 space 1024K,   0% used [0x00000000c7f00000, 0x00000000c8000000)
AC   0  F    TS    29 PTAMS 0x00000000c8000000 NTAMS 0x00000000c8000000 space 1024K,   0% used [0x00000000c8000000, 0x00000000c8100000)
AC   0  F    TS    29 PTAMS 0x00000000c8100000 NTAMS 0x00000000c8100000 space 1024K,   0% used [0x00000000c8100000, 0x00000000c8200000)
AC   0  F    TS     0 PTAMS 0x00000000c8200000 NTAMS 0x00000000c8200000 space 1024K,   0% used [0x00000000c8200000, 0x00000000c8300000)
AC   0  F    TS     0 PTAMS 0x00000000c8300000 NTAMS 0x00000000c8300000 space 1024K,   0% used [0x00000000c8300000, 0x00000000c8400000)
AC   0  F    TS     0 PTAMS 0x00000000c8400000 NTAMS 0x00000000c8400000 space 1024K,   0% used [0x00000000c8400000, 0x00000000c8500000)
AC   0  F    TS     0 PTAMS 0x00000000c8500000 NTAMS 0x00000000c8500000 space 1024K,   0% used [0x00000000c8500000, 0x00000000c8600000)
AC   0  F    TS     0 PTAMS 0x00000000c8600000 NTAMS 0x00000000c8600000 space 1024K,   0% used [0x00000000c8600000, 0x00000000c8700000)
AC   0  F    TS     0 PTAMS 0x00000000c8700000 NTAMS 0x00000000c8700000 space 1024K,   0% used [0x00000000c8700000, 0x00000000c8800000)
AC   0  F    TS     0 PTAMS 0x00000000c8800000 NTAMS 0x00000000c8800000 space 1024K,   0% used [0x00000000c8800000, 0x00000000c8900000)
AC   0  F    TS    33 PTAMS 0x00000000c8900000 NTAMS 0x00000000c8900000 space 1024K,   0% used [0x00000000c8900000, 0x00000000c8a00000)
AC   0  F    TS    33 PTAMS 0x00000000c8a00000 NTAMS 0x00000000c8a00000 space 1024K,   0% used [0x00000000c8a00000, 0x00000000c8b00000)
AC   0  F    TS    33 PTAMS 0x00000000c8b00000 NTAMS 0x00000000c8b00000 space 1024K,   0% used [0x00000000c8b00000, 0x00000000c8c00000)
AC   0  S CS TS    41 PTAMS 0x00000000c8c00000 NTAMS 0x00000000c8c00000 space 1024K,  40% used [0x00000000c8c00000, 0x00000000c8d00000)
AC   0  S CS TS    41 PTAMS 0x00000000c8d00000 NTAMS 0x00000000c8d00000 space 1024K, 100% used [0x00000000c8d00000, 0x00000000c8e00000)
AC   0  S CS TS    41 PTAMS 0x00000000c8e00000 NTAMS 0x00000000c8e00000 space 1024K, 100% used [0x00000000c8e00000, 0x00000000c8f00000)
AC   0  F    TS    39 PTAMS 0x00000000c8f00000 NTAMS 0x00000000c8f00000 space 1024K,   0% used [0x00000000c8f00000, 0x00000000c9000000)
AC   0  F    TS    39 PTAMS 0x00000000c9000000 NTAMS 0x00000000c9000000 space 1024K,   0% used [0x00000000c9000000, 0x00000000c9100000)
AC   0  S CS TS    41 PTAMS 0x00000000c9100000 NTAMS 0x00000000c9100000 space 1024K, 100% used [0x00000000c9100000, 0x00000000c9200000)
AC   0  S CS TS    41 PTAMS 0x00000000c9200000 NTAMS 0x00000000c9200000 space 1024K, 100% used [0x00000000c9200000, 0x00000000c9300000)
AC   0  F    TS    37 PTAMS 0x00000000c9300000 NTAMS 0x00000000c9300000 space 1024K,   0% used [0x00000000c9300000, 0x00000000c9400000)
AC   0  F    TS    39 PTAMS 0x00000000c9400000 NTAMS 0x00000000c9400000 space 1024K,   0% used [0x00000000c9400000, 0x00000000c9500000)
AC   0  F    TS    35 PTAMS 0x00000000c9500000 NTAMS 0x00000000c9500000 space 1024K,   0% used [0x00000000c9500000, 0x00000000c9600000)
AC   0  F    TS    35 PTAMS 0x00000000c9600000 NTAMS 0x00000000c9600000 space 1024K,   0% used [0x00000000c9600000, 0x00000000c9700000)
AC   0  F    TS     1 PTAMS 0x00000000c9700000 NTAMS 0x00000000c9700000 space 1024K,   0% used [0x00000000c9700000, 0x00000000c9800000)
AC   0  F    TS     1 PTAMS 0x00000000c9800000 NTAMS 0x00000000c9800000 space 1024K,   0% used [0x00000000c9800000, 0x00000000c9900000)
AC   0  F    TS     1 PTAMS 0x00000000c9900000 NTAMS 0x00000000c9900000 space 1024K,   0% used [0x00000000c9900000, 0x00000000c9a00000)
AC   0  F    TS     1 PTAMS 0x00000000c9a00000 NTAMS 0x00000000c9a00000 space 1024K,   0% used [0x00000000c9a00000, 0x00000000c9b00000)
AC   0  F    TS     0 PTAMS 0x00000000c9b00000 NTAMS 0x00000000c9b00000 space 1024K,   0% used [0x00000000c9b00000, 0x00000000c9c00000)
AC   0  F    TS     0 PTAMS 0x00000000c9c00000 NTAMS 0x00000000c9c00000 space 1024K,   0% used [0x00000000c9c00000, 0x00000000c9d00000)
AC   0  F    TS     0 PTAMS 0x00000000c9d00000 NTAMS 0x00000000c9d00000 space 1024K,   0% used [0x00000000c9d00000, 0x00000000c9e00000)
AC   0  F    TS     0 PTAMS 0x00000000c9e00000 NTAMS 0x00000000c9e00000 space 1024K,   0% used [0x00000000c9e00000, 0x00000000c9f00000)
AC   0  F    TS     0 PTAMS 0x00000000c9f00000 NTAMS 0x00000000c9f00000 space 1024K,   0% used [0x00000000c9f00000, 0x00000000ca000000)
AC   0  F    TS     0 PTAMS 0x00000000ca000000 NTAMS 0x00000000ca000000 space 1024K,   0% used [0x00000000ca000000, 0x00000000ca100000)
AC   0  F    TS     0 PTAMS 0x00000000ca100000 NTAMS 0x00000000ca100000 space 1024K,   0% used [0x00000000ca100000, 0x00000000ca200000)
AC   0  F    TS     0 PTAMS 0x00000000ca200000 NTAMS 0x00000000ca200000 space 1024K,   0% used [0x00000000ca200000, 0x00000000ca300000)
AC   0  F    TS     0 PTAMS 0x00000000ca300000 NTAMS 0x00000000ca300000 space 1024K,   0% used [0x00000000ca300000, 0x00000000ca400000)
AC   0  F    TS     0 PTAMS 0x00000000ca400000 NTAMS 0x00000000ca400000 space 1024K,   0% used [0x00000000ca400000, 0x00000000ca500000)
AC   0  F    TS     0 PTAMS 0x00000000ca500000 NTAMS 0x00000000ca500000 space 1024K,   0% used [0x00000000ca500000, 0x00000000ca600000)
AC   0  F    TS     0 PTAMS 0x00000000ca600000 NTAMS 0x00000000ca600000 space 1024K,   0% used [0x00000000ca600000, 0x00000000ca700000)
AC   0  F    TS     0 PTAMS 0x00000000ca700000 NTAMS 0x00000000ca700000 space 1024K,   0% used [0x00000000ca700000, 0x00000000ca800000)
AC   0  F    TS     0 PTAMS 0x00000000ca800000 NTAMS 0x00000000ca800000 space 1024K,   0% used [0x00000000ca800000, 0x00000000ca900000)
AC   0  F    TS     0 PTAMS 0x00000000ca900000 NTAMS 0x00000000ca900000 space 1024K,   0% used [0x00000000ca900000, 0x00000000caa00000)
AC   0  F    TS     0 PTAMS 0x00000000caa00000 NTAMS 0x00000000caa00000 space 1024K,   0% used [0x00000000caa00000, 0x00000000cab00000)
AC   0  F    TS     0 PTAMS 0x00000000cab00000 NTAMS 0x00000000cab00000 space 1024K,   0% used [0x00000000cab00000, 0x00000000cac00000)
AC   0  F    TS     0 PTAMS 0x00000000cac00000 NTAMS 0x00000000cac00000 space 1024K,   0% used [0x00000000cac00000, 0x00000000cad00000)
AC   0  F    TS     0 PTAMS 0x00000000cad00000 NTAMS 0x00000000cad00000 space 1024K,   0% used [0x00000000cad00000, 0x00000000cae00000)
AC   0  F    TS     0 PTAMS 0x00000000cae00000 NTAMS 0x00000000cae00000 space 1024K,   0% used [0x00000000cae00000, 0x00000000caf00000)
AC   0  F    TS     0 PTAMS 0x00000000caf00000 NTAMS 0x00000000caf00000 space 1024K,   0% used [0x00000000caf00000, 0x00000000cb000000)
AC   0  F    TS     0 PTAMS 0x00000000cb000000 NTAMS 0x00000000cb000000 space 1024K,   0% used [0x00000000cb000000, 0x00000000cb100000)
AC   0  F    TS     0 PTAMS 0x00000000cb100000 NTAMS 0x00000000cb100000 space 1024K,   0% used [0x00000000cb100000, 0x00000000cb200000)
AC   0  F    TS     0 PTAMS 0x00000000cb200000 NTAMS 0x00000000cb200000 space 1024K,   0% used [0x00000000cb200000, 0x00000000cb300000)
AC   0  F    TS     0 PTAMS 0x00000000cb300000 NTAMS 0x00000000cb300000 space 1024K,   0% used [0x00000000cb300000, 0x00000000cb400000)
AC   0  F    TS     0 PTAMS 0x00000000cb400000 NTAMS 0x00000000cb400000 space 1024K,   0% used [0x00000000cb400000, 0x00000000cb500000)
AC   0  F    TS     0 PTAMS 0x00000000cb500000 NTAMS 0x00000000cb500000 space 1024K,   0% used [0x00000000cb500000, 0x00000000cb600000)
AC   0  F    TS     0 PTAMS 0x00000000cb600000 NTAMS 0x00000000cb600000 space 1024K,   0% used [0x00000000cb600000, 0x00000000cb700000)
AC   0  F    TS     0 PTAMS 0x00000000cb700000 NTAMS 0x00000000cb700000 space 1024K,   0% used [0x00000000cb700000, 0x00000000cb800000)
AC   0  F    TS     0 PTAMS 0x00000000cb800000 NTAMS 0x00000000cb800000 space 1024K,   0% used [0x00000000cb800000, 0x00000000cb900000)
AC   0  F    TS     0 PTAMS 0x00000000cb900000 NTAMS 0x00000000cb900000 space 1024K,   0% used [0x00000000cb900000, 0x00000000cba00000)
AC   0  F    TS     0 PTAMS 0x00000000cba00000 NTAMS 0x00000000cba00000 space 1024K,   0% used [0x00000000cba00000, 0x00000000cbb00000)
AC   0  F    TS     0 PTAMS 0x00000000cbb00000 NTAMS 0x00000000cbb00000 space 1024K,   0% used [0x00000000cbb00000, 0x00000000cbc00000)
AC   0  F    TS     0 PTAMS 0x00000000cbc00000 NTAMS 0x00000000cbc00000 space 1024K,   0% used [0x00000000cbc00000, 0x00000000cbd00000)
AC   0  F    TS     0 PTAMS 0x00000000cbd00000 NTAMS 0x00000000cbd00000 space 1024K,   0% used [0x00000000cbd00000, 0x00000000cbe00000)
AC   0  F    TS     0 PTAMS 0x00000000cbe00000 NTAMS 0x00000000cbe00000 space 1024K,   0% used [0x00000000cbe00000, 0x00000000cbf00000)
AC   0  F    TS     0 PTAMS 0x00000000cbf00000 NTAMS 0x00000000cbf00000 space 1024K,   0% used [0x00000000cbf00000, 0x00000000cc000000)
AC   0  F    TS     0 PTAMS 0x00000000cc000000 NTAMS 0x00000000cc000000 space 1024K,   0% used [0x00000000cc000000, 0x00000000cc100000)
AC   0  F    TS     0 PTAMS 0x00000000cc100000 NTAMS 0x00000000cc100000 space 1024K,   0% used [0x00000000cc100000, 0x00000000cc200000)
AC   0  F    TS     0 PTAMS 0x00000000cc200000 NTAMS 0x00000000cc200000 space 1024K,   0% used [0x00000000cc200000, 0x00000000cc300000)
AC   0  F    TS     0 PTAMS 0x00000000cc300000 NTAMS 0x00000000cc300000 space 1024K,   0% used [0x00000000cc300000, 0x00000000cc400000)
AC   0  F    TS     0 PTAMS 0x00000000cc400000 NTAMS 0x00000000cc400000 space 1024K,   0% used [0x00000000cc400000, 0x00000000cc500000)
AC   0  F    TS     0 PTAMS 0x00000000cc500000 NTAMS 0x00000000cc500000 space 1024K,   0% used [0x00000000cc500000, 0x00000000cc600000)
AC   0  F    TS     0 PTAMS 0x00000000cc600000 NTAMS 0x00000000cc600000 space 1024K,   0% used [0x00000000cc600000, 0x00000000cc700000)
AC   0  F    TS     0 PTAMS 0x00000000cc700000 NTAMS 0x00000000cc700000 space 1024K,   0% used [0x00000000cc700000, 0x00000000cc800000)
AC   0  F    TS     0 PTAMS 0x00000000cc800000 NTAMS 0x00000000cc800000 space 1024K,   0% used [0x00000000cc800000, 0x00000000cc900000)
AC   0  F    TS     0 PTAMS 0x00000000cc900000 NTAMS 0x00000000cc900000 space 1024K,   0% used [0x00000000cc900000, 0x00000000cca00000)
AC   0  F    TS     0 PTAMS 0x00000000cca00000 NTAMS 0x00000000cca00000 space 1024K,   0% used [0x00000000cca00000, 0x00000000ccb00000)
AC   0  F    TS     0 PTAMS 0x00000000ccb00000 NTAMS 0x00000000ccb00000 space 1024K,   0% used [0x00000000ccb00000, 0x00000000ccc00000)
AC   0  F    TS     0 PTAMS 0x00000000ccc00000 NTAMS 0x00000000ccc00000 space 1024K,   0% used [0x00000000ccc00000, 0x00000000ccd00000)
AC   0  F    TS     0 PTAMS 0x00000000ccd00000 NTAMS 0x00000000ccd00000 space 1024K,   0% used [0x00000000ccd00000, 0x00000000cce00000)
AC   0  F    TS     0 PTAMS 0x00000000cce00000 NTAMS 0x00000000cce00000 space 1024K,   0% used [0x00000000cce00000, 0x00000000ccf00000)
AC   0  F    TS     0 PTAMS 0x00000000ccf00000 NTAMS 0x00000000ccf00000 space 1024K,   0% used [0x00000000ccf00000, 0x00000000cd000000)
AC   0  F    TS     0 PTAMS 0x00000000cd000000 NTAMS 0x00000000cd000000 space 1024K,   0% used [0x00000000cd000000, 0x00000000cd100000)
AC   0  F    TS     0 PTAMS 0x00000000cd100000 NTAMS 0x00000000cd100000 space 1024K,   0% used [0x00000000cd100000, 0x00000000cd200000)
AC   0  F    TS     0 PTAMS 0x00000000cd200000 NTAMS 0x00000000cd200000 space 1024K,   0% used [0x00000000cd200000, 0x00000000cd300000)
AC   0  F    TS     0 PTAMS 0x00000000cd300000 NTAMS 0x00000000cd300000 space 1024K,   0% used [0x00000000cd300000, 0x00000000cd400000)
AC   0  F    TS     0 PTAMS 0x00000000cd400000 NTAMS 0x00000000cd400000 space 1024K,   0% used [0x00000000cd400000, 0x00000000cd500000)
AC   0  F    TS     0 PTAMS 0x00000000cd500000 NTAMS 0x00000000cd500000 space 1024K,   0% used [0x00000000cd500000, 0x00000000cd600000)
AC   0  F    TS     0 PTAMS 0x00000000cd600000 NTAMS 0x00000000cd600000 space 1024K,   0% used [0x00000000cd600000, 0x00000000cd700000)
AC   0  F    TS     0 PTAMS 0x00000000cd700000 NTAMS 0x00000000cd700000 space 1024K,   0% used [0x00000000cd700000, 0x00000000cd800000)
AC   0  F    TS     0 PTAMS 0x00000000cd800000 NTAMS 0x00000000cd800000 space 1024K,   0% used [0x00000000cd800000, 0x00000000cd900000)
AC   0  E    TS     0 PTAMS 0x00000000cd900000 NTAMS 0x00000000cd900000 space 1024K, 100% used [0x00000000cd900000, 0x00000000cda00000)
AC   0  E CS TS     0 PTAMS 0x00000000cda00000 NTAMS 0x00000000cda00000 space 1024K, 100% used [0x00000000cda00000, 0x00000000cdb00000)
AC   0  E CS TS     0 PTAMS 0x00000000cdb00000 NTAMS 0x00000000cdb00000 space 1024K, 100% used [0x00000000cdb00000, 0x00000000cdc00000)
AC   0  E CS TS     0 PTAMS 0x00000000cdc00000 NTAMS 0x00000000cdc00000 space 1024K, 100% used [0x00000000cdc00000, 0x00000000cdd00000)
AC   0  E CS TS     0 PTAMS 0x00000000cdd00000 NTAMS 0x00000000cdd00000 space 1024K, 100% used [0x00000000cdd00000, 0x00000000cde00000)
AC   0  E CS TS     0 PTAMS 0x00000000cde00000 NTAMS 0x00000000cde00000 space 1024K, 100% used [0x00000000cde00000, 0x00000000cdf00000)
AC   0  E CS TS     0 PTAMS 0x00000000cdf00000 NTAMS 0x00000000cdf00000 space 1024K, 100% used [0x00000000cdf00000, 0x00000000ce000000)
AC   0  E CS TS     0 PTAMS 0x00000000ce000000 NTAMS 0x00000000ce000000 space 1024K, 100% used [0x00000000ce000000, 0x00000000ce100000)
AC   0  E CS TS     0 PTAMS 0x00000000ce100000 NTAMS 0x00000000ce100000 space 1024K, 100% used [0x00000000ce100000, 0x00000000ce200000)
AC   0  E CS TS     0 PTAMS 0x00000000ce200000 NTAMS 0x00000000ce200000 space 1024K, 100% used [0x00000000ce200000, 0x00000000ce300000)
AC   0  E CS TS     0 PTAMS 0x00000000ce300000 NTAMS 0x00000000ce300000 space 1024K, 100% used [0x00000000ce300000, 0x00000000ce400000)
AC   0  E CS TS     0 PTAMS 0x00000000ce400000 NTAMS 0x00000000ce400000 space 1024K, 100% used [0x00000000ce400000, 0x00000000ce500000)
AC   0  E CS TS     0 PTAMS 0x00000000ce500000 NTAMS 0x00000000ce500000 space 1024K, 100% used [0x00000000ce500000, 0x00000000ce600000)
AC   0  E CS TS     0 PTAMS 0x00000000ce600000 NTAMS 0x00000000ce600000 space 1024K, 100% used [0x00000000ce600000, 0x00000000ce700000)
AC   0  E CS TS     0 PTAMS 0x00000000ce700000 NTAMS 0x00000000ce700000 space 1024K, 100% used [0x00000000ce700000, 0x00000000ce800000)
AC   0  E CS TS     0 PTAMS 0x00000000ce800000 NTAMS 0x00000000ce800000 space 1024K, 100% used [0x00000000ce800000, 0x00000000ce900000)
AC   0  E CS TS     0 PTAMS 0x00000000ce900000 NTAMS 0x00000000ce900000 space 1024K, 100% used [0x00000000ce900000, 0x00000000cea00000)
AC   0  E CS TS     0 PTAMS 0x00000000cea00000 NTAMS 0x00000000cea00000 space 1024K, 100% used [0x00000000cea00000, 0x00000000ceb00000)
AC   0  E CS TS     0 PTAMS 0x00000000ceb00000 NTAMS 0x00000000ceb00000 space 1024K, 100% used [0x00000000ceb00000, 0x00000000cec00000)
AC   0  E CS TS     0 PTAMS 0x00000000cec00000 NTAMS 0x00000000cec00000 space 1024K, 100% used [0x00000000cec00000, 0x00000000ced00000)
AC   0  E CS TS     0 PTAMS 0x00000000ced00000 NTAMS 0x00000000ced00000 space 1024K, 100% used [0x00000000ced00000, 0x00000000cee00000)
AC   0  E CS TS     0 PTAMS 0x00000000cee00000 NTAMS 0x00000000cee00000 space 1024K, 100% used [0x00000000cee00000, 0x00000000cef00000)
AC   0  E CS TS     0 PTAMS 0x00000000cef00000 NTAMS 0x00000000cef00000 space 1024K, 100% used [0x00000000cef00000, 0x00000000cf000000)
AC   0  E CS TS     0 PTAMS 0x00000000cf000000 NTAMS 0x00000000cf000000 space 1024K, 100% used [0x00000000cf000000, 0x00000000cf100000)
AC   0  E CS TS     0 PTAMS 0x00000000cf100000 NTAMS 0x00000000cf100000 space 1024K, 100% used [0x00000000cf100000, 0x00000000cf200000)
AC   0  E CS TS     5 PTAMS 0x00000000cf200000 NTAMS 0x00000000cf200000 space 1024K, 100% used [0x00000000cf200000, 0x00000000cf300000)
AC   0  E CS TS     5 PTAMS 0x00000000cf300000 NTAMS 0x00000000cf300000 space 1024K, 100% used [0x00000000cf300000, 0x00000000cf400000)
AC   0  E CS TS     0 PTAMS 0x00000000cf400000 NTAMS 0x00000000cf400000 space 1024K, 100% used [0x00000000cf400000, 0x00000000cf500000)
AC   0  E CS TS     0 PTAMS 0x00000000cf500000 NTAMS 0x00000000cf500000 space 1024K, 100% used [0x00000000cf500000, 0x00000000cf600000)
AC   0  E CS TS     0 PTAMS 0x00000000cf600000 NTAMS 0x00000000cf600000 space 1024K, 100% used [0x00000000cf600000, 0x00000000cf700000)
AC   0  E CS TS     0 PTAMS 0x00000000cf700000 NTAMS 0x00000000cf700000 space 1024K, 100% used [0x00000000cf700000, 0x00000000cf800000)
AC   0  E CS TS     3 PTAMS 0x00000000cf800000 NTAMS 0x00000000cf800000 space 1024K, 100% used [0x00000000cf800000, 0x00000000cf900000)
AC   0  E CS TS     3 PTAMS 0x00000000cf900000 NTAMS 0x00000000cf900000 space 1024K, 100% used [0x00000000cf900000, 0x00000000cfa00000)
AC   0  E CS TS     0 PTAMS 0x00000000cfa00000 NTAMS 0x00000000cfa00000 space 1024K, 100% used [0x00000000cfa00000, 0x00000000cfb00000)
AC   0  E CS TS     0 PTAMS 0x00000000cfb00000 NTAMS 0x00000000cfb00000 space 1024K, 100% used [0x00000000cfb00000, 0x00000000cfc00000)
AC   0  E CS TS     0 PTAMS 0x00000000cfc00000 NTAMS 0x00000000cfc00000 space 1024K, 100% used [0x00000000cfc00000, 0x00000000cfd00000)
AC   0  E CS TS     0 PTAMS 0x00000000cfd00000 NTAMS 0x00000000cfd00000 space 1024K, 100% used [0x00000000cfd00000, 0x00000000cfe00000)
AC   0  E CS TS     0 PTAMS 0x00000000cfe00000 NTAMS 0x00000000cfe00000 space 1024K, 100% used [0x00000000cfe00000, 0x00000000cff00000)
AC   0  E CS TS     0 PTAMS 0x00000000cff00000 NTAMS 0x00000000cff00000 space 1024K, 100% used [0x00000000cff00000, 0x00000000d0000000)

Card table byte_map: [0x0000000012990000,0x0000000012b90000] byte_map_base: 0x0000000012390000

Marking Bits (Prev, Next): (CMBitMap*) 0x00000000023b83f0, (CMBitMap*) 0x00000000023b8398
 Prev Bits: [0x0000000013d90000, 0x0000000014d90000)
 Next Bits: [0x0000000012d90000, 0x0000000013d90000)

Polling page: 0x00000000021d0000

CodeCache: size=245760Kb used=67104Kb max_used=67138Kb free=178655Kb
 bounds [0x0000000002480000, 0x0000000006690000, 0x0000000011480000]
 total_blobs=17244 nmethods=16238 adapters=911
 compilation: enabled

Compilation events (10 events):
Event: 10906.187 Thread 0x000000001808d800 20985       3       com.google.common.hash.AbstractStreamingHashFunction$AbstractStreamingHasher::putBytes (9 bytes)
Event: 10906.187 Thread 0x000000001808d800 nmethod 20985 0x000000000664ad90 code [0x000000000664af40, 0x000000000664b4d8]
Event: 10906.187 Thread 0x000000001808d800 20990       3       com.google.common.hash.AbstractStreamingHashFunction$AbstractStreamingHasher::munch (42 bytes)
Event: 10906.188 Thread 0x000000001808d800 nmethod 20990 0x0000000005d51e50 code [0x0000000005d51fe0, 0x0000000005d52558]
Event: 10906.188 Thread 0x000000001808d800 20987       3       java.nio.ByteBuffer::order (48 bytes)
Event: 10906.188 Thread 0x000000001808d800 nmethod 20987 0x000000000664b850 code [0x000000000664b9c0, 0x000000000664bc50]
Event: 10906.188 Thread 0x000000001808d800 20986       3       com.google.common.hash.AbstractStreamingHashFunction$AbstractStreamingHasher::putBytes (17 bytes)
Event: 10906.189 Thread 0x000000001808d800 nmethod 20986 0x000000000664bd10 code [0x000000000664bec0, 0x000000000664c378]
Event: 10906.189 Thread 0x000000001808d800 20989       3       java.nio.HeapByteBuffer::_put (8 bytes)
Event: 10906.189 Thread 0x000000001808d800 nmethod 20989 0x000000000664c690 code [0x000000000664c7e0, 0x000000000664c950]

GC Heap History (10 events):
Event: 1221.326 GC heap before
{Heap before GC invocations=38 (full 0):
 garbage-first heap   total 262144K, used 215800K [0x00000000c0000000, 0x00000000c0100800, 0x0000000100000000)
  region size 1024K, 127 young (130048K), 18 survivors (18432K)
 Metaspace       used 110010K, capacity 119704K, committed 120052K, reserved 1153024K
  class space    used 12930K, capacity 15811K, committed 15868K, reserved 1048576K
Event: 1221.404 GC heap after
Heap after GC invocations=39 (full 0):
 garbage-first heap   total 262144K, used 114624K [0x00000000c0000000, 0x00000000c0100800, 0x0000000100000000)
  region size 1024K, 10 young (10240K), 10 survivors (10240K)
 Metaspace       used 110010K, capacity 119704K, committed 120052K, reserved 1153024K
  class space    used 12930K, capacity 15811K, committed 15868K, reserved 1048576K
}
Event: 2628.278 GC heap before
{Heap before GC invocations=39 (full 0):
 garbage-first heap   total 262144K, used 222144K [0x00000000c0000000, 0x00000000c0100800, 0x0000000100000000)
  region size 1024K, 115 young (117760K), 10 survivors (10240K)
 Metaspace       used 110124K, capacity 119768K, committed 120052K, reserved 1153024K
  class space    used 12930K, capacity 15811K, committed 15868K, reserved 1048576K
Event: 2628.412 GC heap after
Heap after GC invocations=40 (full 0):
 garbage-first heap   total 262144K, used 116224K [0x00000000c0000000, 0x00000000c0100800, 0x0000000100000000)
  region size 1024K, 3 young (3072K), 3 survivors (3072K)
 Metaspace       used 110124K, capacity 119768K, committed 120052K, reserved 1153024K
  class space    used 12930K, capacity 15811K, committed 15868K, reserved 1048576K
}
Event: 3943.574 GC heap before
{Heap before GC invocations=40 (full 0):
 garbage-first heap   total 262144K, used 223744K [0x00000000c0000000, 0x00000000c0100800, 0x0000000100000000)
  region size 1024K, 108 young (110592K), 3 survivors (3072K)
 Metaspace       used 110163K, capacity 119774K, committed 120052K, reserved 1153024K
  class space    used 12931K, capacity 15812K, committed 15868K, reserved 1048576K
Event: 3943.628 GC heap after
Heap after GC invocations=41 (full 0):
 garbage-first heap   total 262144K, used 116736K [0x00000000c0000000, 0x00000000c0100800, 0x0000000100000000)
  region size 1024K, 3 young (3072K), 3 survivors (3072K)
 Metaspace       used 110163K, capacity 119774K, committed 120052K, reserved 1153024K
  class space    used 12931K, capacity 15812K, committed 15868K, reserved 1048576K
}
Event: 6623.480 GC heap before
{Heap before GC invocations=41 (full 0):
 garbage-first heap   total 262144K, used 226304K [0x00000000c0000000, 0x00000000c0100800, 0x0000000100000000)
  region size 1024K, 110 young (112640K), 3 survivors (3072K)
 Metaspace       used 110319K, capacity 119966K, committed 120308K, reserved 1153024K
  class space    used 12931K, capacity 15812K, committed 15868K, reserved 1048576K
Event: 6623.628 GC heap after
Heap after GC invocations=42 (full 0):
 garbage-first heap   total 262144K, used 116433K [0x00000000c0000000, 0x00000000c0100800, 0x0000000100000000)
  region size 1024K, 3 young (3072K), 3 survivors (3072K)
 Metaspace       used 110319K, capacity 119966K, committed 120308K, reserved 1153024K
  class space    used 12931K, capacity 15812K, committed 15868K, reserved 1048576K
}
Event: 10902.411 GC heap before
{Heap before GC invocations=42 (full 0):
 garbage-first heap   total 262144K, used 227025K [0x00000000c0000000, 0x00000000c0100800, 0x0000000100000000)
  region size 1024K, 111 young (113664K), 3 survivors (3072K)
 Metaspace       used 110490K, capacity 120196K, committed 120564K, reserved 1155072K
  class space    used 12948K, capacity 15845K, committed 15868K, reserved 1048576K
Event: 10902.539 GC heap after
Heap after GC invocations=43 (full 0):
 garbage-first heap   total 262144K, used 118179K [0x00000000c0000000, 0x00000000c0100800, 0x0000000100000000)
  region size 1024K, 5 young (5120K), 5 survivors (5120K)
 Metaspace       used 110490K, capacity 120196K, committed 120564K, reserved 1155072K
  class space    used 12948K, capacity 15845K, committed 15868K, reserved 1048576K
}

Deoptimization events (10 events):
Event: 10905.411 Thread 0x0000000002381000 Uncommon trap: reason=unstable_if action=reinterpret pc=0x0000000005f41db0 method=org.eclipse.jdt.internal.ui.javaeditor.JavaEditor.getAdapter(Ljava/lang/Class;)Ljava/lang/Object; @ 50
Event: 10905.436 Thread 0x0000000029961000 Uncommon trap: reason=bimorphic action=maybe_recompile pc=0x0000000002ff076c method=org.eclipse.core.internal.localstore.FileSystemResourceManager.refresh(Lorg/eclipse/core/resources/IResource;IZLorg/eclipse/core/runtime/IProgressMonitor;)Z @ 1
Event: 10905.437 Thread 0x0000000029961000 Uncommon trap: reason=bimorphic action=maybe_recompile pc=0x0000000003ed31d4 method=org.eclipse.core.internal.refresh.RefreshJob.collectChildrenToDepth(Lorg/eclipse/core/resources/IResource;Ljava/util/ArrayList;I)Ljava/util/List; @ 1
Event: 10905.454 Thread 0x0000000002381000 Uncommon trap: reason=unstable_if action=reinterpret pc=0x00000000046c5124 method=org.eclipse.swt.custom.StyledText.getCaretWidth()I @ 6
Event: 10905.602 Thread 0x000000002995f800 Uncommon trap: reason=null_assert action=make_not_entrant pc=0x00000000062e1100 method=org.eclipse.jdt.internal.core.search.PatternSearchJob.search(Lorg/eclipse/jdt/internal/core/index/Index;Lorg/eclipse/core/runtime/IProgressMonitor;)Z @ 93
Event: 10905.824 Thread 0x0000000002381000 Uncommon trap: reason=unstable_if action=reinterpret pc=0x0000000002931444 method=org.eclipse.core.internal.resources.Resource.checkExists(IZ)V @ 6
Event: 10905.831 Thread 0x0000000002381000 Uncommon trap: reason=unstable_if action=reinterpret pc=0x00000000054c57fc method=java.io.BufferedWriter.min(II)I @ 2
Event: 10905.849 Thread 0x0000000002381000 Uncommon trap: reason=unstable_if action=reinterpret pc=0x00000000034aa2c0 method=org.eclipse.core.internal.resources.Resource.checkExists(IZ)V @ 6
Event: 10906.020 Thread 0x0000000002381000 Uncommon trap: reason=class_check action=maybe_recompile pc=0x00000000026a8d48 method=org.eclipse.emf.ecore.util.EcoreEList.inverseRemove(Ljava/lang/Object;Lorg/eclipse/emf/common/notify/NotificationChain;)Lorg/eclipse/emf/common/notify/NotificationChain; 6hM@
Event: 10906.132 Thread 0x0000000002381000 Uncommon trap: reason=unstable_if action=reinterpret pc=0x0000000006099c70 method=org.eclipse.swt.widgets.Composite.WM_PAINT(JJ)Lorg/eclipse/swt/internal/win32/LRESULT; @ 222

Internal exceptions (10 events):
Event: 10903.940 Thread 0x0000000002381000 Implicit null exception at 0x0000000003498e61 to 0x0000000003499351
Event: 10904.174 Thread 0x0000000002381000 Implicit null exception at 0x0000000004f3fd5a to 0x0000000004f400e4
Event: 10905.214 Thread 0x0000000002381000 Exception <a 'java/io/FileNotFoundException'> (0x00000000cea76290) thrown at [C:\re\workspace\8-2-build-windows-amd64-cygwin\jdk8u60\4407\hotspot\src\share\vm\prims\jni.cpp, line 709]
Event: 10905.218 Thread 0x0000000002381000 Exception <a 'java/io/FileNotFoundException'> (0x00000000cea7bd00) thrown at [C:\re\workspace\8-2-build-windows-amd64-cygwin\jdk8u60\4407\hotspot\src\share\vm\prims\jni.cpp, line 709]
Event: 10905.219 Thread 0x0000000002381000 Exception <a 'java/io/FileNotFoundException'> (0x00000000cea82280) thrown at [C:\re\workspace\8-2-build-windows-amd64-cygwin\jdk8u60\4407\hotspot\src\share\vm\prims\jni.cpp, line 709]
Event: 10905.222 Thread 0x0000000002381000 Exception <a 'java/io/FileNotFoundException'> (0x00000000cea89c50) thrown at [C:\re\workspace\8-2-build-windows-amd64-cygwin\jdk8u60\4407\hotspot\src\share\vm\prims\jni.cpp, line 709]
Event: 10905.454 Thread 0x0000000002381000 Implicit null exception at 0x00000000046c4577 to 0x00000000046c5105
Event: 10905.602 Thread 0x000000002995f800 Exception <a 'java/io/FileNotFoundException'> (0x00000000ceb88520) thrown at [C:\re\workspace\8-2-build-windows-amd64-cygwin\jdk8u60\4407\hotspot\src\share\vm\prims\jni.cpp, line 709]
Event: 10905.825 Thread 0x0000000002381000 Exception <a 'java/io/FileNotFoundException'> (0x00000000ce0cec50) thrown at [C:\re\workspace\8-2-build-windows-amd64-cygwin\jdk8u60\4407\hotspot\src\share\vm\prims\jni.cpp, line 709]
Event: 10905.849 Thread 0x0000000002381000 Exception <a 'java/io/FileNotFoundException'> (0x00000000cdf28280) thrown at [C:\re\workspace\8-2-build-windows-amd64-cygwin\jdk8u60\4407\hotspot\src\share\vm\prims\jni.cpp, line 709]

Events (10 events):
Event: 10905.997 Executing VM operation: RevokeBias done
Event: 10905.997 Thread 0x000000001cf8b000 Thread exited: 0x000000001cf8b000
Event: 10906.020 Thread 0x0000000002381000 Uncommon trap: trap_request=0xffffffde fr.pc=0x00000000026a8d48
Event: 10906.020 Thread 0x0000000002381000 DEOPT PACKING pc=0x00000000026a8d48 sp=0x00000000023773e0
Event: 10906.020 Thread 0x0000000002381000 DEOPT UNPACKING pc=0x00000000024c582a sp=0x0000000002377360 mode 2
Event: 10906.132 Thread 0x0000000002381000 Uncommon trap: trap_request=0xffffff65 fr.pc=0x0000000006099c70
Event: 10906.132 Thread 0x0000000002381000 DEOPT PACKING pc=0x0000000006099c70 sp=0x000000000237a660
Event: 10906.132 Thread 0x0000000002381000 DEOPT UNPACKING pc=0x00000000024c582a sp=0x000000000237a608 mode 2
Event: 10906.189 Executing VM operation: RevokeBias
Event: 10906.189 Executing VM operation: RevokeBias done


Dynamic libraries:
0x00007ff77f6b0000 - 0x00007ff77f6e7000 	C:\ProgramData\Oracle\Java\javapath\javaw.exe
0x00007ffe936d0000 - 0x00007ffe938a1000 	C:\WINDOWS\SYSTEM32\ntdll.dll
0x00007ffe91600000 - 0x00007ffe916ab000 	C:\WINDOWS\System32\KERNEL32.DLL
0x00007ffe90750000 - 0x00007ffe9096d000 	C:\WINDOWS\System32\KERNELBASE.dll
0x00007ffe90c60000 - 0x00007ffe90d02000 	C:\WINDOWS\System32\ADVAPI32.dll
0x00007ffe916b0000 - 0x00007ffe9174e000 	C:\WINDOWS\System32\msvcrt.dll
0x00007ffe93470000 - 0x00007ffe934c9000 	C:\WINDOWS\System32\sechost.dll
0x00007ffe93200000 - 0x00007ffe93321000 	C:\WINDOWS\System32\RPCRT4.dll
0x00007ffe934d0000 - 0x00007ffe93635000 	C:\WINDOWS\System32\USER32.dll
0x00007ffe90970000 - 0x00007ffe9098e000 	C:\WINDOWS\System32\win32u.dll
0x00007ffe90d90000 - 0x00007ffe90dc4000 	C:\WINDOWS\System32\GDI32.dll
0x00007ffe8fee0000 - 0x00007ffe90062000 	C:\WINDOWS\System32\gdi32full.dll
0x00007ffe84310000 - 0x00007ffe84589000 	C:\WINDOWS\WinSxS\amd64_microsoft.windows.common-controls_6595b64144ccf1df_6.0.14393.447_none_42191651c6827bb3\COMCTL32.dll
0x00007ffe90ec0000 - 0x00007ffe91188000 	C:\WINDOWS\System32\combase.dll
0x00007ffe90b60000 - 0x00007ffe90c55000 	C:\WINDOWS\System32\ucrtbase.dll
0x00007ffe8fdc0000 - 0x00007ffe8fe2a000 	C:\WINDOWS\System32\bcryptPrimitives.dll
0x00007ffe93640000 - 0x00007ffe9366e000 	C:\WINDOWS\System32\IMM32.DLL
0x00000000526d0000 - 0x00000000527a2000 	C:\Program Files\Java\jre1.8.0_60\bin\msvcr100.dll
0x0000000051e40000 - 0x00000000526c9000 	C:\Program Files\Java\jre1.8.0_60\bin\server\jvm.dll
0x00007ffe91250000 - 0x00007ffe91258000 	C:\WINDOWS\System32\PSAPI.DLL
0x00007ffe81980000 - 0x00007ffe8198a000 	C:\WINDOWS\SYSTEM32\VERSION.dll
0x00007ffe86d60000 - 0x00007ffe86d69000 	C:\WINDOWS\SYSTEM32\WSOCK32.dll
0x00007ffe8dfa0000 - 0x00007ffe8dfc3000 	C:\WINDOWS\SYSTEM32\WINMM.dll
0x00007ffe90d10000 - 0x00007ffe90d7a000 	C:\WINDOWS\System32\WS2_32.dll
0x00007ffe8df40000 - 0x00007ffe8df6b000 	C:\WINDOWS\SYSTEM32\WINMMBASE.dll
0x00007ffe8fe90000 - 0x00007ffe8fed2000 	C:\WINDOWS\System32\cfgmgr32.dll
0x0000000052a50000 - 0x0000000052a5f000 	C:\Program Files\Java\jre1.8.0_60\bin\verify.dll
0x0000000052a20000 - 0x0000000052a49000 	C:\Program Files\Java\jre1.8.0_60\bin\java.dll
0x0000000052a00000 - 0x0000000052a16000 	C:\Program Files\Java\jre1.8.0_60\bin\zip.dll
0x00007ffe918b0000 - 0x00007ffe92db9000 	C:\WINDOWS\System32\SHELL32.dll
0x00007ffe90070000 - 0x00007ffe9074a000 	C:\WINDOWS\System32\windows.storage.dll
0x00007ffe8fb70000 - 0x00007ffe8fbbc000 	C:\WINDOWS\System32\powrprof.dll
0x00007ffe90df0000 - 0x00007ffe90e42000 	C:\WINDOWS\System32\shlwapi.dll
0x00007ffe8fb30000 - 0x00007ffe8fb3f000 	C:\WINDOWS\System32\kernel.appcore.dll
0x00007ffe8fc60000 - 0x00007ffe8fd09000 	C:\WINDOWS\System32\shcore.dll
0x00007ffe8fb40000 - 0x00007ffe8fb54000 	C:\WINDOWS\System32\profapi.dll
0x00007ffe8f5a0000 - 0x00007ffe8f5b7000 	C:\WINDOWS\SYSTEM32\CRYPTSP.dll
0x00007ffe8f4b0000 - 0x00007ffe8f4e3000 	C:\WINDOWS\system32\rsaenh.dll
0x00007ffe8fa70000 - 0x00007ffe8fa9b000 	C:\WINDOWS\SYSTEM32\bcrypt.dll
0x00007ffe8f130000 - 0x00007ffe8f14f000 	C:\WINDOWS\SYSTEM32\USERENV.dll
0x00007ffe8f5c0000 - 0x00007ffe8f5cb000 	C:\WINDOWS\SYSTEM32\CRYPTBASE.dll
0x00000000529e0000 - 0x00000000529fa000 	C:\Program Files\Java\jre1.8.0_60\bin\net.dll
0x00007ffe8f2b0000 - 0x00007ffe8f30c000 	C:\WINDOWS\system32\mswsock.dll
0x00007ffe8f040000 - 0x00007ffe8f078000 	C:\WINDOWS\SYSTEM32\IPHLPAPI.DLL
0x00007ffe90d80000 - 0x00007ffe90d88000 	C:\WINDOWS\System32\NSI.dll
0x00007ffe87e40000 - 0x00007ffe87e56000 	C:\WINDOWS\SYSTEM32\dhcpcsvc6.DLL
0x00007ffe87f10000 - 0x00007ffe87f2a000 	C:\WINDOWS\SYSTEM32\dhcpcsvc.DLL
0x0000000051e20000 - 0x0000000051e31000 	C:\Program Files\Java\jre1.8.0_60\bin\nio.dll
0x0000000072000000 - 0x0000000072012000 	C:\Users\Benjamin\Eclipse_Neon\eclipse\plugins\org.eclipse.equinox.launcher.win32.win32.x86_64_1.1.400.v20160518-1444\eclipse_1617.dll
0x00007ffe8e300000 - 0x00007ffe8e395000 	C:\WINDOWS\system32\uxtheme.dll
0x00007ffe91750000 - 0x00007ffe918ab000 	C:\WINDOWS\System32\MSCTF.dll
0x00007ffe91190000 - 0x00007ffe9124f000 	C:\WINDOWS\System32\OLEAUT32.dll
0x00007ffe8fbc0000 - 0x00007ffe8fc5c000 	C:\WINDOWS\System32\msvcp_win.dll
0x00007ffe83b70000 - 0x00007ffe83c08000 	C:\Program Files\Common Files\microsoft shared\ink\tiptsf.dll
0x00007ffe91260000 - 0x00007ffe912ff000 	C:\WINDOWS\System32\clbcatq.dll
0x00007ffe830e0000 - 0x00007ffe8328a000 	C:\Windows\System32\uiautomationcore.dll
0x00007ffe8f9d0000 - 0x00007ffe8fa68000 	C:\WINDOWS\SYSTEM32\sxs.dll
0x00007ffe85300000 - 0x00007ffe85365000 	C:\Windows\System32\OLEACC.dll
0x00007ffe73b40000 - 0x00007ffe73b56000 	C:\WINDOWS\system32\napinsp.dll
0x00007ffe7cf70000 - 0x00007ffe7cf8a000 	C:\WINDOWS\system32\pnrpnsp.dll
0x00007ffe8d240000 - 0x00007ffe8d258000 	C:\WINDOWS\system32\NLAapi.dll
0x00007ffe8f080000 - 0x00007ffe8f120000 	C:\WINDOWS\SYSTEM32\DNSAPI.dll
0x00007ffe7d350000 - 0x00007ffe7d35e000 	C:\WINDOWS\System32\winrnr.dll
0x00007ffe83360000 - 0x00007ffe83375000 	C:\WINDOWS\System32\wshbth.dll
0x00007ffe81660000 - 0x00007ffe8166a000 	C:\Windows\System32\rasadhlp.dll
0x00007ffe876a0000 - 0x00007ffe8770a000 	C:\WINDOWS\System32\fwpuclnt.dll
0x00007ffe93330000 - 0x00007ffe93467000 	C:\WINDOWS\System32\ole32.dll
0x000000001b6c0000 - 0x000000001b767000 	C:\Users\Benjamin\Eclipse_Neon\eclipse\configuration\org.eclipse.osgi\391\0\.cp\swt-win32-4623.dll
0x00007ffe91500000 - 0x00007ffe915fa000 	C:\WINDOWS\System32\comdlg32.dll
0x00007ffe90990000 - 0x00007ffe90b59000 	C:\WINDOWS\System32\CRYPT32.dll
0x00007ffe8fb60000 - 0x00007ffe8fb70000 	C:\WINDOWS\System32\MSASN1.dll
0x00007ffe79250000 - 0x00007ffe794e3000 	C:\WINDOWS\SYSTEM32\WININET.dll
0x00007ffe7eb90000 - 0x00007ffe7eba9000 	C:\WINDOWS\SYSTEM32\USP10.dll
0x00007ffe8b300000 - 0x00007ffe8b385000 	C:\WINDOWS\SYSTEM32\WINSPOOL.DRV
0x00007ffe8d870000 - 0x00007ffe8d896000 	C:\WINDOWS\system32\dwmapi.dll
0x00007ffe8d8a0000 - 0x00007ffe8da25000 	C:\WINDOWS\SYSTEM32\propsys.dll
0x0000000019bb0000 - 0x0000000019bce000 	C:\Users\Benjamin\Eclipse_Neon\eclipse\configuration\org.eclipse.osgi\391\0\.cp\swt-gdip-win32-4623.dll
0x00007ffe817c0000 - 0x00007ffe8195a000 	C:\WINDOWS\WinSxS\amd64_microsoft.windows.gdiplus_6595b64144ccf1df_1.1.14393.321_none_72fe05dd211a5fae\gdiplus.dll
0x00007ffe8d080000 - 0x00007ffe8d228000 	C:\WINDOWS\SYSTEM32\WindowsCodecs.dll
0x00007ffe7ae80000 - 0x00007ffe7aebf000 	C:\WINDOWS\system32\mlang.dll
0x00007ffe855d0000 - 0x00007ffe85873000 	C:\WINDOWS\SYSTEM32\iertutil.dll
0x0000000180000000 - 0x0000000180012000 	C:\Users\Benjamin\Eclipse_Neon\eclipse\configuration\org.eclipse.osgi\81\0\.cp\os\win32\x86_64\localfile_1_0_0.dll
0x000000001c5c0000 - 0x000000001c5cf000 	C:\Users\Benjamin\Eclipse_Neon\eclipse\configuration\org.eclipse.osgi\86\0\.cp\os\win32\x86_64\win32refresh.dll
0x00007ffe7d370000 - 0x00007ffe7d381000 	C:\Users\Benjamin\Eclipse_Neon\eclipse\configuration\org.eclipse.osgi\84\0\.cp\jWinHttp-1.0.0.dll
0x00007ffe8c420000 - 0x00007ffe8c4ed000 	C:\WINDOWS\SYSTEM32\WINHTTP.dll
0x00007ffe865e0000 - 0x00007ffe865e7000 	C:\WINDOWS\SYSTEM32\msimg32.dll
0x0000000051df0000 - 0x0000000051e14000 	C:\Program Files\Java\jre1.8.0_60\bin\sunec.dll
0x00007ffe829a0000 - 0x00007ffe829e9000 	C:\WINDOWS\system32\dataexchange.dll
0x00007ffe8da30000 - 0x00007ffe8db81000 	C:\WINDOWS\system32\dcomp.dll
0x00007ffe8bf60000 - 0x00007ffe8c216000 	C:\WINDOWS\system32\d3d11.dll
0x00007ffe8eac0000 - 0x00007ffe8eb5f000 	C:\WINDOWS\system32\dxgi.dll
0x00007ffe8e600000 - 0x00007ffe8e71c000 	C:\WINDOWS\system32\twinapi.appcore.dll
0x00007ffe83c10000 - 0x00007ffe83e79000 	C:\WINDOWS\SYSTEM32\DWrite.dll
0x00007ffe7b7b0000 - 0x00007ffe7bc34000 	C:\WINDOWS\system32\explorerframe.dll
0x00007ffe8eee0000 - 0x00007ffe8ef12000 	C:\WINDOWS\SYSTEM32\ntmarta.dll
0x00007ffe8e0c0000 - 0x00007ffe8e13a000 	C:\WINDOWS\SYSTEM32\apphelp.dll
0x00007ffe79700000 - 0x00007ffe79744000 	C:\Program Files (x86)\Dropbox\Client\DropboxExt64.3.0.dll
0x0000000051dd0000 - 0x0000000051de3000 	C:\Program Files (x86)\FileZilla FTP Client\fzshellext_64.dll
0x00007ffe7d040000 - 0x00007ffe7d112000 	C:\WINDOWS\system32\ntshrui.dll
0x00007ffe8f800000 - 0x00007ffe8f82c000 	C:\WINDOWS\system32\SspiCli.dll
0x00007ffe806f0000 - 0x00007ffe80716000 	C:\WINDOWS\system32\srvcli.dll
0x00007ffe7f3a0000 - 0x00007ffe7f3b2000 	C:\WINDOWS\SYSTEM32\cscapi.dll
0x00007ffe8f120000 - 0x00007ffe8f12d000 	C:\WINDOWS\system32\netutils.dll
0x00007ffe90e50000 - 0x00007ffe90ebe000 	C:\WINDOWS\System32\coml2.dll
0x00007ffe86bb0000 - 0x00007ffe86bc0000 	C:\WINDOWS\SYSTEM32\LINKINFO.dll
0x00007ffe79180000 - 0x00007ffe7924a000 	C:\WINDOWS\system32\Windows.Storage.Search.dll
0x00007ffe89230000 - 0x00007ffe89272000 	C:\WINDOWS\SYSTEM32\edputil.dll
0x00007ffe7ce90000 - 0x00007ffe7ceab000 	C:\WINDOWS\SYSTEM32\MPR.dll
0x00007ffe84770000 - 0x00007ffe84786000 	C:\WINDOWS\System32\ntlanman.dll
0x00007ffe88cd0000 - 0x00007ffe88cdb000 	C:\WINDOWS\System32\drprov.dll
0x00007ffe8f680000 - 0x00007ffe8f6d6000 	C:\WINDOWS\System32\WINSTA.dll
0x00007ffe830c0000 - 0x00007ffe830e0000 	C:\WINDOWS\System32\davclnt.dll
0x00007ffe88fa0000 - 0x00007ffe88fac000 	C:\WINDOWS\System32\DAVHLPR.dll
0x00007ffe89040000 - 0x00007ffe89056000 	C:\WINDOWS\System32\wkscli.dll
0x00007ffe7ead0000 - 0x00007ffe7eb23000 	C:\Windows\System32\thumbcache.dll
0x00007ffe7fa80000 - 0x00007ffe7fc42000 	C:\WINDOWS\SYSTEM32\urlmon.dll
0x00007ffe5e6c0000 - 0x00007ffe5fd6c000 	C:\Windows\System32\mshtml.dll
0x00007ffe83ae0000 - 0x00007ffe83b06000 	C:\Windows\System32\srpapi.dll
0x00007ffe6ece0000 - 0x00007ffe6ee77000 	C:\Windows\System32\ieapfltr.dll
0x00007ffe656f0000 - 0x00007ffe65b81000 	C:\Windows\System32\jscript9.dll
0x00007ffe7d330000 - 0x00007ffe7d345000 	C:\WINDOWS\SYSTEM32\ondemandconnroutehelper.dll
0x00007ffe88340000 - 0x00007ffe8834b000 	C:\WINDOWS\SYSTEM32\WINNSI.DLL
0x00007ffe65b90000 - 0x00007ffe66818000 	C:\Windows\System32\ieframe.dll
0x00007ffe7f3c0000 - 0x00007ffe7f3d8000 	C:\Windows\System32\NETAPI32.dll
0x00007ffe8e0a0000 - 0x00007ffe8e0b0000 	C:\WINDOWS\system32\msimtf.dll
0x00007ffe8c410000 - 0x00007ffe8c41c000 	C:\WINDOWS\SYSTEM32\Secur32.dll
0x00007ffe89340000 - 0x00007ffe8989f000 	C:\Windows\System32\d2d1.dll
0x00007ffe85aa0000 - 0x00007ffe85afe000 	C:\WINDOWS\system32\Ninput.dll

VM Arguments:
jvm_args: -Dosgi.requiredJavaVersion=1.8 -XX:+UseG1GC -XX:+UseStringDeduplication -Dosgi.requiredJavaVersion=1.8 -Xms256m -Xmx1024m 
java_command: C:\Users\Benjamin\Eclipse_Neon\eclipse\\plugins/org.eclipse.equinox.launcher_1.3.200.v20160318-1642.jar -os win32 -ws win32 -arch x86_64 -showsplash C:\Users\Benjamin\Eclipse_Neon\eclipse\\plugins\org.eclipse.platform_4.6.0.v20160606-1100\splash.bmp -launcher C:\Users\Benjamin\Eclipse_Neon\eclipse\eclipse.exe -name Eclipse --launcher.library C:\Users\Benjamin\Eclipse_Neon\eclipse\\plugins/org.eclipse.equinox.launcher.win32.win32.x86_64_1.1.400.v20160518-1444\eclipse_1617.dll -startup C:\Users\Benjamin\Eclipse_Neon\eclipse\\plugins/org.eclipse.equinox.launcher_1.3.200.v20160318-1642.jar --launcher.appendVmargs -exitdata 1d84_dc -product org.eclipse.epp.package.java.product -vm C:\ProgramData\Oracle\Java\javapath\javaw.exe -vmargs -Dosgi.requiredJavaVersion=1.8 -XX:+UseG1GC -XX:+UseStringDeduplication -Dosgi.requiredJavaVersion=1.8 -Xms256m -Xmx1024m -jar C:\Users\Benjamin\Eclipse_Neon\eclipse\\plugins/org.eclipse.equinox.launcher_1.3.200.v20160318-1642.jar
java_class_path (initial): C:\Users\Benjamin\Eclipse_Neon\eclipse\\plugins/org.eclipse.equinox.launcher_1.3.200.v20160318-1642.jar
Launcher Type: SUN_STANDARD

Environment Variables:
PATH=C:\ProgramData\Oracle\Java\javapath;C:\WINDOWS\system32;C:\WINDOWS;C:\WINDOWS\System32\Wbem;C:\WINDOWS\System32\WindowsPowerShell\v1.0\;C:\Program Files (x86)\Windows Live\Shared;C:\Program Files (x86)\Skype\Phone\;C:\Program Files\Microsoft SQL Server\120\Tools\Binn\;C:\Program Files\Microsoft SQL Server\130\Tools\Binn\;C:\Program Files (x86)\Windows Kits\10\Windows Performance Toolkit\;C:\Users\Benjamin\AppData\Local\Microsoft\WindowsApps;
USERNAME=Benjamin
OS=Windows_NT
PROCESSOR_IDENTIFIER=Intel64 Family 6 Model 69 Stepping 1, GenuineIntel



---------------  S Y S T E M  ---------------

OS: Windows 10.0 , 64 bit Build 14393 (10.0.14393.0)

CPU:total 4 (2 cores per cpu, 2 threads per core) family 6 model 69 stepping 1, cmov, cx8, fxsr, mmx, sse, sse2, sse3, ssse3, sse4.1, sse4.2, popcnt, avx, avx2, aes, clmul, erms, lzcnt, ht, tsc, tscinvbit, bmi1, bmi2

Memory: 4k page, physical 4097096k(438844k free), swap 7650748k(2446884k free)

vm_info: Java HotSpot(TM) 64-Bit Server VM (25.60-b23) for windows-amd64 JRE (1.8.0_60-b27), built on Aug  4 2015 11:06:27 by "java_re" with MS VC++ 10.0 (VS2010)

time: Wed Dec 28 20:23:58 2016
elapsed time: 10906 seconds (0d 3h 1m 46s)

