#
# A fatal error has been detected by the Java Runtime Environment:
#
#  EXCEPTION_IN_PAGE_ERROR (0xc0000006) at pc=0x0000000003d4bd37, pid=9772, tid=7844
#
# JRE version: Java(TM) SE Runtime Environment (8.0_60-b27) (build 1.8.0_60-b27)
# Java VM: Java HotSpot(TM) 64-Bit Server VM (25.60-b23 mixed mode windows-amd64 compressed oops)
# Problematic frame:
# J 7920 C2 org.apache.lucene.store.MMapDirectory$MMapIndexInput.readByte()B (98 bytes) @ 0x0000000003d4bd37 [0x0000000003d4bce0+0x57]
#
# Failed to write core dump. Minidumps are not enabled by default on client versions of Windows
#
# If you would like to submit a bug report, please visit:
#   http://bugreport.java.com/bugreport/crash.jsp
#

---------------  T H R E A D  ---------------

Current thread (0x000000001e642000):  JavaThread "EventAdmin Async Event Dispatcher Thread" daemon [_thread_in_Java, id=7844, stack(0x0000000026450000,0x0000000026550000)]

siginfo: ExceptionCode=0xc0000006, ExceptionInformation=0x0000000000000000 0x000000002b1acdcb 0x00000000c0000098 

Registers:
RAX=0x00000000270f66c0, RBX=0x00000000270f66c0, RCX=0x00000000ca96e468, RDX=0x00000000ca96e468
RSP=0x000000002654dbd0, RBP=0x00000000011edfcb, RSI=0x00000001009e0c88, RDI=0x000000002abb48c0
R8 =0x00000000ca96e4c8, R9 =0x000000000048cdcb, R10=0x000000000048cdcb, R11=0x000000002ad20000
R12=0x0000000000000000, R13=0x000000002654dc20, R14=0x000000002abb1758, R15=0x000000001e642000
RIP=0x0000000003d4bd37, EFLAGS=0x0000000000010287

Top of Stack: (sp=0x000000002654dbd0)
0x000000002654dbd0:   000000002654dce0 000000001f57b460
0x000000002654dbe0:   0000000100b4a7a8 0000000100b4a7a8
0x000000002654dbf0:   000000001e642000 000000002654dd80
0x000000002654dc00:   000000002654dc68 00000000028174c0
0x000000002654dc10:   0000000000000000 00000000028174c0
0x000000002654dc20:   00000000ca96e468 000000002654dc28
0x000000002654dc30:   000000002708ce91 000000002654dc88
0x000000002654dc40:   00000000270f0ab8 000000002abb1758
0x000000002654dc50:   000000002708cf58 000000002654dc20
0x000000002654dc60:   000000002654dc90 000000002654df40
0x000000002654dc70:   000000000402969c 0000000000000000
0x000000002654dc80:   0000000000000000 00000000ca96e468
0x000000002654dc90:   000000000000000a 00000000ca96e670
0x000000002654dca0:   000000007ffffffc 00000000ca96ecc0
0x000000002654dcb0:   000000001dc9ab20 0000000066965766
0x000000002654dcc0:   000000002654ea38 00000000c01c1fe8 

Instructions: (pc=0x0000000003d4bd37)
0x0000000003d4bd17:   41 81 fa 77 82 16 20 75 2f 4d 8b c3 45 8b 48 18
0x0000000003d4bd27:   41 8b 68 1c 44 3b cd 7d 31 4d 8b 58 10 4d 63 d1
0x0000000003d4bd37:   43 0f be 04 13 41 ff c1 45 89 48 18 48 83 c4 30
0x0000000003d4bd47:   5d 85 05 b2 42 a1 fc c3 ba de ff ff ff 48 8b e9 


Register to memory mapping:

RAX={method} {0x00000000270f66c8} 'readByte' '()B' in 'org/apache/lucene/store/MMapDirectory$MMapIndexInput'
RBX={method} {0x00000000270f66c8} 'readByte' '()B' in 'org/apache/lucene/store/MMapDirectory$MMapIndexInput'
RCX=0x00000000ca96e468 is an oop
org.apache.lucene.store.MMapDirectory$MMapIndexInput 
 - klass: 'org/apache/lucene/store/MMapDirectory$MMapIndexInput'
RDX=0x00000000ca96e468 is an oop
org.apache.lucene.store.MMapDirectory$MMapIndexInput 
 - klass: 'org/apache/lucene/store/MMapDirectory$MMapIndexInput'
RSP=0x000000002654dbd0 is pointing into the stack for thread: 0x000000001e642000
RBP=0x00000000011edfcb is an unknown value
RSI=0x00000001009e0c88 is pointing into metadata
RDI=0x000000002abb48c0 is pointing into metadata
R8 =0x00000000ca96e4c8 is an oop
java.nio.DirectByteBufferR 
 - klass: 'java/nio/DirectByteBufferR'
R9 =0x000000000048cdcb is an unknown value
R10=0x000000000048cdcb is an unknown value
R11=0x000000002ad20000 is an unknown value
R12=0x0000000000000000 is an unknown value
R13=0x000000002654dc20 is pointing into the stack for thread: 0x000000001e642000
R14=0x000000002abb1758 is pointing into metadata
R15=0x000000001e642000 is a thread


Stack: [0x0000000026450000,0x0000000026550000],  sp=0x000000002654dbd0,  free space=1014k
Native frames: (J=compiled Java code, j=interpreted, Vv=VM code, C=native code)
C  0x0000000003d4bd37


---------------  P R O C E S S  ---------------

Java Threads: ( => current thread )
  0x000000001e64d800 JavaThread "Process monitor" daemon [_thread_in_native, id=1628, stack(0x0000000042e00000,0x0000000042f00000)]
  0x000000001e64e000 JavaThread "Input Stream Monitor" daemon [_thread_blocked, id=2068, stack(0x0000000042d00000,0x0000000042e00000)]
  0x000000001e644800 JavaThread "Output Stream Monitor" daemon [_thread_in_native, id=8124, stack(0x0000000042c00000,0x0000000042d00000)]
  0x000000001e643800 JavaThread "Output Stream Monitor" daemon [_thread_in_native, id=2348, stack(0x0000000042b00000,0x0000000042c00000)]
  0x000000001e643000 JavaThread "Timer-0" daemon [_thread_blocked, id=7068, stack(0x0000000032f20000,0x0000000033020000)]
  0x000000001e13a000 JavaThread "Recommenders-Timeout-Manager" [_thread_blocked, id=320, stack(0x0000000033020000,0x0000000033120000)]
  0x000000001e137800 JavaThread "com.google.inject.internal.util.$Finalizer" daemon [_thread_blocked, id=5648, stack(0x0000000032e20000,0x0000000032f20000)]
  0x000000001e64a800 JavaThread "Provisioning Event Dispatcher" daemon [_thread_blocked, id=5248, stack(0x000000002da20000,0x000000002db20000)]
  0x000000001e649800 JavaThread "Worker-16" [_thread_blocked, id=2244, stack(0x000000002d920000,0x000000002da20000)]
  0x000000001e646000 JavaThread "Worker-13" [_thread_blocked, id=8904, stack(0x000000002d140000,0x000000002d240000)]
  0x000000001e645000 JavaThread "Worker-11" [_thread_blocked, id=5064, stack(0x000000002cf40000,0x000000002d040000)]
  0x000000001e64c000 JavaThread "Worker-10" [_thread_blocked, id=3512, stack(0x000000002ce40000,0x000000002cf40000)]
  0x000000001e649000 JavaThread "Worker-8" [_thread_blocked, id=7776, stack(0x000000002cc40000,0x000000002cd40000)]
  0x000000001e648000 JavaThread "[ThreadPool Manager] - Idle Thread" daemon [_thread_blocked, id=8732, stack(0x000000002c940000,0x000000002ca40000)]
  0x000000001e646800 JavaThread "Thread-6" [_thread_blocked, id=8924, stack(0x000000002c540000,0x000000002c640000)]
=>0x000000001e642000 JavaThread "EventAdmin Async Event Dispatcher Thread" daemon [_thread_in_Java, id=7844, stack(0x0000000026450000,0x0000000026550000)]
  0x000000001e640800 JavaThread "Worker-5" [_thread_blocked, id=636, stack(0x0000000025250000,0x0000000025350000)]
  0x000000001e641800 JavaThread "Bundle File Closer" daemon [_thread_blocked, id=9108, stack(0x0000000024aa0000,0x0000000024ba0000)]
  0x000000001a7b8800 JavaThread "Java indexing" daemon [_thread_blocked, id=7172, stack(0x0000000022580000,0x0000000022680000)]
  0x000000001a7b9000 JavaThread "Worker-1" [_thread_blocked, id=8616, stack(0x0000000021ac0000,0x0000000021bc0000)]
  0x000000001a7b5800 JavaThread "Worker-0" [_thread_blocked, id=8772, stack(0x00000000219c0000,0x0000000021ac0000)]
  0x000000001a7b2000 JavaThread "EMF Reference Cleaner" daemon [_thread_blocked, id=5960, stack(0x000000001c1e0000,0x000000001c2e0000)]
  0x000000001a7b7800 JavaThread "Worker-JM" [_thread_blocked, id=6708, stack(0x000000001c0e0000,0x000000001c1e0000)]
  0x000000001a7b6000 JavaThread "[Timer] - Main Queue Handler" daemon [_thread_blocked, id=9648, stack(0x000000001ba40000,0x000000001bb40000)]
  0x000000001a7b7000 JavaThread "Start Level: Equinox Container: a0a6ade9-0713-0017-1d24-ceab83c99e62" daemon [_thread_blocked, id=4884, stack(0x000000001b640000,0x000000001b740000)]
  0x000000001a7b4000 JavaThread "Framework Event Dispatcher: org.eclipse.osgi.internal.framework.EquinoxEventPublisher@214894fc" daemon [_thread_blocked, id=1784, stack(0x000000001b540000,0x000000001b640000)]
  0x000000001a7b4800 JavaThread "Active Thread: Equinox Container: a0a6ade9-0713-0017-1d24-ceab83c99e62" [_thread_blocked, id=4180, stack(0x000000001b440000,0x000000001b540000)]
  0x0000000018479000 JavaThread "Service Thread" daemon [_thread_blocked, id=5020, stack(0x0000000019060000,0x0000000019160000)]
  0x000000001840a800 JavaThread "C1 CompilerThread2" daemon [_thread_blocked, id=2544, stack(0x0000000018f60000,0x0000000019060000)]
  0x0000000018404000 JavaThread "C2 CompilerThread1" daemon [_thread_blocked, id=9256, stack(0x0000000018e60000,0x0000000018f60000)]
  0x00000000183bb000 JavaThread "C2 CompilerThread0" daemon [_thread_blocked, id=1084, stack(0x0000000018d60000,0x0000000018e60000)]
  0x00000000183ba800 JavaThread "Attach Listener" daemon [_thread_blocked, id=7884, stack(0x0000000018c60000,0x0000000018d60000)]
  0x00000000183b5800 JavaThread "Signal Dispatcher" daemon [_thread_blocked, id=5864, stack(0x0000000018b60000,0x0000000018c60000)]
  0x0000000018401800 JavaThread "Surrogate Locker Thread (Concurrent GC)" daemon [_thread_blocked, id=1220, stack(0x0000000018a60000,0x0000000018b60000)]
  0x000000001839d800 JavaThread "Finalizer" daemon [_thread_blocked, id=7348, stack(0x0000000018850000,0x0000000018950000)]
  0x0000000018395000 JavaThread "Reference Handler" daemon [_thread_blocked, id=2128, stack(0x0000000018750000,0x0000000018850000)]
  0x0000000002711000 JavaThread "main" [_thread_in_native, id=4384, stack(0x0000000002610000,0x0000000002710000)]

Other Threads:
  0x000000001772c000 VMThread [stack: 0x0000000018650000,0x0000000018750000] [id=1780]
  0x00000000184a2800 WatcherThread [stack: 0x0000000019160000,0x0000000019260000] [id=7160]

VM state:not at safepoint (normal execution)

VM Mutex/Monitor currently owned by a thread: None

Heap:
 garbage-first heap   total 262144K, used 193985K [0x00000000c0000000, 0x00000000c0100800, 0x0000000100000000)
  region size 1024K, 96 young (98304K), 9 survivors (9216K)
 Metaspace       used 111354K, capacity 121218K, committed 121468K, reserved 1155072K
  class space    used 13105K, capacity 16127K, committed 16252K, reserved 1048576K

Heap Regions: (Y=young(eden), SU=young(survivor), HS=humongous(starts), HC=humongous(continues), CS=collection set, F=free, TS=gc time stamp, PTAMS=previous top-at-mark-start, NTAMS=next top-at-mark-start)
AC   0  O    TS     0 PTAMS 0x00000000c0100000 NTAMS 0x00000000c0100000 space 1024K, 100% used [0x00000000c0000000, 0x00000000c0100000)
AC   0  O    TS     0 PTAMS 0x00000000c0200000 NTAMS 0x00000000c0200000 space 1024K, 100% used [0x00000000c0100000, 0x00000000c0200000)
AC   0  O    TS     0 PTAMS 0x00000000c0300000 NTAMS 0x00000000c0300000 space 1024K, 100% used [0x00000000c0200000, 0x00000000c0300000)
AC   0  O    TS     0 PTAMS 0x00000000c0400000 NTAMS 0x00000000c0400000 space 1024K, 100% used [0x00000000c0300000, 0x00000000c0400000)
AC   0  O    TS     0 PTAMS 0x00000000c0500000 NTAMS 0x00000000c0500000 space 1024K, 100% used [0x00000000c0400000, 0x00000000c0500000)
AC   0  O    TS     0 PTAMS 0x00000000c0600000 NTAMS 0x00000000c0600000 space 1024K, 100% used [0x00000000c0500000, 0x00000000c0600000)
AC   0  O    TS     0 PTAMS 0x00000000c0700000 NTAMS 0x00000000c0700000 space 1024K, 100% used [0x00000000c0600000, 0x00000000c0700000)
AC   0  O    TS     0 PTAMS 0x00000000c0800000 NTAMS 0x00000000c0800000 space 1024K, 100% used [0x00000000c0700000, 0x00000000c0800000)
AC   0  O    TS     0 PTAMS 0x00000000c0900000 NTAMS 0x00000000c0900000 space 1024K, 100% used [0x00000000c0800000, 0x00000000c0900000)
AC   0  O    TS     0 PTAMS 0x00000000c0a00000 NTAMS 0x00000000c0a00000 space 1024K, 100% used [0x00000000c0900000, 0x00000000c0a00000)
AC   0  O    TS     0 PTAMS 0x00000000c0b00000 NTAMS 0x00000000c0b00000 space 1024K, 100% used [0x00000000c0a00000, 0x00000000c0b00000)
AC   0  O    TS     0 PTAMS 0x00000000c0c00000 NTAMS 0x00000000c0c00000 space 1024K, 100% used [0x00000000c0b00000, 0x00000000c0c00000)
AC   0  O    TS     0 PTAMS 0x00000000c0d00000 NTAMS 0x00000000c0d00000 space 1024K, 100% used [0x00000000c0c00000, 0x00000000c0d00000)
AC   0  O    TS     0 PTAMS 0x00000000c0e00000 NTAMS 0x00000000c0e00000 space 1024K, 100% used [0x00000000c0d00000, 0x00000000c0e00000)
AC   0  O    TS     0 PTAMS 0x00000000c0f00000 NTAMS 0x00000000c0f00000 space 1024K, 100% used [0x00000000c0e00000, 0x00000000c0f00000)
AC   0  O    TS     0 PTAMS 0x00000000c1000000 NTAMS 0x00000000c1000000 space 1024K, 100% used [0x00000000c0f00000, 0x00000000c1000000)
AC   0  O    TS     0 PTAMS 0x00000000c1100000 NTAMS 0x00000000c1100000 space 1024K, 100% used [0x00000000c1000000, 0x00000000c1100000)
AC   0  O    TS     0 PTAMS 0x00000000c1200000 NTAMS 0x00000000c1200000 space 1024K, 100% used [0x00000000c1100000, 0x00000000c1200000)
AC   0  O    TS    25 PTAMS 0x00000000c1200000 NTAMS 0x00000000c1200000 space 1024K, 100% used [0x00000000c1200000, 0x00000000c1300000)
AC   0  O    TS    25 PTAMS 0x00000000c1300000 NTAMS 0x00000000c1300000 space 1024K, 100% used [0x00000000c1300000, 0x00000000c1400000)
AC   0  O    TS     5 PTAMS 0x00000000c1400000 NTAMS 0x00000000c1400000 space 1024K, 100% used [0x00000000c1400000, 0x00000000c1500000)
AC   0  O    TS     0 PTAMS 0x00000000c1600000 NTAMS 0x00000000c1600000 space 1024K, 100% used [0x00000000c1500000, 0x00000000c1600000)
AC   0  O    TS     0 PTAMS 0x00000000c1700000 NTAMS 0x00000000c1700000 space 1024K, 100% used [0x00000000c1600000, 0x00000000c1700000)
AC   0  O    TS     0 PTAMS 0x00000000c1800000 NTAMS 0x00000000c1800000 space 1024K, 100% used [0x00000000c1700000, 0x00000000c1800000)
AC   0  O    TS     0 PTAMS 0x00000000c1900000 NTAMS 0x00000000c1900000 space 1024K, 100% used [0x00000000c1800000, 0x00000000c1900000)
AC   0  O    TS     0 PTAMS 0x00000000c1a00000 NTAMS 0x00000000c1a00000 space 1024K, 100% used [0x00000000c1900000, 0x00000000c1a00000)
AC   0  O    TS    27 PTAMS 0x00000000c1a00000 NTAMS 0x00000000c1a00000 space 1024K, 100% used [0x00000000c1a00000, 0x00000000c1b00000)
AC   0  O    TS     0 PTAMS 0x00000000c1c00000 NTAMS 0x00000000c1c00000 space 1024K, 100% used [0x00000000c1b00000, 0x00000000c1c00000)
AC   0  O    TS     0 PTAMS 0x00000000c1d00000 NTAMS 0x00000000c1d00000 space 1024K, 100% used [0x00000000c1c00000, 0x00000000c1d00000)
AC   0  O    TS     0 PTAMS 0x00000000c1e00000 NTAMS 0x00000000c1e00000 space 1024K, 100% used [0x00000000c1d00000, 0x00000000c1e00000)
AC   0  O    TS     0 PTAMS 0x00000000c1f00000 NTAMS 0x00000000c1f00000 space 1024K, 100% used [0x00000000c1e00000, 0x00000000c1f00000)
AC   0  O    TS     0 PTAMS 0x00000000c2000000 NTAMS 0x00000000c2000000 space 1024K, 100% used [0x00000000c1f00000, 0x00000000c2000000)
AC   0  O    TS    27 PTAMS 0x00000000c2000000 NTAMS 0x00000000c2000000 space 1024K, 100% used [0x00000000c2000000, 0x00000000c2100000)
AC   0  O    TS     5 PTAMS 0x00000000c2100000 NTAMS 0x00000000c2100000 space 1024K, 100% used [0x00000000c2100000, 0x00000000c2200000)
AC   0  O    TS     0 PTAMS 0x00000000c2300000 NTAMS 0x00000000c2300000 space 1024K, 100% used [0x00000000c2200000, 0x00000000c2300000)
AC   0  O    TS     0 PTAMS 0x00000000c2400000 NTAMS 0x00000000c2400000 space 1024K, 100% used [0x00000000c2300000, 0x00000000c2400000)
AC   0  O    TS     0 PTAMS 0x00000000c2500000 NTAMS 0x00000000c2500000 space 1024K, 100% used [0x00000000c2400000, 0x00000000c2500000)
AC   0  O    TS     0 PTAMS 0x00000000c2600000 NTAMS 0x00000000c2600000 space 1024K, 100% used [0x00000000c2500000, 0x00000000c2600000)
AC   0  O    TS     0 PTAMS 0x00000000c2700000 NTAMS 0x00000000c2700000 space 1024K, 100% used [0x00000000c2600000, 0x00000000c2700000)
AC   0  O    TS     0 PTAMS 0x00000000c2800000 NTAMS 0x00000000c2800000 space 1024K, 100% used [0x00000000c2700000, 0x00000000c2800000)
AC   0  O    TS    27 PTAMS 0x00000000c2800000 NTAMS 0x00000000c2800000 space 1024K, 100% used [0x00000000c2800000, 0x00000000c2900000)
AC   0  O    TS    27 PTAMS 0x00000000c2900000 NTAMS 0x00000000c2900000 space 1024K, 100% used [0x00000000c2900000, 0x00000000c2a00000)
AC   0  O    TS     0 PTAMS 0x00000000c2b00000 NTAMS 0x00000000c2b00000 space 1024K, 100% used [0x00000000c2a00000, 0x00000000c2b00000)
AC   0  O    TS     0 PTAMS 0x00000000c2c00000 NTAMS 0x00000000c2c00000 space 1024K, 100% used [0x00000000c2b00000, 0x00000000c2c00000)
AC   0  O    TS    27 PTAMS 0x00000000c2c00000 NTAMS 0x00000000c2c00000 space 1024K, 100% used [0x00000000c2c00000, 0x00000000c2d00000)
AC   0  O    TS    27 PTAMS 0x00000000c2d00000 NTAMS 0x00000000c2d00000 space 1024K,  93% used [0x00000000c2d00000, 0x00000000c2e00000)
AC   0  O    TS     5 PTAMS 0x00000000c2e00000 NTAMS 0x00000000c2e00000 space 1024K, 100% used [0x00000000c2e00000, 0x00000000c2f00000)
AC   0  O    TS     5 PTAMS 0x00000000c2f00000 NTAMS 0x00000000c2f00000 space 1024K, 100% used [0x00000000c2f00000, 0x00000000c3000000)
AC   0  O    TS     0 PTAMS 0x00000000c3100000 NTAMS 0x00000000c3100000 space 1024K, 100% used [0x00000000c3000000, 0x00000000c3100000)
AC   0  O    TS     5 PTAMS 0x00000000c3100000 NTAMS 0x00000000c3100000 space 1024K, 100% used [0x00000000c3100000, 0x00000000c3200000)
AC   0 HS    TS     0 PTAMS 0x00000000c3280010 NTAMS 0x00000000c3280010 space 1024K,  50% used [0x00000000c3200000, 0x00000000c3300000)
AC   0  O    TS     5 PTAMS 0x00000000c3300000 NTAMS 0x00000000c3300000 space 1024K, 100% used [0x00000000c3300000, 0x00000000c3400000)
AC   0  O    TS     5 PTAMS 0x00000000c3400000 NTAMS 0x00000000c3400000 space 1024K, 100% used [0x00000000c3400000, 0x00000000c3500000)
AC   0  F    TS     0 PTAMS 0x00000000c3500000 NTAMS 0x00000000c3500000 space 1024K,   0% used [0x00000000c3500000, 0x00000000c3600000)
AC   0  O    TS     0 PTAMS 0x00000000c3700000 NTAMS 0x00000000c3700000 space 1024K, 100% used [0x00000000c3600000, 0x00000000c3700000)
AC   0  O    TS     0 PTAMS 0x00000000c3800000 NTAMS 0x00000000c3800000 space 1024K, 100% used [0x00000000c3700000, 0x00000000c3800000)
AC   0  O    TS     0 PTAMS 0x00000000c3900000 NTAMS 0x00000000c3900000 space 1024K, 100% used [0x00000000c3800000, 0x00000000c3900000)
AC   0  F    TS     0 PTAMS 0x00000000c3900000 NTAMS 0x00000000c3900000 space 1024K,   0% used [0x00000000c3900000, 0x00000000c3a00000)
AC   0  O    TS     5 PTAMS 0x00000000c3a00000 NTAMS 0x00000000c3a00000 space 1024K, 100% used [0x00000000c3a00000, 0x00000000c3b00000)
AC   0  O    TS     5 PTAMS 0x00000000c3b00000 NTAMS 0x00000000c3b00000 space 1024K, 100% used [0x00000000c3b00000, 0x00000000c3c00000)
AC   0  O    TS     5 PTAMS 0x00000000c3c00000 NTAMS 0x00000000c3c00000 space 1024K, 100% used [0x00000000c3c00000, 0x00000000c3d00000)
AC   0  O    TS     5 PTAMS 0x00000000c3d00000 NTAMS 0x00000000c3d00000 space 1024K, 100% used [0x00000000c3d00000, 0x00000000c3e00000)
AC   0  F    TS     0 PTAMS 0x00000000c3e00000 NTAMS 0x00000000c3e00000 space 1024K,   0% used [0x00000000c3e00000, 0x00000000c3f00000)
AC   0  O    TS     0 PTAMS 0x00000000c4000000 NTAMS 0x00000000c4000000 space 1024K, 100% used [0x00000000c3f00000, 0x00000000c4000000)
AC   0  F    TS     0 PTAMS 0x00000000c4000000 NTAMS 0x00000000c4000000 space 1024K,   0% used [0x00000000c4000000, 0x00000000c4100000)
AC   0  F    TS     0 PTAMS 0x00000000c4100000 NTAMS 0x00000000c4100000 space 1024K,   0% used [0x00000000c4100000, 0x00000000c4200000)
AC   0  F    TS     0 PTAMS 0x00000000c4200000 NTAMS 0x00000000c4200000 space 1024K,   0% used [0x00000000c4200000, 0x00000000c4300000)
AC   0  F    TS     0 PTAMS 0x00000000c4300000 NTAMS 0x00000000c4300000 space 1024K,   0% used [0x00000000c4300000, 0x00000000c4400000)
AC   0  O    TS     0 PTAMS 0x00000000c4500000 NTAMS 0x00000000c4500000 space 1024K, 100% used [0x00000000c4400000, 0x00000000c4500000)
AC   0  O    TS     0 PTAMS 0x00000000c4600000 NTAMS 0x00000000c4600000 space 1024K, 100% used [0x00000000c4500000, 0x00000000c4600000)
AC   0  O    TS     0 PTAMS 0x00000000c4700000 NTAMS 0x00000000c4700000 space 1024K, 100% used [0x00000000c4600000, 0x00000000c4700000)
AC   0  O    TS     0 PTAMS 0x00000000c4800000 NTAMS 0x00000000c4800000 space 1024K, 100% used [0x00000000c4700000, 0x00000000c4800000)
AC   0  O    TS     0 PTAMS 0x00000000c4900000 NTAMS 0x00000000c4900000 space 1024K, 100% used [0x00000000c4800000, 0x00000000c4900000)
AC   0  O    TS     0 PTAMS 0x00000000c4a00000 NTAMS 0x00000000c4a00000 space 1024K, 100% used [0x00000000c4900000, 0x00000000c4a00000)
AC   0  F    TS     0 PTAMS 0x00000000c4a00000 NTAMS 0x00000000c4a00000 space 1024K,   0% used [0x00000000c4a00000, 0x00000000c4b00000)
AC   0  O    TS     0 PTAMS 0x00000000c4c00000 NTAMS 0x00000000c4c00000 space 1024K, 100% used [0x00000000c4b00000, 0x00000000c4c00000)
AC   0  O    TS     0 PTAMS 0x00000000c4d00000 NTAMS 0x00000000c4d00000 space 1024K, 100% used [0x00000000c4c00000, 0x00000000c4d00000)
AC   0  O    TS     0 PTAMS 0x00000000c4e00000 NTAMS 0x00000000c4e00000 space 1024K, 100% used [0x00000000c4d00000, 0x00000000c4e00000)
AC   0  O    TS     0 PTAMS 0x00000000c4f00000 NTAMS 0x00000000c4f00000 space 1024K, 100% used [0x00000000c4e00000, 0x00000000c4f00000)
AC   0  O    TS     0 PTAMS 0x00000000c5000000 NTAMS 0x00000000c5000000 space 1024K, 100% used [0x00000000c4f00000, 0x00000000c5000000)
AC   0  F    TS     0 PTAMS 0x00000000c5000000 NTAMS 0x00000000c5000000 space 1024K,   0% used [0x00000000c5000000, 0x00000000c5100000)
AC   0  O    TS     0 PTAMS 0x00000000c5200000 NTAMS 0x00000000c5200000 space 1024K, 100% used [0x00000000c5100000, 0x00000000c5200000)
AC   0  F    TS     0 PTAMS 0x00000000c5200000 NTAMS 0x00000000c5200000 space 1024K,   0% used [0x00000000c5200000, 0x00000000c5300000)
AC   0  F    TS     0 PTAMS 0x00000000c5300000 NTAMS 0x00000000c5300000 space 1024K,   0% used [0x00000000c5300000, 0x00000000c5400000)
AC   0  F    TS     0 PTAMS 0x00000000c5400000 NTAMS 0x00000000c5400000 space 1024K,   0% used [0x00000000c5400000, 0x00000000c5500000)
AC   0  F    TS     0 PTAMS 0x00000000c5500000 NTAMS 0x00000000c5500000 space 1024K,   0% used [0x00000000c5500000, 0x00000000c5600000)
AC   0  O    TS     0 PTAMS 0x00000000c5700000 NTAMS 0x00000000c5700000 space 1024K, 100% used [0x00000000c5600000, 0x00000000c5700000)
AC   0  O    TS     0 PTAMS 0x00000000c5800000 NTAMS 0x00000000c5800000 space 1024K, 100% used [0x00000000c5700000, 0x00000000c5800000)
AC   0  F    TS    23 PTAMS 0x00000000c5800000 NTAMS 0x00000000c5800000 space 1024K,   0% used [0x00000000c5800000, 0x00000000c5900000)
AC   0  F    TS    23 PTAMS 0x00000000c5900000 NTAMS 0x00000000c5900000 space 1024K,   0% used [0x00000000c5900000, 0x00000000c5a00000)
AC   0  O    TS     0 PTAMS 0x00000000c5b00000 NTAMS 0x00000000c5b00000 space 1024K, 100% used [0x00000000c5a00000, 0x00000000c5b00000)
AC   0  O    TS     0 PTAMS 0x00000000c5c00000 NTAMS 0x00000000c5c00000 space 1024K, 100% used [0x00000000c5b00000, 0x00000000c5c00000)
AC   0  O    TS     3 PTAMS 0x00000000c5c00000 NTAMS 0x00000000c5c00000 space 1024K, 100% used [0x00000000c5c00000, 0x00000000c5d00000)
AC   0  F    TS    23 PTAMS 0x00000000c5d00000 NTAMS 0x00000000c5d00000 space 1024K,   0% used [0x00000000c5d00000, 0x00000000c5e00000)
AC   0  O    TS     3 PTAMS 0x00000000c5e00000 NTAMS 0x00000000c5e00000 space 1024K, 100% used [0x00000000c5e00000, 0x00000000c5f00000)
AC   0  F    TS    21 PTAMS 0x00000000c5f00000 NTAMS 0x00000000c5f00000 space 1024K,   0% used [0x00000000c5f00000, 0x00000000c6000000)
AC   0  O    TS     0 PTAMS 0x00000000c6100000 NTAMS 0x00000000c6100000 space 1024K, 100% used [0x00000000c6000000, 0x00000000c6100000)
AC   0  O    TS     0 PTAMS 0x00000000c6200000 NTAMS 0x00000000c6200000 space 1024K, 100% used [0x00000000c6100000, 0x00000000c6200000)
AC   0  O    TS     0 PTAMS 0x00000000c6300000 NTAMS 0x00000000c6300000 space 1024K, 100% used [0x00000000c6200000, 0x00000000c6300000)
AC   0  O    TS     0 PTAMS 0x00000000c6400000 NTAMS 0x00000000c6400000 space 1024K, 100% used [0x00000000c6300000, 0x00000000c6400000)
AC   0  O    TS     0 PTAMS 0x00000000c6500000 NTAMS 0x00000000c6500000 space 1024K, 100% used [0x00000000c6400000, 0x00000000c6500000)
AC   0  O    TS     0 PTAMS 0x00000000c6600000 NTAMS 0x00000000c6600000 space 1024K, 100% used [0x00000000c6500000, 0x00000000c6600000)
AC   0  O    TS     0 PTAMS 0x00000000c6700000 NTAMS 0x00000000c6700000 space 1024K, 100% used [0x00000000c6600000, 0x00000000c6700000)
AC   0  F    TS    21 PTAMS 0x00000000c6700000 NTAMS 0x00000000c6700000 space 1024K,   0% used [0x00000000c6700000, 0x00000000c6800000)
AC   0  F    TS    23 PTAMS 0x00000000c6800000 NTAMS 0x00000000c6800000 space 1024K,   0% used [0x00000000c6800000, 0x00000000c6900000)
AC   0  O    TS     3 PTAMS 0x00000000c6980200 NTAMS 0x00000000c6980200 space 1024K, 100% used [0x00000000c6900000, 0x00000000c6a00000)
AC   0  O    TS     3 PTAMS 0x00000000c6a00000 NTAMS 0x00000000c6a00000 space 1024K, 100% used [0x00000000c6a00000, 0x00000000c6b00000)
AC   0  F    TS    23 PTAMS 0x00000000c6b00000 NTAMS 0x00000000c6b00000 space 1024K,   0% used [0x00000000c6b00000, 0x00000000c6c00000)
AC   0  F    TS    23 PTAMS 0x00000000c6c00000 NTAMS 0x00000000c6c00000 space 1024K,   0% used [0x00000000c6c00000, 0x00000000c6d00000)
AC   0  O    TS     3 PTAMS 0x00000000c6d00000 NTAMS 0x00000000c6d00000 space 1024K, 100% used [0x00000000c6d00000, 0x00000000c6e00000)
AC   0  O    TS     3 PTAMS 0x00000000c6e00000 NTAMS 0x00000000c6e00000 space 1024K, 100% used [0x00000000c6e00000, 0x00000000c6f00000)
AC   0  O    TS     3 PTAMS 0x00000000c6f00000 NTAMS 0x00000000c6f00000 space 1024K, 100% used [0x00000000c6f00000, 0x00000000c7000000)
AC   0  O    TS     3 PTAMS 0x00000000c7000000 NTAMS 0x00000000c7000000 space 1024K, 100% used [0x00000000c7000000, 0x00000000c7100000)
AC   0  F    TS    23 PTAMS 0x00000000c7100000 NTAMS 0x00000000c7100000 space 1024K,   0% used [0x00000000c7100000, 0x00000000c7200000)
AC   0  O    TS     3 PTAMS 0x00000000c7200000 NTAMS 0x00000000c7200000 space 1024K, 100% used [0x00000000c7200000, 0x00000000c7300000)
AC   0  O    TS     3 PTAMS 0x00000000c7300000 NTAMS 0x00000000c7300000 space 1024K, 100% used [0x00000000c7300000, 0x00000000c7400000)
AC   0  O    TS     5 PTAMS 0x00000000c7400000 NTAMS 0x00000000c7400000 space 1024K, 100% used [0x00000000c7400000, 0x00000000c7500000)
AC   0  F    TS    23 PTAMS 0x00000000c7500000 NTAMS 0x00000000c7500000 space 1024K,   0% used [0x00000000c7500000, 0x00000000c7600000)
AC   0  F    TS    23 PTAMS 0x00000000c7600000 NTAMS 0x00000000c7600000 space 1024K,   0% used [0x00000000c7600000, 0x00000000c7700000)
AC   0  F    TS    25 PTAMS 0x00000000c7700000 NTAMS 0x00000000c7700000 space 1024K,   0% used [0x00000000c7700000, 0x00000000c7800000)
AC   0  F    TS    25 PTAMS 0x00000000c7800000 NTAMS 0x00000000c7800000 space 1024K,   0% used [0x00000000c7800000, 0x00000000c7900000)
AC   0  F    TS    25 PTAMS 0x00000000c7900000 NTAMS 0x00000000c7900000 space 1024K,   0% used [0x00000000c7900000, 0x00000000c7a00000)
AC   0  F    TS    25 PTAMS 0x00000000c7a00000 NTAMS 0x00000000c7a00000 space 1024K,   0% used [0x00000000c7a00000, 0x00000000c7b00000)
AC   0  F    TS    25 PTAMS 0x00000000c7b00000 NTAMS 0x00000000c7b00000 space 1024K,   0% used [0x00000000c7b00000, 0x00000000c7c00000)
AC   0  F    TS    25 PTAMS 0x00000000c7c00000 NTAMS 0x00000000c7c00000 space 1024K,   0% used [0x00000000c7c00000, 0x00000000c7d00000)
AC   0  F    TS    23 PTAMS 0x00000000c7d00000 NTAMS 0x00000000c7d00000 space 1024K,   0% used [0x00000000c7d00000, 0x00000000c7e00000)
AC   0  F    TS    23 PTAMS 0x00000000c7e00000 NTAMS 0x00000000c7e00000 space 1024K,   0% used [0x00000000c7e00000, 0x00000000c7f00000)
AC   0  F    TS    23 PTAMS 0x00000000c7f00000 NTAMS 0x00000000c7f00000 space 1024K,   0% used [0x00000000c7f00000, 0x00000000c8000000)
AC   0  F    TS    23 PTAMS 0x00000000c8000000 NTAMS 0x00000000c8000000 space 1024K,   0% used [0x00000000c8000000, 0x00000000c8100000)
AC   0  F    TS    25 PTAMS 0x00000000c8100000 NTAMS 0x00000000c8100000 space 1024K,   0% used [0x00000000c8100000, 0x00000000c8200000)
AC   0  F    TS    25 PTAMS 0x00000000c8200000 NTAMS 0x00000000c8200000 space 1024K,   0% used [0x00000000c8200000, 0x00000000c8300000)
AC   0  F    TS    25 PTAMS 0x00000000c8300000 NTAMS 0x00000000c8300000 space 1024K,   0% used [0x00000000c8300000, 0x00000000c8400000)
AC   0  F    TS    25 PTAMS 0x00000000c8400000 NTAMS 0x00000000c8400000 space 1024K,   0% used [0x00000000c8400000, 0x00000000c8500000)
AC   0  F    TS    25 PTAMS 0x00000000c8500000 NTAMS 0x00000000c8500000 space 1024K,   0% used [0x00000000c8500000, 0x00000000c8600000)
AC   0  F    TS    25 PTAMS 0x00000000c8600000 NTAMS 0x00000000c8600000 space 1024K,   0% used [0x00000000c8600000, 0x00000000c8700000)
AC   0  F    TS    25 PTAMS 0x00000000c8700000 NTAMS 0x00000000c8700000 space 1024K,   0% used [0x00000000c8700000, 0x00000000c8800000)
AC   0  F    TS    25 PTAMS 0x00000000c8800000 NTAMS 0x00000000c8800000 space 1024K,   0% used [0x00000000c8800000, 0x00000000c8900000)
AC   0  F    TS    25 PTAMS 0x00000000c8900000 NTAMS 0x00000000c8900000 space 1024K,   0% used [0x00000000c8900000, 0x00000000c8a00000)
AC   0  F    TS    25 PTAMS 0x00000000c8a00000 NTAMS 0x00000000c8a00000 space 1024K,   0% used [0x00000000c8a00000, 0x00000000c8b00000)
AC   0  S CS TS    27 PTAMS 0x00000000c8b00000 NTAMS 0x00000000c8b00000 space 1024K,  99% used [0x00000000c8b00000, 0x00000000c8c00000)
AC   0  S CS TS    27 PTAMS 0x00000000c8c00000 NTAMS 0x00000000c8c00000 space 1024K, 100% used [0x00000000c8c00000, 0x00000000c8d00000)
AC   0  S CS TS    27 PTAMS 0x00000000c8d00000 NTAMS 0x00000000c8d00000 space 1024K, 100% used [0x00000000c8d00000, 0x00000000c8e00000)
AC   0  S CS TS    27 PTAMS 0x00000000c8e00000 NTAMS 0x00000000c8e00000 space 1024K, 100% used [0x00000000c8e00000, 0x00000000c8f00000)
AC   0  S CS TS    27 PTAMS 0x00000000c8f00000 NTAMS 0x00000000c8f00000 space 1024K, 100% used [0x00000000c8f00000, 0x00000000c9000000)
AC   0  S CS TS    27 PTAMS 0x00000000c9000000 NTAMS 0x00000000c9000000 space 1024K, 100% used [0x00000000c9000000, 0x00000000c9100000)
AC   0  S CS TS    27 PTAMS 0x00000000c9100000 NTAMS 0x00000000c9100000 space 1024K, 100% used [0x00000000c9100000, 0x00000000c9200000)
AC   0  S CS TS    27 PTAMS 0x00000000c9200000 NTAMS 0x00000000c9200000 space 1024K, 100% used [0x00000000c9200000, 0x00000000c9300000)
AC   0  S CS TS    27 PTAMS 0x00000000c9300000 NTAMS 0x00000000c9300000 space 1024K, 100% used [0x00000000c9300000, 0x00000000c9400000)
AC   0  F    TS     0 PTAMS 0x00000000c9400000 NTAMS 0x00000000c9400000 space 1024K,   0% used [0x00000000c9400000, 0x00000000c9500000)
AC   0  F    TS     0 PTAMS 0x00000000c9500000 NTAMS 0x00000000c9500000 space 1024K,   0% used [0x00000000c9500000, 0x00000000c9600000)
AC   0  F    TS     0 PTAMS 0x00000000c9600000 NTAMS 0x00000000c9600000 space 1024K,   0% used [0x00000000c9600000, 0x00000000c9700000)
AC   0  F    TS     0 PTAMS 0x00000000c9700000 NTAMS 0x00000000c9700000 space 1024K,   0% used [0x00000000c9700000, 0x00000000c9800000)
AC   0  F    TS     1 PTAMS 0x00000000c9800000 NTAMS 0x00000000c9800000 space 1024K,   0% used [0x00000000c9800000, 0x00000000c9900000)
AC   0  F    TS     1 PTAMS 0x00000000c9900000 NTAMS 0x00000000c9900000 space 1024K,   0% used [0x00000000c9900000, 0x00000000c9a00000)
AC   0  F    TS     1 PTAMS 0x00000000c9a00000 NTAMS 0x00000000c9a00000 space 1024K,   0% used [0x00000000c9a00000, 0x00000000c9b00000)
AC   0  F    TS     1 PTAMS 0x00000000c9b00000 NTAMS 0x00000000c9b00000 space 1024K,   0% used [0x00000000c9b00000, 0x00000000c9c00000)
AC   0  F    TS     1 PTAMS 0x00000000c9c00000 NTAMS 0x00000000c9c00000 space 1024K,   0% used [0x00000000c9c00000, 0x00000000c9d00000)
AC   0  F    TS     0 PTAMS 0x00000000c9d00000 NTAMS 0x00000000c9d00000 space 1024K,   0% used [0x00000000c9d00000, 0x00000000c9e00000)
AC   0  F    TS     0 PTAMS 0x00000000c9e00000 NTAMS 0x00000000c9e00000 space 1024K,   0% used [0x00000000c9e00000, 0x00000000c9f00000)
AC   0  F    TS     0 PTAMS 0x00000000c9f00000 NTAMS 0x00000000c9f00000 space 1024K,   0% used [0x00000000c9f00000, 0x00000000ca000000)
AC   0  F    TS     0 PTAMS 0x00000000ca000000 NTAMS 0x00000000ca000000 space 1024K,   0% used [0x00000000ca000000, 0x00000000ca100000)
AC   0  F    TS     0 PTAMS 0x00000000ca100000 NTAMS 0x00000000ca100000 space 1024K,   0% used [0x00000000ca100000, 0x00000000ca200000)
AC   0  F    TS     0 PTAMS 0x00000000ca200000 NTAMS 0x00000000ca200000 space 1024K,   0% used [0x00000000ca200000, 0x00000000ca300000)
AC   0  F    TS     0 PTAMS 0x00000000ca300000 NTAMS 0x00000000ca300000 space 1024K,   0% used [0x00000000ca300000, 0x00000000ca400000)
AC   0  F    TS     0 PTAMS 0x00000000ca400000 NTAMS 0x00000000ca400000 space 1024K,   0% used [0x00000000ca400000, 0x00000000ca500000)
AC   0  F    TS     0 PTAMS 0x00000000ca500000 NTAMS 0x00000000ca500000 space 1024K,   0% used [0x00000000ca500000, 0x00000000ca600000)
AC   0  F    TS     0 PTAMS 0x00000000ca600000 NTAMS 0x00000000ca600000 space 1024K,   0% used [0x00000000ca600000, 0x00000000ca700000)
AC   0  F    TS     0 PTAMS 0x00000000ca700000 NTAMS 0x00000000ca700000 space 1024K,   0% used [0x00000000ca700000, 0x00000000ca800000)
AC   0  F    TS     0 PTAMS 0x00000000ca800000 NTAMS 0x00000000ca800000 space 1024K,   0% used [0x00000000ca800000, 0x00000000ca900000)
AC   0  E    TS     0 PTAMS 0x00000000ca900000 NTAMS 0x00000000ca900000 space 1024K,  43% used [0x00000000ca900000, 0x00000000caa00000)
AC   0  E CS TS     0 PTAMS 0x00000000caa00000 NTAMS 0x00000000caa00000 space 1024K, 100% used [0x00000000caa00000, 0x00000000cab00000)
AC   0  E CS TS     0 PTAMS 0x00000000cab00000 NTAMS 0x00000000cab00000 space 1024K, 100% used [0x00000000cab00000, 0x00000000cac00000)
AC   0  E CS TS     0 PTAMS 0x00000000cac00000 NTAMS 0x00000000cac00000 space 1024K, 100% used [0x00000000cac00000, 0x00000000cad00000)
AC   0  E CS TS     0 PTAMS 0x00000000cad00000 NTAMS 0x00000000cad00000 space 1024K, 100% used [0x00000000cad00000, 0x00000000cae00000)
AC   0  E CS TS     0 PTAMS 0x00000000cae00000 NTAMS 0x00000000cae00000 space 1024K, 100% used [0x00000000cae00000, 0x00000000caf00000)
AC   0  E CS TS     0 PTAMS 0x00000000caf00000 NTAMS 0x00000000caf00000 space 1024K, 100% used [0x00000000caf00000, 0x00000000cb000000)
AC   0  E CS TS     0 PTAMS 0x00000000cb000000 NTAMS 0x00000000cb000000 space 1024K, 100% used [0x00000000cb000000, 0x00000000cb100000)
AC   0  E CS TS     0 PTAMS 0x00000000cb100000 NTAMS 0x00000000cb100000 space 1024K, 100% used [0x00000000cb100000, 0x00000000cb200000)
AC   0  E CS TS     0 PTAMS 0x00000000cb200000 NTAMS 0x00000000cb200000 space 1024K, 100% used [0x00000000cb200000, 0x00000000cb300000)
AC   0  E CS TS     0 PTAMS 0x00000000cb300000 NTAMS 0x00000000cb300000 space 1024K, 100% used [0x00000000cb300000, 0x00000000cb400000)
AC   0  E CS TS     0 PTAMS 0x00000000cb400000 NTAMS 0x00000000cb400000 space 1024K, 100% used [0x00000000cb400000, 0x00000000cb500000)
AC   0  E CS TS     0 PTAMS 0x00000000cb500000 NTAMS 0x00000000cb500000 space 1024K, 100% used [0x00000000cb500000, 0x00000000cb600000)
AC   0  E CS TS     0 PTAMS 0x00000000cb600000 NTAMS 0x00000000cb600000 space 1024K, 100% used [0x00000000cb600000, 0x00000000cb700000)
AC   0  E CS TS     0 PTAMS 0x00000000cb700000 NTAMS 0x00000000cb700000 space 1024K, 100% used [0x00000000cb700000, 0x00000000cb800000)
AC   0  E CS TS     0 PTAMS 0x00000000cb800000 NTAMS 0x00000000cb800000 space 1024K, 100% used [0x00000000cb800000, 0x00000000cb900000)
AC   0  E CS TS     0 PTAMS 0x00000000cb900000 NTAMS 0x00000000cb900000 space 1024K, 100% used [0x00000000cb900000, 0x00000000cba00000)
AC   0  E CS TS     0 PTAMS 0x00000000cba00000 NTAMS 0x00000000cba00000 space 1024K, 100% used [0x00000000cba00000, 0x00000000cbb00000)
AC   0  E CS TS     0 PTAMS 0x00000000cbb00000 NTAMS 0x00000000cbb00000 space 1024K, 100% used [0x00000000cbb00000, 0x00000000cbc00000)
AC   0  E CS TS     0 PTAMS 0x00000000cbc00000 NTAMS 0x00000000cbc00000 space 1024K, 100% used [0x00000000cbc00000, 0x00000000cbd00000)
AC   0  E CS TS     0 PTAMS 0x00000000cbd00000 NTAMS 0x00000000cbd00000 space 1024K, 100% used [0x00000000cbd00000, 0x00000000cbe00000)
AC   0  E CS TS     0 PTAMS 0x00000000cbe00000 NTAMS 0x00000000cbe00000 space 1024K, 100% used [0x00000000cbe00000, 0x00000000cbf00000)
AC   0  E CS TS     0 PTAMS 0x00000000cbf00000 NTAMS 0x00000000cbf00000 space 1024K, 100% used [0x00000000cbf00000, 0x00000000cc000000)
AC   0  E CS TS     0 PTAMS 0x00000000cc000000 NTAMS 0x00000000cc000000 space 1024K, 100% used [0x00000000cc000000, 0x00000000cc100000)
AC   0  E CS TS     0 PTAMS 0x00000000cc100000 NTAMS 0x00000000cc100000 space 1024K, 100% used [0x00000000cc100000, 0x00000000cc200000)
AC   0  E CS TS     0 PTAMS 0x00000000cc200000 NTAMS 0x00000000cc200000 space 1024K, 100% used [0x00000000cc200000, 0x00000000cc300000)
AC   0  E CS TS     0 PTAMS 0x00000000cc300000 NTAMS 0x00000000cc300000 space 1024K, 100% used [0x00000000cc300000, 0x00000000cc400000)
AC   0  E CS TS     0 PTAMS 0x00000000cc400000 NTAMS 0x00000000cc400000 space 1024K, 100% used [0x00000000cc400000, 0x00000000cc500000)
AC   0  E CS TS     0 PTAMS 0x00000000cc500000 NTAMS 0x00000000cc500000 space 1024K, 100% used [0x00000000cc500000, 0x00000000cc600000)
AC   0  E CS TS     0 PTAMS 0x00000000cc600000 NTAMS 0x00000000cc600000 space 1024K, 100% used [0x00000000cc600000, 0x00000000cc700000)
AC   0  E CS TS     0 PTAMS 0x00000000cc700000 NTAMS 0x00000000cc700000 space 1024K, 100% used [0x00000000cc700000, 0x00000000cc800000)
AC   0  E CS TS     0 PTAMS 0x00000000cc800000 NTAMS 0x00000000cc800000 space 1024K, 100% used [0x00000000cc800000, 0x00000000cc900000)
AC   0  E CS TS     0 PTAMS 0x00000000cc900000 NTAMS 0x00000000cc900000 space 1024K, 100% used [0x00000000cc900000, 0x00000000cca00000)
AC   0  E CS TS     0 PTAMS 0x00000000cca00000 NTAMS 0x00000000cca00000 space 1024K, 100% used [0x00000000cca00000, 0x00000000ccb00000)
AC   0  E CS TS     0 PTAMS 0x00000000ccb00000 NTAMS 0x00000000ccb00000 space 1024K, 100% used [0x00000000ccb00000, 0x00000000ccc00000)
AC   0  E CS TS     0 PTAMS 0x00000000ccc00000 NTAMS 0x00000000ccc00000 space 1024K, 100% used [0x00000000ccc00000, 0x00000000ccd00000)
AC   0  E CS TS     0 PTAMS 0x00000000ccd00000 NTAMS 0x00000000ccd00000 space 1024K, 100% used [0x00000000ccd00000, 0x00000000cce00000)
AC   0  E CS TS     0 PTAMS 0x00000000cce00000 NTAMS 0x00000000cce00000 space 1024K, 100% used [0x00000000cce00000, 0x00000000ccf00000)
AC   0  E CS TS     0 PTAMS 0x00000000ccf00000 NTAMS 0x00000000ccf00000 space 1024K, 100% used [0x00000000ccf00000, 0x00000000cd000000)
AC   0  E CS TS     0 PTAMS 0x00000000cd000000 NTAMS 0x00000000cd000000 space 1024K, 100% used [0x00000000cd000000, 0x00000000cd100000)
AC   0  E CS TS     0 PTAMS 0x00000000cd100000 NTAMS 0x00000000cd100000 space 1024K, 100% used [0x00000000cd100000, 0x00000000cd200000)
AC   0  E CS TS     0 PTAMS 0x00000000cd200000 NTAMS 0x00000000cd200000 space 1024K, 100% used [0x00000000cd200000, 0x00000000cd300000)
AC   0  E CS TS     0 PTAMS 0x00000000cd300000 NTAMS 0x00000000cd300000 space 1024K, 100% used [0x00000000cd300000, 0x00000000cd400000)
AC   0  E CS TS     0 PTAMS 0x00000000cd400000 NTAMS 0x00000000cd400000 space 1024K, 100% used [0x00000000cd400000, 0x00000000cd500000)
AC   0  E CS TS     0 PTAMS 0x00000000cd500000 NTAMS 0x00000000cd500000 space 1024K, 100% used [0x00000000cd500000, 0x00000000cd600000)
AC   0  E CS TS     0 PTAMS 0x00000000cd600000 NTAMS 0x00000000cd600000 space 1024K, 100% used [0x00000000cd600000, 0x00000000cd700000)
AC   0  E CS TS     0 PTAMS 0x00000000cd700000 NTAMS 0x00000000cd700000 space 1024K, 100% used [0x00000000cd700000, 0x00000000cd800000)
AC   0  E CS TS     0 PTAMS 0x00000000cd800000 NTAMS 0x00000000cd800000 space 1024K, 100% used [0x00000000cd800000, 0x00000000cd900000)
AC   0  E CS TS     0 PTAMS 0x00000000cd900000 NTAMS 0x00000000cd900000 space 1024K, 100% used [0x00000000cd900000, 0x00000000cda00000)
AC   0  E CS TS     0 PTAMS 0x00000000cda00000 NTAMS 0x00000000cda00000 space 1024K, 100% used [0x00000000cda00000, 0x00000000cdb00000)
AC   0  E CS TS     0 PTAMS 0x00000000cdb00000 NTAMS 0x00000000cdb00000 space 1024K, 100% used [0x00000000cdb00000, 0x00000000cdc00000)
AC   0  E CS TS     0 PTAMS 0x00000000cdc00000 NTAMS 0x00000000cdc00000 space 1024K, 100% used [0x00000000cdc00000, 0x00000000cdd00000)
AC   0  E CS TS     0 PTAMS 0x00000000cdd00000 NTAMS 0x00000000cdd00000 space 1024K, 100% used [0x00000000cdd00000, 0x00000000cde00000)
AC   0  E CS TS     0 PTAMS 0x00000000cde00000 NTAMS 0x00000000cde00000 space 1024K, 100% used [0x00000000cde00000, 0x00000000cdf00000)
AC   0  E CS TS     0 PTAMS 0x00000000cdf00000 NTAMS 0x00000000cdf00000 space 1024K, 100% used [0x00000000cdf00000, 0x00000000ce000000)
AC   0  E CS TS     0 PTAMS 0x00000000ce000000 NTAMS 0x00000000ce000000 space 1024K, 100% used [0x00000000ce000000, 0x00000000ce100000)
AC   0  E CS TS     0 PTAMS 0x00000000ce100000 NTAMS 0x00000000ce100000 space 1024K, 100% used [0x00000000ce100000, 0x00000000ce200000)
AC   0  E CS TS     0 PTAMS 0x00000000ce200000 NTAMS 0x00000000ce200000 space 1024K, 100% used [0x00000000ce200000, 0x00000000ce300000)
AC   0  E CS TS     0 PTAMS 0x00000000ce300000 NTAMS 0x00000000ce300000 space 1024K, 100% used [0x00000000ce300000, 0x00000000ce400000)
AC   0  E CS TS     0 PTAMS 0x00000000ce400000 NTAMS 0x00000000ce400000 space 1024K, 100% used [0x00000000ce400000, 0x00000000ce500000)
AC   0  E CS TS     0 PTAMS 0x00000000ce500000 NTAMS 0x00000000ce500000 space 1024K, 100% used [0x00000000ce500000, 0x00000000ce600000)
AC   0  E CS TS     0 PTAMS 0x00000000ce600000 NTAMS 0x00000000ce600000 space 1024K, 100% used [0x00000000ce600000, 0x00000000ce700000)
AC   0  E CS TS     0 PTAMS 0x00000000ce700000 NTAMS 0x00000000ce700000 space 1024K, 100% used [0x00000000ce700000, 0x00000000ce800000)
AC   0  E CS TS     0 PTAMS 0x00000000ce800000 NTAMS 0x00000000ce800000 space 1024K, 100% used [0x00000000ce800000, 0x00000000ce900000)
AC   0  E CS TS     0 PTAMS 0x00000000ce900000 NTAMS 0x00000000ce900000 space 1024K, 100% used [0x00000000ce900000, 0x00000000cea00000)
AC   0  E CS TS     0 PTAMS 0x00000000cea00000 NTAMS 0x00000000cea00000 space 1024K, 100% used [0x00000000cea00000, 0x00000000ceb00000)
AC   0  E CS TS     0 PTAMS 0x00000000ceb00000 NTAMS 0x00000000ceb00000 space 1024K, 100% used [0x00000000ceb00000, 0x00000000cec00000)
AC   0  E CS TS     0 PTAMS 0x00000000cec00000 NTAMS 0x00000000cec00000 space 1024K, 100% used [0x00000000cec00000, 0x00000000ced00000)
AC   0  E CS TS     0 PTAMS 0x00000000ced00000 NTAMS 0x00000000ced00000 space 1024K, 100% used [0x00000000ced00000, 0x00000000cee00000)
AC   0  E CS TS     0 PTAMS 0x00000000cee00000 NTAMS 0x00000000cee00000 space 1024K, 100% used [0x00000000cee00000, 0x00000000cef00000)
AC   0  E CS TS     0 PTAMS 0x00000000cef00000 NTAMS 0x00000000cef00000 space 1024K, 100% used [0x00000000cef00000, 0x00000000cf000000)
AC   0  E CS TS     0 PTAMS 0x00000000cf000000 NTAMS 0x00000000cf000000 space 1024K, 100% used [0x00000000cf000000, 0x00000000cf100000)
AC   0  E CS TS     0 PTAMS 0x00000000cf100000 NTAMS 0x00000000cf100000 space 1024K, 100% used [0x00000000cf100000, 0x00000000cf200000)
AC   0  E CS TS     5 PTAMS 0x00000000cf200000 NTAMS 0x00000000cf200000 space 1024K, 100% used [0x00000000cf200000, 0x00000000cf300000)
AC   0  E CS TS     5 PTAMS 0x00000000cf300000 NTAMS 0x00000000cf300000 space 1024K, 100% used [0x00000000cf300000, 0x00000000cf400000)
AC   0  E CS TS     0 PTAMS 0x00000000cf400000 NTAMS 0x00000000cf400000 space 1024K, 100% used [0x00000000cf400000, 0x00000000cf500000)
AC   0  E CS TS     0 PTAMS 0x00000000cf500000 NTAMS 0x00000000cf500000 space 1024K, 100% used [0x00000000cf500000, 0x00000000cf600000)
AC   0  E CS TS     0 PTAMS 0x00000000cf600000 NTAMS 0x00000000cf600000 space 1024K, 100% used [0x00000000cf600000, 0x00000000cf700000)
AC   0  E CS TS     0 PTAMS 0x00000000cf700000 NTAMS 0x00000000cf700000 space 1024K, 100% used [0x00000000cf700000, 0x00000000cf800000)
AC   0  E CS TS     3 PTAMS 0x00000000cf800000 NTAMS 0x00000000cf800000 space 1024K, 100% used [0x00000000cf800000, 0x00000000cf900000)
AC   0  E CS TS     3 PTAMS 0x00000000cf900000 NTAMS 0x00000000cf900000 space 1024K, 100% used [0x00000000cf900000, 0x00000000cfa00000)
AC   0  E CS TS     0 PTAMS 0x00000000cfa00000 NTAMS 0x00000000cfa00000 space 1024K, 100% used [0x00000000cfa00000, 0x00000000cfb00000)
AC   0  E CS TS     0 PTAMS 0x00000000cfb00000 NTAMS 0x00000000cfb00000 space 1024K, 100% used [0x00000000cfb00000, 0x00000000cfc00000)
AC   0  E CS TS     0 PTAMS 0x00000000cfc00000 NTAMS 0x00000000cfc00000 space 1024K, 100% used [0x00000000cfc00000, 0x00000000cfd00000)
AC   0  E CS TS     0 PTAMS 0x00000000cfd00000 NTAMS 0x00000000cfd00000 space 1024K, 100% used [0x00000000cfd00000, 0x00000000cfe00000)
AC   0  E CS TS     0 PTAMS 0x00000000cfe00000 NTAMS 0x00000000cfe00000 space 1024K, 100% used [0x00000000cfe00000, 0x00000000cff00000)
AC   0  E CS TS     0 PTAMS 0x00000000cff00000 NTAMS 0x00000000cff00000 space 1024K, 100% used [0x00000000cff00000, 0x00000000d0000000)

Card table byte_map: [0x0000000012d10000,0x0000000012f10000] byte_map_base: 0x0000000012710000

Marking Bits (Prev, Next): (CMBitMap*) 0x0000000002748778, (CMBitMap*) 0x00000000027487d0
 Prev Bits: [0x0000000013110000, 0x0000000014110000)
 Next Bits: [0x0000000014110000, 0x0000000015110000)

Polling page: 0x0000000000760000

CodeCache: size=245760Kb used=67740Kb max_used=67781Kb free=178019Kb
 bounds [0x0000000002810000, 0x0000000006ab0000, 0x0000000011810000]
 total_blobs=17589 nmethods=16601 adapters=893
 compilation: enabled

Compilation events (10 events):
Event: 1959.291 Thread 0x000000001840a800 nmethod 22236 0x0000000006a90650 code [0x0000000006a907a0, 0x0000000006a90910]
Event: 1959.291 Thread 0x000000001840a800 22235       3       org.eclipse.epp.logging.aeri.core.util.Statuses$TraceFingerprintComputer::caseStackTraceElement (63 bytes)
Event: 1959.293 Thread 0x00000000183bb000 nmethod 22237 0x0000000006a93750 code [0x0000000006a93880, 0x0000000006a939d8]
Event: 1959.293 Thread 0x000000001840a800 nmethod 22235 0x0000000006a91910 code [0x0000000006a91bc0, 0x0000000006a92e08]
Event: 1959.293 Thread 0x000000001840a800 22238       1       java.lang.StackTraceElement::getLineNumber (5 bytes)
Event: 1959.293 Thread 0x000000001840a800 nmethod 22238 0x0000000006a91650 code [0x0000000006a917a0, 0x0000000006a918b0]
Event: 1959.294 Thread 0x00000000183bb000 22239       4       java.nio.Buffer::<init> (121 bytes)
Event: 1959.294 Thread 0x000000001840a800 22240       3       com.google.common.hash.AbstractStreamingHashFunction$AbstractStreamingHasher::munchIfFull (17 bytes)
Event: 1959.294 Thread 0x000000001840a800 nmethod 22240 0x0000000006a91150 code [0x0000000006a912c0, 0x0000000006a91568]
Event: 1959.296 Thread 0x00000000183bb000 nmethod 22239 0x0000000006a90c50 code [0x0000000006a90da0, 0x0000000006a90f58]

GC Heap History (10 events):
Event: 1473.302 GC heap before
{Heap before GC invocations=45 (full 0):
 garbage-first heap   total 262144K, used 228352K [0x00000000c0000000, 0x00000000c0100800, 0x0000000100000000)
  region size 1024K, 137 young (140288K), 6 survivors (6144K)
 Metaspace       used 109853K, capacity 119598K, committed 120060K, reserved 1153024K
  class space    used 12962K, capacity 15995K, committed 16124K, reserved 1048576K
Event: 1473.319 GC heap after
Heap after GC invocations=46 (full 0):
 garbage-first heap   total 262144K, used 94720K [0x00000000c0000000, 0x00000000c0100800, 0x0000000100000000)
  region size 1024K, 6 young (6144K), 6 survivors (6144K)
 Metaspace       used 109853K, capacity 119598K, committed 120060K, reserved 1153024K
  class space    used 12962K, capacity 15995K, committed 16124K, reserved 1048576K
}
Event: 1637.632 GC heap before
{Heap before GC invocations=46 (full 0):
 garbage-first heap   total 262144K, used 228864K [0x00000000c0000000, 0x00000000c0100800, 0x0000000100000000)
  region size 1024K, 137 young (140288K), 6 survivors (6144K)
 Metaspace       used 110019K, capacity 119726K, committed 120060K, reserved 1153024K
  class space    used 12963K, capacity 15995K, committed 16124K, reserved 1048576K
Event: 1637.651 GC heap after
Heap after GC invocations=47 (full 0):
 garbage-first heap   total 262144K, used 96256K [0x00000000c0000000, 0x00000000c0100800, 0x0000000100000000)
  region size 1024K, 8 young (8192K), 8 survivors (8192K)
 Metaspace       used 110019K, capacity 119726K, committed 120060K, reserved 1153024K
  class space    used 12963K, capacity 15995K, committed 16124K, reserved 1048576K
}
Event: 1799.395 GC heap before
{Heap before GC invocations=47 (full 0):
 garbage-first heap   total 262144K, used 226304K [0x00000000c0000000, 0x00000000c0100800, 0x0000000100000000)
  region size 1024K, 135 young (138240K), 8 survivors (8192K)
 Metaspace       used 110150K, capacity 119984K, committed 120316K, reserved 1153024K
  class space    used 12969K, capacity 15996K, committed 16124K, reserved 1048576K
Event: 1799.426 GC heap after
Heap after GC invocations=48 (full 0):
 garbage-first heap   total 262144K, used 101888K [0x00000000c0000000, 0x00000000c0100800, 0x0000000100000000)
  region size 1024K, 13 young (13312K), 13 survivors (13312K)
 Metaspace       used 110150K, capacity 119984K, committed 120316K, reserved 1153024K
  class space    used 12969K, capacity 15996K, committed 16124K, reserved 1048576K
}
Event: 1836.753 GC heap before
{Heap before GC invocations=48 (full 0):
 garbage-first heap   total 262144K, used 221696K [0x00000000c0000000, 0x00000000c0100800, 0x0000000100000000)
  region size 1024K, 130 young (133120K), 13 survivors (13312K)
 Metaspace       used 110487K, capacity 120208K, committed 120572K, reserved 1153024K
  class space    used 12999K, capacity 16028K, committed 16124K, reserved 1048576K
Event: 1836.789 GC heap after
Heap after GC invocations=49 (full 0):
 garbage-first heap   total 262144K, used 106687K [0x00000000c0000000, 0x00000000c0100800, 0x0000000100000000)
  region size 1024K, 16 young (16384K), 16 survivors (16384K)
 Metaspace       used 110487K, capacity 120208K, committed 120572K, reserved 1153024K
  class space    used 12999K, capacity 16028K, committed 16124K, reserved 1048576K
}
Event: 1876.074 GC heap before
{Heap before GC invocations=49 (full 0):
 garbage-first heap   total 262144K, used 217279K [0x00000000c0000000, 0x00000000c0100800, 0x0000000100000000)
  region size 1024K, 124 young (126976K), 16 survivors (16384K)
 Metaspace       used 110713K, capacity 120470K, committed 120828K, reserved 1155072K
  class space    used 13028K, capacity 16029K, committed 16124K, reserved 1048576K
Event: 1876.121 GC heap after
Heap after GC invocations=50 (full 0):
 garbage-first heap   total 262144K, used 105921K [0x00000000c0000000, 0x00000000c0100800, 0x0000000100000000)
  region size 1024K, 9 young (9216K), 9 survivors (9216K)
 Metaspace       used 110713K, capacity 120470K, committed 120828K, reserved 1155072K
  class space    used 13028K, capacity 16029K, committed 16124K, reserved 1048576K
}

Deoptimization events (10 events):
Event: 1958.805 Thread 0x0000000002711000 Uncommon trap: reason=bimorphic action=maybe_recompile pc=0x00000000050bfa14 method=org.eclipse.jface.viewers.ColumnViewer.getViewerColumn(I)Lorg/eclipse/jface/viewers/ViewerColumn; @ 2
Event: 1958.806 Thread 0x0000000002711000 Uncommon trap: reason=bimorphic action=maybe_recompile pc=0x00000000050bfa14 method=org.eclipse.jface.viewers.ColumnViewer.getViewerColumn(I)Lorg/eclipse/jface/viewers/ViewerColumn; @ 2
Event: 1958.808 Thread 0x0000000002711000 Uncommon trap: reason=bimorphic action=maybe_recompile pc=0x00000000050bfa14 method=org.eclipse.jface.viewers.ColumnViewer.getViewerColumn(I)Lorg/eclipse/jface/viewers/ViewerColumn; @ 2
Event: 1958.809 Thread 0x0000000002711000 Uncommon trap: reason=bimorphic action=maybe_recompile pc=0x00000000050bfa14 method=org.eclipse.jface.viewers.ColumnViewer.getViewerColumn(I)Lorg/eclipse/jface/viewers/ViewerColumn; @ 2
Event: 1959.145 Thread 0x000000001a7b8800 Uncommon trap: reason=unstable_if action=reinterpret pc=0x000000000389c6dc method=java.util.Hashtable.<init>(IF)V @ 81
Event: 1959.251 Thread 0x000000001e642000 Uncommon trap: reason=predicate action=maybe_recompile pc=0x0000000003aa18b4 method=java.lang.String.regionMatches(ZILjava/lang/String;II)Z @ 63
Event: 1959.298 Thread 0x000000001e642000 Uncommon trap: reason=bimorphic action=maybe_recompile pc=0x0000000005723c14 method=org.apache.lucene.store.DataInput.readVInt()I @ 1
Event: 1959.299 Thread 0x000000001e642000 Uncommon trap: reason=bimorphic action=maybe_recompile pc=0x0000000005723c14 method=org.apache.lucene.store.DataInput.readVInt()I @ 1
Event: 1959.299 Thread 0x000000001e642000 Uncommon trap: reason=bimorphic action=maybe_recompile pc=0x0000000005723c14 method=org.apache.lucene.store.DataInput.readVInt()I @ 1
Event: 1959.299 Thread 0x000000001e642000 Uncommon trap: reason=bimorphic action=maybe_recompile pc=0x0000000005723c14 method=org.apache.lucene.store.DataInput.readVInt()I @ 1

Internal exceptions (10 events):
Event: 1958.103 Thread 0x000000001a7b5800 Exception <a 'java/io/FileNotFoundException'> (0x00000000cb85bda8) thrown at [C:\re\workspace\8-2-build-windows-amd64-cygwin\jdk8u60\4407\hotspot\src\share\vm\prims\jni.cpp, line 709]
Event: 1958.103 Thread 0x000000001a7b5800 Exception <a 'java/io/FileNotFoundException'> (0x00000000cb85df70) thrown at [C:\re\workspace\8-2-build-windows-amd64-cygwin\jdk8u60\4407\hotspot\src\share\vm\prims\jni.cpp, line 709]
Event: 1958.104 Thread 0x000000001a7b5800 Exception <a 'java/io/FileNotFoundException'> (0x00000000cb85f5b8) thrown at [C:\re\workspace\8-2-build-windows-amd64-cygwin\jdk8u60\4407\hotspot\src\share\vm\prims\jni.cpp, line 709]
Event: 1958.142 Thread 0x0000000002711000 Implicit null exception at 0x00000000041d9aff to 0x00000000041d9dda
Event: 1958.143 Thread 0x0000000002711000 Implicit null exception at 0x000000000658120b to 0x000000000658222d
Event: 1958.150 Thread 0x0000000002711000 Exception <a 'java/io/FileNotFoundException'> (0x00000000cbbde348) thrown at [C:\re\workspace\8-2-build-windows-amd64-cygwin\jdk8u60\4407\hotspot\src\share\vm\prims\jni.cpp, line 709]
Event: 1958.187 Thread 0x000000001a7b5800 Exception <a 'java/io/FileNotFoundException'> (0x00000000cb60abd8) thrown at [C:\re\workspace\8-2-build-windows-amd64-cygwin\jdk8u60\4407\hotspot\src\share\vm\prims\jni.cpp, line 709]
Event: 1958.467 Thread 0x0000000002711000 Exception <a 'java/io/FileNotFoundException'> (0x00000000cb10c890) thrown at [C:\re\workspace\8-2-build-windows-amd64-cygwin\jdk8u60\4407\hotspot\src\share\vm\prims\jni.cpp, line 709]
Event: 1958.753 Thread 0x000000001a7b8800 Exception <a 'java/io/FileNotFoundException'> (0x00000000cb9522f0) thrown at [C:\re\workspace\8-2-build-windows-amd64-cygwin\jdk8u60\4407\hotspot\src\share\vm\prims\jni.cpp, line 709]
Event: 1958.913 Thread 0x000000001a7b8800 Exception <a 'java/io/FileNotFoundException'> (0x00000000cb952e90) thrown at [C:\re\workspace\8-2-build-windows-amd64-cygwin\jdk8u60\4407\hotspot\src\share\vm\prims\jni.cpp, line 709]

Events (10 events):
Event: 1959.298 Thread 0x000000001e642000 DEOPT UNPACKING pc=0x000000000285582a sp=0x000000002654dd18 mode 2
Event: 1959.299 Thread 0x000000001e642000 Uncommon trap: trap_request=0xffffffc6 fr.pc=0x0000000005723c14
Event: 1959.299 Thread 0x000000001e642000 DEOPT PACKING pc=0x0000000005723c14 sp=0x000000002654dde0
Event: 1959.299 Thread 0x000000001e642000 DEOPT UNPACKING pc=0x000000000285582a sp=0x000000002654dd98 mode 2
Event: 1959.299 Thread 0x000000001e642000 Uncommon trap: trap_request=0xffffffc6 fr.pc=0x0000000005723c14
Event: 1959.299 Thread 0x000000001e642000 DEOPT PACKING pc=0x0000000005723c14 sp=0x000000002654dd60
Event: 1959.299 Thread 0x000000001e642000 DEOPT UNPACKING pc=0x000000000285582a sp=0x000000002654dd18 mode 2
Event: 1959.299 Thread 0x000000001e642000 Uncommon trap: trap_request=0xffffffc6 fr.pc=0x0000000005723c14
Event: 1959.299 Thread 0x000000001e642000 DEOPT PACKING pc=0x0000000005723c14 sp=0x000000002654dde0
Event: 1959.299 Thread 0x000000001e642000 DEOPT UNPACKING pc=0x000000000285582a sp=0x000000002654dd98 mode 2


Dynamic libraries:
0x00007ff7b3bb0000 - 0x00007ff7b3be7000 	C:\ProgramData\Oracle\Java\javapath\javaw.exe
0x00007ffe9e810000 - 0x00007ffe9e9e1000 	C:\WINDOWS\SYSTEM32\ntdll.dll
0x00007ffe9dc50000 - 0x00007ffe9dcfb000 	C:\WINDOWS\System32\KERNEL32.DLL
0x00007ffe9bac0000 - 0x00007ffe9bcdd000 	C:\WINDOWS\System32\KERNELBASE.dll
0x00007ffe9d7a0000 - 0x00007ffe9d842000 	C:\WINDOWS\System32\ADVAPI32.dll
0x00007ffe9e030000 - 0x00007ffe9e0ce000 	C:\WINDOWS\System32\msvcrt.dll
0x00007ffe9de00000 - 0x00007ffe9de59000 	C:\WINDOWS\System32\sechost.dll
0x00007ffe9db20000 - 0x00007ffe9dc41000 	C:\WINDOWS\System32\RPCRT4.dll
0x00007ffe9e600000 - 0x00007ffe9e765000 	C:\WINDOWS\System32\USER32.dll
0x00007ffe9bd80000 - 0x00007ffe9bd9e000 	C:\WINDOWS\System32\win32u.dll
0x00007ffe9d2d0000 - 0x00007ffe9d304000 	C:\WINDOWS\System32\GDI32.dll
0x00007ffe9aed0000 - 0x00007ffe9b052000 	C:\WINDOWS\System32\gdi32full.dll
0x00007ffe8fde0000 - 0x00007ffe9005a000 	C:\WINDOWS\WinSxS\amd64_microsoft.windows.common-controls_6595b64144ccf1df_6.0.14393.953_none_42151e83c686086b\COMCTL32.dll
0x00007ffe9d850000 - 0x00007ffe9db18000 	C:\WINDOWS\System32\combase.dll
0x00007ffe9b060000 - 0x00007ffe9b155000 	C:\WINDOWS\System32\ucrtbase.dll
0x00007ffe9b270000 - 0x00007ffe9b2da000 	C:\WINDOWS\System32\bcryptPrimitives.dll
0x00007ffe9e0d0000 - 0x00007ffe9e0fe000 	C:\WINDOWS\System32\IMM32.DLL
0x0000000067380000 - 0x0000000067452000 	C:\Program Files\Java\jre1.8.0_60\bin\msvcr100.dll
0x00000000668b0000 - 0x0000000067139000 	C:\Program Files\Java\jre1.8.0_60\bin\server\jvm.dll
0x00007ffe9e160000 - 0x00007ffe9e168000 	C:\WINDOWS\System32\PSAPI.DLL
0x00007ffe8f120000 - 0x00007ffe8f12a000 	C:\WINDOWS\SYSTEM32\VERSION.dll
0x00007ffe990d0000 - 0x00007ffe990f3000 	C:\WINDOWS\SYSTEM32\WINMM.dll
0x00007ffe92150000 - 0x00007ffe92159000 	C:\WINDOWS\SYSTEM32\WSOCK32.dll
0x00007ffe9e250000 - 0x00007ffe9e2ba000 	C:\WINDOWS\System32\WS2_32.dll
0x00007ffe99070000 - 0x00007ffe9909b000 	C:\WINDOWS\SYSTEM32\WINMMBASE.dll
0x00007ffe9b2e0000 - 0x00007ffe9b322000 	C:\WINDOWS\System32\cfgmgr32.dll
0x0000000067370000 - 0x000000006737f000 	C:\Program Files\Java\jre1.8.0_60\bin\verify.dll
0x0000000067340000 - 0x0000000067369000 	C:\Program Files\Java\jre1.8.0_60\bin\java.dll
0x0000000067320000 - 0x0000000067336000 	C:\Program Files\Java\jre1.8.0_60\bin\zip.dll
0x00007ffe9bda0000 - 0x00007ffe9d2a9000 	C:\WINDOWS\System32\SHELL32.dll
0x00007ffe9b3e0000 - 0x00007ffe9baba000 	C:\WINDOWS\System32\windows.storage.dll
0x00007ffe9acb0000 - 0x00007ffe9acfc000 	C:\WINDOWS\System32\powrprof.dll
0x00007ffe9d740000 - 0x00007ffe9d792000 	C:\WINDOWS\System32\shlwapi.dll
0x00007ffe9aca0000 - 0x00007ffe9acaf000 	C:\WINDOWS\System32\kernel.appcore.dll
0x00007ffe9b330000 - 0x00007ffe9b3d9000 	C:\WINDOWS\System32\shcore.dll
0x00007ffe9ac80000 - 0x00007ffe9ac94000 	C:\WINDOWS\System32\profapi.dll
0x00007ffe9a6e0000 - 0x00007ffe9a6f7000 	C:\WINDOWS\SYSTEM32\CRYPTSP.dll
0x00007ffe9a140000 - 0x00007ffe9a173000 	C:\WINDOWS\system32\rsaenh.dll
0x00007ffe9abb0000 - 0x00007ffe9abdb000 	C:\WINDOWS\SYSTEM32\bcrypt.dll
0x00007ffe9a3c0000 - 0x00007ffe9a3df000 	C:\WINDOWS\SYSTEM32\USERENV.dll
0x00007ffe9a700000 - 0x00007ffe9a70b000 	C:\WINDOWS\SYSTEM32\CRYPTBASE.dll
0x0000000067300000 - 0x000000006731a000 	C:\Program Files\Java\jre1.8.0_60\bin\net.dll
0x00007ffe9a540000 - 0x00007ffe9a59c000 	C:\WINDOWS\system32\mswsock.dll
0x00007ffe9a2c0000 - 0x00007ffe9a2f8000 	C:\WINDOWS\SYSTEM32\IPHLPAPI.DLL
0x00007ffe9d2c0000 - 0x00007ffe9d2c8000 	C:\WINDOWS\System32\NSI.dll
0x00007ffe92e20000 - 0x00007ffe92e36000 	C:\WINDOWS\SYSTEM32\dhcpcsvc6.DLL
0x00007ffe92f90000 - 0x00007ffe92faa000 	C:\WINDOWS\SYSTEM32\dhcpcsvc.DLL
0x00000000672e0000 - 0x00000000672f1000 	C:\Program Files\Java\jre1.8.0_60\bin\nio.dll
0x0000000072000000 - 0x0000000072012000 	C:\Users\Benjamin\Eclipse_Neon\eclipse\plugins\org.eclipse.equinox.launcher.win32.win32.x86_64_1.1.400.v20160518-1444\eclipse_1617.dll
0x00007ffe993d0000 - 0x00007ffe99465000 	C:\WINDOWS\system32\uxtheme.dll
0x00007ffe9ded0000 - 0x00007ffe9e02a000 	C:\WINDOWS\System32\MSCTF.dll
0x00007ffe9e170000 - 0x00007ffe9e22f000 	C:\WINDOWS\System32\OLEAUT32.dll
0x00007ffe9bce0000 - 0x00007ffe9bd7c000 	C:\WINDOWS\System32\msvcp_win.dll
0x00007ffe90e20000 - 0x00007ffe90eb8000 	C:\Program Files\Common Files\microsoft shared\ink\tiptsf.dll
0x00007ffe9e770000 - 0x00007ffe9e80f000 	C:\WINDOWS\System32\clbcatq.dll
0x00007ffe96760000 - 0x00007ffe9690a000 	C:\Windows\System32\uiautomationcore.dll
0x00007ffe9ab10000 - 0x00007ffe9aba8000 	C:\WINDOWS\SYSTEM32\sxs.dll
0x00007ffe91180000 - 0x00007ffe911e5000 	C:\Windows\System32\OLEACC.dll
0x00007ffe890a0000 - 0x00007ffe890b6000 	C:\WINDOWS\system32\napinsp.dll
0x00007ffe85a40000 - 0x00007ffe85a5a000 	C:\WINDOWS\system32\pnrpnsp.dll
0x00007ffe98380000 - 0x00007ffe98398000 	C:\WINDOWS\system32\NLAapi.dll
0x00007ffe9a300000 - 0x00007ffe9a3a1000 	C:\WINDOWS\SYSTEM32\DNSAPI.dll
0x00007ffe85a30000 - 0x00007ffe85a3e000 	C:\WINDOWS\System32\winrnr.dll
0x00007ffe85a10000 - 0x00007ffe85a25000 	C:\WINDOWS\System32\wshbth.dll
0x00007ffe87da0000 - 0x00007ffe87daa000 	C:\Windows\System32\rasadhlp.dll
0x00007ffe8fc30000 - 0x00007ffe8fc9a000 	C:\WINDOWS\System32\fwpuclnt.dll
0x00007ffe9e320000 - 0x00007ffe9e457000 	C:\WINDOWS\System32\ole32.dll
0x000000001b940000 - 0x000000001b9e7000 	C:\Users\Benjamin\Eclipse_Neon\eclipse\configuration\org.eclipse.osgi\391\0\.cp\swt-win32-4623.dll
0x00007ffe9dd00000 - 0x00007ffe9ddfa000 	C:\WINDOWS\System32\comdlg32.dll
0x00007ffe9ad00000 - 0x00007ffe9aec9000 	C:\WINDOWS\System32\CRYPT32.dll
0x00007ffe9ac70000 - 0x00007ffe9ac80000 	C:\WINDOWS\System32\MSASN1.dll
0x00007ffe94760000 - 0x00007ffe947e6000 	C:\WINDOWS\SYSTEM32\WINSPOOL.DRV
0x00007ffe94a80000 - 0x00007ffe94a99000 	C:\WINDOWS\SYSTEM32\USP10.dll
0x00007ffe84590000 - 0x00007ffe8485a000 	C:\WINDOWS\SYSTEM32\WININET.dll
0x00007ffe99040000 - 0x00007ffe99066000 	C:\WINDOWS\system32\dwmapi.dll
0x00007ffe98b00000 - 0x00007ffe98c85000 	C:\WINDOWS\SYSTEM32\propsys.dll
0x00007ffe932e0000 - 0x00007ffe932f0000 	C:\WINDOWS\SYSTEM32\LINKINFO.dll
0x000000001c670000 - 0x000000001c68e000 	C:\Users\Benjamin\Eclipse_Neon\eclipse\configuration\org.eclipse.osgi\391\0\.cp\swt-gdip-win32-4623.dll
0x00007ffe88390000 - 0x00007ffe8852a000 	C:\WINDOWS\WinSxS\amd64_microsoft.windows.gdiplus_6595b64144ccf1df_1.1.14393.953_none_7300116921188239\gdiplus.dll
0x00007ffe98190000 - 0x00007ffe98338000 	C:\WINDOWS\SYSTEM32\WindowsCodecs.dll
0x00007ffe84470000 - 0x00007ffe844af000 	C:\WINDOWS\system32\mlang.dll
0x0000000180000000 - 0x0000000180012000 	C:\Users\Benjamin\Eclipse_Neon\eclipse\configuration\org.eclipse.osgi\81\0\.cp\os\win32\x86_64\localfile_1_0_0.dll
0x000000001d6e0000 - 0x000000001d6ef000 	C:\Users\Benjamin\Eclipse_Neon\eclipse\configuration\org.eclipse.osgi\86\0\.cp\os\win32\x86_64\win32refresh.dll
0x00007ffe945d0000 - 0x00007ffe945e1000 	C:\Users\Benjamin\Eclipse_Neon\eclipse\configuration\org.eclipse.osgi\84\0\.cp\jWinHttp-1.0.0.dll
0x00007ffe96640000 - 0x00007ffe9670d000 	C:\WINDOWS\SYSTEM32\WINHTTP.dll
0x00007ffe991a0000 - 0x00007ffe991a7000 	C:\WINDOWS\SYSTEM32\msimg32.dll
0x0000000066880000 - 0x00000000668a4000 	C:\Program Files\Java\jre1.8.0_60\bin\sunec.dll
0x00007ffe8d5a0000 - 0x00007ffe8d5e9000 	C:\WINDOWS\system32\dataexchange.dll
0x00007ffe969b0000 - 0x00007ffe96c66000 	C:\WINDOWS\system32\d3d11.dll
0x00007ffe989a0000 - 0x00007ffe98af1000 	C:\WINDOWS\system32\dcomp.dll
0x00007ffe99bf0000 - 0x00007ffe99c8f000 	C:\WINDOWS\system32\dxgi.dll
0x00007ffe996a0000 - 0x00007ffe997bc000 	C:\WINDOWS\system32\twinapi.appcore.dll
0x00007ffe919d0000 - 0x00007ffe91c39000 	C:\WINDOWS\SYSTEM32\DWrite.dll
0x00007ffe81e80000 - 0x00007ffe82304000 	C:\WINDOWS\system32\explorerframe.dll
0x00007ffe9a010000 - 0x00007ffe9a042000 	C:\WINDOWS\SYSTEM32\ntmarta.dll
0x00007ffe991f0000 - 0x00007ffe9926a000 	C:\WINDOWS\SYSTEM32\apphelp.dll
0x00007ffe83380000 - 0x00007ffe833c8000 	C:\Program Files (x86)\Dropbox\Client\DropboxExt64.14.0.dll
0x00000000672c0000 - 0x00000000672d3000 	C:\Program Files (x86)\FileZilla FTP Client\fzshellext_64.dll
0x00007ffe844b0000 - 0x00007ffe84582000 	C:\WINDOWS\system32\ntshrui.dll
0x00007ffe9a940000 - 0x00007ffe9a96c000 	C:\WINDOWS\system32\SspiCli.dll
0x00007ffe84060000 - 0x00007ffe84086000 	C:\WINDOWS\system32\srvcli.dll
0x00007ffe86380000 - 0x00007ffe86392000 	C:\WINDOWS\SYSTEM32\cscapi.dll
0x00007ffe9a3b0000 - 0x00007ffe9a3bd000 	C:\WINDOWS\system32\netutils.dll
0x00007ffe9de60000 - 0x00007ffe9dece000 	C:\WINDOWS\System32\coml2.dll
0x00007ffe7d0e0000 - 0x00007ffe7d1aa000 	C:\WINDOWS\system32\Windows.Storage.Search.dll
0x00007ffe88f40000 - 0x00007ffe88f82000 	C:\WINDOWS\SYSTEM32\edputil.dll
0x00007ffe8fdc0000 - 0x00007ffe8fddb000 	C:\WINDOWS\SYSTEM32\MPR.dll
0x00007ffe91ee0000 - 0x00007ffe91ef6000 	C:\WINDOWS\System32\ntlanman.dll
0x00007ffe945c0000 - 0x00007ffe945cb000 	C:\WINDOWS\System32\drprov.dll
0x00007ffe9a780000 - 0x00007ffe9a7d6000 	C:\WINDOWS\System32\WINSTA.dll
0x00007ffe91750000 - 0x00007ffe91770000 	C:\WINDOWS\System32\davclnt.dll
0x00007ffe91ea0000 - 0x00007ffe91eac000 	C:\WINDOWS\System32\DAVHLPR.dll
0x00007ffe93270000 - 0x00007ffe93286000 	C:\WINDOWS\System32\wkscli.dll
0x00007ffe89210000 - 0x00007ffe89263000 	C:\Windows\System32\thumbcache.dll
0x00007ffe90b10000 - 0x00007ffe90db2000 	C:\Windows\System32\iertutil.dll
0x00007ffe86d20000 - 0x00007ffe86ee2000 	C:\WINDOWS\SYSTEM32\urlmon.dll
0x00007ffe68ff0000 - 0x00007ffe6a69c000 	C:\Windows\System32\mshtml.dll
0x00007ffe92300000 - 0x00007ffe92326000 	C:\Windows\System32\srpapi.dll
0x00007ffe7dfe0000 - 0x00007ffe7e177000 	C:\Windows\System32\ieapfltr.dll
0x00007ffe6d010000 - 0x00007ffe6d4a1000 	C:\Windows\System32\jscript9.dll
0x00007ffe945f0000 - 0x00007ffe94605000 	C:\WINDOWS\SYSTEM32\ondemandconnroutehelper.dll
0x00007ffe93040000 - 0x00007ffe9304b000 	C:\WINDOWS\SYSTEM32\WINNSI.DLL
0x00007ffe72190000 - 0x00007ffe72e18000 	C:\Windows\System32\ieframe.dll
0x00007ffe868e0000 - 0x00007ffe868f8000 	C:\Windows\System32\NETAPI32.dll
0x00007ffe93cd0000 - 0x00007ffe93ce0000 	C:\WINDOWS\system32\msimtf.dll
0x00007ffe96620000 - 0x00007ffe9662c000 	C:\WINDOWS\SYSTEM32\Secur32.dll
0x00007ffe94c50000 - 0x00007ffe951af000 	C:\Windows\System32\d2d1.dll
0x00007ffe91220000 - 0x00007ffe9129d000 	C:\WINDOWS\SYSTEM32\twinapi.dll

VM Arguments:
jvm_args: -Dosgi.requiredJavaVersion=1.8 -XX:+UseG1GC -XX:+UseStringDeduplication -Dosgi.requiredJavaVersion=1.8 -Xms256m -Xmx1024m 
java_command: C:\Users\Benjamin\Eclipse_Neon\eclipse\\plugins/org.eclipse.equinox.launcher_1.3.200.v20160318-1642.jar -os win32 -ws win32 -arch x86_64 -showsplash C:\Users\Benjamin\Eclipse_Neon\eclipse\\plugins\org.eclipse.platform_4.6.0.v20160606-1100\splash.bmp -launcher C:\Users\Benjamin\Eclipse_Neon\eclipse\eclipse.exe -name Eclipse --launcher.library C:\Users\Benjamin\Eclipse_Neon\eclipse\\plugins/org.eclipse.equinox.launcher.win32.win32.x86_64_1.1.400.v20160518-1444\eclipse_1617.dll -startup C:\Users\Benjamin\Eclipse_Neon\eclipse\\plugins/org.eclipse.equinox.launcher_1.3.200.v20160318-1642.jar --launcher.appendVmargs -exitdata 19dc_e8 -product org.eclipse.epp.package.java.product -vm C:\ProgramData\Oracle\Java\javapath\javaw.exe -vmargs -Dosgi.requiredJavaVersion=1.8 -XX:+UseG1GC -XX:+UseStringDeduplication -Dosgi.requiredJavaVersion=1.8 -Xms256m -Xmx1024m -jar C:\Users\Benjamin\Eclipse_Neon\eclipse\\plugins/org.eclipse.equinox.launcher_1.3.200.v20160318-1642.jar
java_class_path (initial): C:\Users\Benjamin\Eclipse_Neon\eclipse\\plugins/org.eclipse.equinox.launcher_1.3.200.v20160318-1642.jar
Launcher Type: SUN_STANDARD

Environment Variables:
PATH=C:\ProgramData\Oracle\Java\javapath;C:\WINDOWS\system32;C:\WINDOWS;C:\WINDOWS\System32\Wbem;C:\WINDOWS\System32\WindowsPowerShell\v1.0\;C:\Program Files (x86)\Windows Live\Shared;C:\Program Files (x86)\Skype\Phone\;C:\Program Files\Microsoft SQL Server\120\Tools\Binn\;C:\Program Files\Microsoft SQL Server\130\Tools\Binn\;C:\Program Files (x86)\Windows Kits\10\Windows Performance Toolkit\;C:\Users\Benjamin\AppData\Local\Microsoft\WindowsApps;C:\SFML\bin;
USERNAME=Benjamin
OS=Windows_NT
PROCESSOR_IDENTIFIER=Intel64 Family 6 Model 69 Stepping 1, GenuineIntel



---------------  S Y S T E M  ---------------

OS: Windows 10.0 , 64 bit Build 14393 (10.0.14393.0)

CPU:total 4 (2 cores per cpu, 2 threads per core) family 6 model 69 stepping 1, cmov, cx8, fxsr, mmx, sse, sse2, sse3, ssse3, sse4.1, sse4.2, popcnt, avx, avx2, aes, clmul, erms, lzcnt, ht, tsc, tscinvbit, bmi1, bmi2

Memory: 4k page, physical 4097096k(424176k free), swap 7618952k(969952k free)

vm_info: Java HotSpot(TM) 64-Bit Server VM (25.60-b23) for windows-amd64 JRE (1.8.0_60-b27), built on Aug  4 2015 11:06:27 by "java_re" with MS VC++ 10.0 (VS2010)

time: Mon Mar 27 18:43:15 2017
elapsed time: 1959 seconds (0d 0h 32m 39s)

